<?xml version="1.0" encoding="UTF-8"?>
<TestRun id="83e959dd-0a89-481d-971e-5899fd253aa6" name="zack@ZACK-PC 2016-04-08 08:11:24" runUser="ZACK-PC\zack" xmlns="http://microsoft.com/schemas/VisualStudio/TeamTest/2010">
  <TestSettings name="LAP" id="056dc058-e536-445f-b96f-0671d7ea1b83">
    <Description>These are default test settings for a local test run.</Description>
    <Deployment userDeploymentRoot="C:\Users\zack\.jenkins\workspace\LAP-Unittest" useDefaultDeploymentRoot="false" runDeploymentRoot="zack_ZACK-PC 2016-04-08 08_11_24">
      <DeploymentItem filename="bin\Debug\CalcAppModel.json" />
      <DeploymentItem filename="..\samples\bin\QtCore4.dll" />
      <DeploymentItem filename="bin\Debug\UnitTest\" outputDirectory="UnitTest" />
      <DeploymentItem filename="bin\Debug\WebDriver.dll" />
      <DeploymentItem filename="bin\Debug\chromedriver.exe" />
      <DeploymentItem filename="..\samples\bin\calculator.exe" />
      <DeploymentItem filename="bin\Debug\LPLogger.config.xml" />
      <DeploymentItem filename="bin\Debug\ThoughtWorks.Selenium.Core.dll" />
      <DeploymentItem filename="..\samples\bin\QtGui4.dll" />
      <DeploymentItem filename="bin\Debug\WebDriver.Support.dll" />
      <DeploymentItem filename="bin\Debug\Interop.UIAutomationClient.dll" />
      <DeploymentItem filename="bin\Debug\ObjectModel2.json" />
      <DeploymentItem filename="bin\Debug\UnitTestObjectModel1.json" />
    </Deployment>
    <Execution>
      <TestTypeSpecific>
        <UnitTestRunConfig testTypeId="13cdc9d9-ddb5-4fa4-a97d-d965ccfc6d4b">
          <AssemblyResolution>
            <TestDirectory useLoadContext="true" />
          </AssemblyResolution>
        </UnitTestRunConfig>
        <WebTestRunConfiguration testTypeId="4e7599fa-5ecb-43e9-a887-cd63cf72d207">
          <Browser name="Internet Explorer 9.0" MaxConnections="6">
            <Headers>
              <Header name="User-Agent" value="Mozilla/5.0 (compatible; MSIE 9.0; Windows NT 6.1; Trident/5.0)" />
              <Header name="Accept" value="*/*" />
              <Header name="Accept-Language" value="{{$IEAcceptLanguage}}" />
              <Header name="Accept-Encoding" value="GZIP" />
            </Headers>
          </Browser>
        </WebTestRunConfiguration>
      </TestTypeSpecific>
      <AgentRule name="LocalMachineDefaultRole">
      </AgentRule>
    </Execution>
    <Properties />
  </TestSettings>
  <Times creation="2016-04-08T08:11:24.6635471+08:00" queuing="2016-04-08T08:11:31.4260685+08:00" start="2016-04-08T08:11:31.8907740+08:00" finish="2016-04-08T08:12:55.5275312+08:00" />
  <ResultSummary outcome="Error">
    <Counters total="112" executed="112" passed="96" error="2" failed="14" timeout="0" aborted="0" inconclusive="0" passedButRunAborted="0" notRunnable="0" notExecuted="0" disconnected="0" warning="0" completed="0" inProgress="0" pending="0" />
    <Output>
      <StdErr>log4net:ERROR XmlHierarchyConfigurator: No appender named [BufferingForwardingAppender] could be found.
log4net:ERROR Appender named [BufferingForwardingAppender] not found.
log4net:ERROR XmlHierarchyConfigurator: No appender named [DebugAppender] could be found.
log4net:ERROR Appender named [DebugAppender] not found.
</StdErr>
      <DebugTrace>log4net:ERROR XmlHierarchyConfigurator: No appender named [BufferingForwardingAppender] could be found.
log4net:ERROR Appender named [BufferingForwardingAppender] not found.
log4net:ERROR XmlHierarchyConfigurator: No appender named [DebugAppender] could be found.
log4net:ERROR Appender named [DebugAppender] not found.
1
</DebugTrace>
    </Output>
    <RunInfos>
      <RunInfo computerName="ZACK-PC" outcome="Warning" timestamp="2016-04-08T08:11:27.5476401+08:00">
        <Text>警告:  测试运行部署问题:  未能获得 部署项“..\samples\bin\QtCore4.dll”由测试设置指定 的文件:  System.IO.DirectoryNotFoundException: 未能找到路径“C:\Users\zack\.jenkins\workspace\samples\bin\QtCore4.dll”的一部分。</Text>
        <Exception>System.IO.DirectoryNotFoundException: 未能找到路径“C:\Users\zack\.jenkins\workspace\samples\bin\QtCore4.dll”的一部分。
   在 System.IO.__Error.WinIOError(Int32 errorCode, String maybeFullPath)
   在 System.IO.File.GetAttributes(String path)
   在 Microsoft.VisualStudio.TestTools.Common.SingleFileProvider.GetFilePaths()
   在 Microsoft.VisualStudio.TestTools.TestManagement.DeploymentCoverageItem.GetFiles(TestRunConfiguration runConfig)
   在 Microsoft.VisualStudio.TestTools.TestManagement.DeploymentManager.DoDeployment(TestRun run, FileCopyService fileCopyService)</Exception>
      </RunInfo>
      <RunInfo computerName="ZACK-PC" outcome="Warning" timestamp="2016-04-08T08:11:30.6916276+08:00">
        <Text>警告:  测试运行部署问题:  未能获得 部署项“..\samples\bin\calculator.exe”由测试设置指定 的文件:  System.IO.DirectoryNotFoundException: 未能找到路径“C:\Users\zack\.jenkins\workspace\samples\bin\calculator.exe”的一部分。</Text>
        <Exception>System.IO.DirectoryNotFoundException: 未能找到路径“C:\Users\zack\.jenkins\workspace\samples\bin\calculator.exe”的一部分。
   在 System.IO.__Error.WinIOError(Int32 errorCode, String maybeFullPath)
   在 System.IO.File.GetAttributes(String path)
   在 Microsoft.VisualStudio.TestTools.Common.SingleFileProvider.GetFilePaths()
   在 Microsoft.VisualStudio.TestTools.TestManagement.DeploymentCoverageItem.GetFiles(TestRunConfiguration runConfig)
   在 Microsoft.VisualStudio.TestTools.TestManagement.DeploymentManager.DoDeployment(TestRun run, FileCopyService fileCopyService)</Exception>
      </RunInfo>
      <RunInfo computerName="ZACK-PC" outcome="Warning" timestamp="2016-04-08T08:11:30.7854228+08:00">
        <Text>警告:  测试运行部署问题:  未能获得 部署项“..\samples\bin\QtGui4.dll”由测试设置指定 的文件:  System.IO.DirectoryNotFoundException: 未能找到路径“C:\Users\zack\.jenkins\workspace\samples\bin\QtGui4.dll”的一部分。</Text>
        <Exception>System.IO.DirectoryNotFoundException: 未能找到路径“C:\Users\zack\.jenkins\workspace\samples\bin\QtGui4.dll”的一部分。
   在 System.IO.__Error.WinIOError(Int32 errorCode, String maybeFullPath)
   在 System.IO.File.GetAttributes(String path)
   在 Microsoft.VisualStudio.TestTools.Common.SingleFileProvider.GetFilePaths()
   在 Microsoft.VisualStudio.TestTools.TestManagement.DeploymentCoverageItem.GetFiles(TestRunConfiguration runConfig)
   在 Microsoft.VisualStudio.TestTools.TestManagement.DeploymentManager.DoDeployment(TestRun run, FileCopyService fileCopyService)</Exception>
      </RunInfo>
      <RunInfo computerName="ZACK-PC" outcome="Warning" timestamp="2016-04-08T08:11:30.8478569+08:00">
        <Text>警告:  测试运行部署问题:  未能获得 部署项“bin\Debug\Interop.UIAutomationClient.dll”由测试设置指定 的文件:  System.IO.FileNotFoundException: 未能找到文件“C:\Users\zack\.jenkins\workspace\LAP-Unittest\bin\Debug\Interop.UIAutomationClient.dll”。</Text>
        <Exception>System.IO.FileNotFoundException: 未能找到文件“C:\Users\zack\.jenkins\workspace\LAP-Unittest\bin\Debug\Interop.UIAutomationClient.dll”。
文件名:“C:\Users\zack\.jenkins\workspace\LAP-Unittest\bin\Debug\Interop.UIAutomationClient.dll”
   在 System.IO.__Error.WinIOError(Int32 errorCode, String maybeFullPath)
   在 System.IO.File.GetAttributes(String path)
   在 Microsoft.VisualStudio.TestTools.Common.SingleFileProvider.GetFilePaths()
   在 Microsoft.VisualStudio.TestTools.TestManagement.DeploymentCoverageItem.GetFiles(TestRunConfiguration runConfig)
   在 Microsoft.VisualStudio.TestTools.TestManagement.DeploymentManager.DoDeployment(TestRun run, FileCopyService fileCopyService)</Exception>
      </RunInfo>
      <RunInfo computerName="ZACK-PC" outcome="Error" timestamp="2016-04-08T08:12:55.4520949+08:00">
        <Text>类清理方法 UIAConditionMatcherTest.Cleanup 失败。错误消息:  System.InvalidOperationException: 没有与此对象关联的进程。。堆栈跟踪:     在 System.Diagnostics.Process.EnsureState(State state)
   在 System.Diagnostics.Process.get_HasExited()
   在 LPReplayCore.UnitTest.TestUtility.ExitWindowCalculator() 位置 c:\Users\zack\.jenkins\workspace\LAP\LAP\src\LPReplayCore\UnitTest\TestUtility.cs:行号 79
   在 LPUIAObjects.UnitTest.UIAConditionMatcherTest.Cleanup() 位置 c:\Users\zack\.jenkins\workspace\LAP\LAP\src\LPUIAObjects\UnitTest\UIAConditionMatcherTest.cs:行号 56
</Text>
      </RunInfo>
    </RunInfos>
  </ResultSummary>
  <TestDefinitions>
    <UnitTest name="FileChangeNotifier" storage="c:\users\zack\.jenkins\workspace\lap-unittest\bin\debug\lpreplaycore.dll" id="e2ef9746-31f5-307c-e931-0882f93762f5">
      <Execution timeOut="1800000" id="31048eb9-91ed-42a8-b64d-672fb0220644" />
      <TestMethod codeBase="C:/Users/zack/.jenkins/workspace/LAP-Unittest/bin/Debug/LPReplayCore.dll" adapterTypeName="Microsoft.VisualStudio.TestTools.TestTypes.Unit.UnitTestAdapter, Microsoft.VisualStudio.QualityTools.Tips.UnitTest.Adapter, Version=12.0.0.0, Culture=neutral, PublicKeyToken=b03f5f7f11d50a3a" className="LPReplayCore.UnitTest.TempUnitTests, LPReplayCore, Version=1.0.0.0, Culture=neutral, PublicKeyToken=null" name="FileChangeNotifier" />
    </UnitTest>
    <UnitTest name="AppModelManager_LoadReplayOnly" storage="c:\users\zack\.jenkins\workspace\lap-unittest\bin\debug\lpreplaycore.dll" id="bbd2ffca-76df-3561-d6dc-4cc92ff94e87">
      <Execution timeOut="1800000" id="32eb7693-ed3a-423f-ba64-236737234d5f" />
      <TestMethod codeBase="C:/Users/zack/.jenkins/workspace/LAP-Unittest/bin/Debug/LPReplayCore.dll" adapterTypeName="Microsoft.VisualStudio.TestTools.TestTypes.Unit.UnitTestAdapter, Microsoft.VisualStudio.QualityTools.Tips.UnitTest.Adapter, Version=12.0.0.0, Culture=neutral, PublicKeyToken=b03f5f7f11d50a3a" className="LPReplayCore.UnitTest.JsonSerializerTest, LPReplayCore, Version=1.0.0.0, Culture=neutral, PublicKeyToken=null" name="AppModelManager_LoadReplayOnly" />
    </UnitTest>
    <UnitTest name="ArrayHandlerTest" storage="c:\users\zack\.jenkins\workspace\lap-unittest\bin\debug\lpreplaycore.dll" id="f466872a-07a5-ce14-8766-689a8dd15f37">
      <Execution timeOut="1800000" id="153518c1-e276-4a1e-9ffc-ba94c15c8c77" />
      <TestMethod codeBase="C:/Users/zack/.jenkins/workspace/LAP-Unittest/bin/Debug/LPReplayCore.dll" adapterTypeName="Microsoft.VisualStudio.TestTools.TestTypes.Unit.UnitTestAdapter, Microsoft.VisualStudio.QualityTools.Tips.UnitTest.Adapter, Version=12.0.0.0, Culture=neutral, PublicKeyToken=b03f5f7f11d50a3a" className="LPReplayCore.UnitTest.TempUnitTests, LPReplayCore, Version=1.0.0.0, Culture=neutral, PublicKeyToken=null" name="ArrayHandlerTest" />
    </UnitTest>
    <UnitTest name="Snapshot_CaptureInflatedRectangle" storage="c:\users\zack\.jenkins\workspace\lap-unittest\bin\debug\lpcommon.dll" id="8aeca674-961d-2d01-1352-30335790a539">
      <Execution timeOut="1800000" id="ee9eb831-230e-44d9-afdd-49e2b449e6ae" />
      <TestMethod codeBase="C:/Users/zack/.jenkins/workspace/LAP-Unittest/bin/Debug/LPCommon.dll" adapterTypeName="Microsoft.VisualStudio.TestTools.TestTypes.Unit.UnitTestAdapter, Microsoft.VisualStudio.QualityTools.Tips.UnitTest.Adapter, Version=12.0.0.0, Culture=neutral, PublicKeyToken=b03f5f7f11d50a3a" className="LPCommon.SnapshotTest, LPCommon, Version=1.0.0.0, Culture=neutral, PublicKeyToken=bad29f7f394a2ead" name="Snapshot_CaptureInflatedRectangle" />
    </UnitTest>
    <UnitTest name="UIATestObject_NoCachedProperties" storage="c:\users\zack\.jenkins\workspace\lap-unittest\bin\debug\lpreplaycore.dll" id="73b0abb0-79b4-6104-975b-b9e38791d952">
      <Execution timeOut="1800000" id="d9e61b96-d403-460b-a14f-96afb48f34a1" />
      <TestMethod codeBase="C:/Users/zack/.jenkins/workspace/LAP-Unittest/bin/Debug/LPReplayCore.dll" adapterTypeName="Microsoft.VisualStudio.TestTools.TestTypes.Unit.UnitTestAdapter, Microsoft.VisualStudio.QualityTools.Tips.UnitTest.Adapter, Version=12.0.0.0, Culture=neutral, PublicKeyToken=b03f5f7f11d50a3a" className="LPReplayCore.UnitTest.UIATestObjectTest, LPReplayCore, Version=1.0.0.0, Culture=neutral, PublicKeyToken=null" name="UIATestObject_NoCachedProperties" />
    </UnitTest>
    <UnitTest name="LPConfig_GetUserConfigPath" storage="c:\users\zack\.jenkins\workspace\lap-unittest\bin\debug\lpreplaycore.dll" id="bc9af31f-7be1-59bf-4051-3bb7da03e6c5">
      <Execution timeOut="1800000" id="ee19c47c-f131-483b-b4d0-7dba29cb5240" />
      <TestMethod codeBase="C:/Users/zack/.jenkins/workspace/LAP-Unittest/bin/Debug/LPReplayCore.dll" adapterTypeName="Microsoft.VisualStudio.TestTools.TestTypes.Unit.UnitTestAdapter, Microsoft.VisualStudio.QualityTools.Tips.UnitTest.Adapter, Version=12.0.0.0, Culture=neutral, PublicKeyToken=b03f5f7f11d50a3a" className="LPReplayCore.UnitTest.LPConfigLoadTest, LPReplayCore, Version=1.0.0.0, Culture=neutral, PublicKeyToken=null" name="LPConfig_GetUserConfigPath" />
    </UnitTest>
    <UnitTest name="TestDragAndDrop3" storage="c:\users\zack\.jenkins\workspace\lap-unittest\bin\debug\lpwebobjects.dll" id="fee81fe5-1f17-9495-cdfd-47a9b68650c0">
      <Execution timeOut="1800000" id="58352a07-e2c2-4f7b-9418-3a5bef0abebd" />
      <TestMethod codeBase="C:/Users/zack/.jenkins/workspace/LAP-Unittest/bin/Debug/LPWebObjects.dll" adapterTypeName="Microsoft.VisualStudio.TestTools.TestTypes.Unit.UnitTestAdapter, Microsoft.VisualStudio.QualityTools.Tips.UnitTest.Adapter, Version=12.0.0.0, Culture=neutral, PublicKeyToken=b03f5f7f11d50a3a" className="LPWebObjects.UnitTest.SeleniumTest, LPWebObjects, Version=1.0.0.0, Culture=neutral, PublicKeyToken=null" name="TestDragAndDrop3" />
    </UnitTest>
    <UnitTest name="ControlSearcher_GetCondition" storage="c:\users\zack\.jenkins\workspace\lap-unittest\bin\debug\lpuiaobjects.dll" id="22bbfd8d-1aad-bbee-4ddd-69f2c2998265">
      <Execution timeOut="1800000" id="bc9ca06f-d60a-45c8-bd66-dc4dc1356b43" />
      <TestMethod codeBase="C:/Users/zack/.jenkins/workspace/LAP-Unittest/bin/Debug/LPUIAObjects.dll" adapterTypeName="Microsoft.VisualStudio.TestTools.TestTypes.Unit.UnitTestAdapter, Microsoft.VisualStudio.QualityTools.Tips.UnitTest.Adapter, Version=12.0.0.0, Culture=neutral, PublicKeyToken=b03f5f7f11d50a3a" className="LPUIAObjects.ControlSearcherTest, LPUIAObjects, Version=1.0.0.0, Culture=neutral, PublicKeyToken=null" name="ControlSearcher_GetCondition" />
    </UnitTest>
    <UnitTest name="LPLogger_WriteWarning" storage="c:\users\zack\.jenkins\workspace\lap-unittest\bin\debug\lpcommon.dll" id="116add86-0ebf-aafb-0bf9-bf61b8d1ff1d">
      <Execution timeOut="1800000" id="8f113e54-f8f8-4836-b450-129bc0f18e6b" />
      <TestMethod codeBase="C:/Users/zack/.jenkins/workspace/LAP-Unittest/bin/Debug/LPCommon.dll" adapterTypeName="Microsoft.VisualStudio.TestTools.TestTypes.Unit.UnitTestAdapter, Microsoft.VisualStudio.QualityTools.Tips.UnitTest.Adapter, Version=12.0.0.0, Culture=neutral, PublicKeyToken=b03f5f7f11d50a3a" className="LPCommon.LPLoggerTest, LPCommon, Version=1.0.0.0, Culture=neutral, PublicKeyToken=bad29f7f394a2ead" name="LPLogger_WriteWarning" />
    </UnitTest>
    <UnitTest name="LPLogger_WriteError" storage="c:\users\zack\.jenkins\workspace\lap-unittest\bin\debug\lpcommon.dll" id="e5af192a-e386-f718-6e52-0c3a78019793">
      <Execution timeOut="1800000" id="6f8df80d-fcaf-41ed-8616-7fabe936e479" />
      <TestMethod codeBase="C:/Users/zack/.jenkins/workspace/LAP-Unittest/bin/Debug/LPCommon.dll" adapterTypeName="Microsoft.VisualStudio.TestTools.TestTypes.Unit.UnitTestAdapter, Microsoft.VisualStudio.QualityTools.Tips.UnitTest.Adapter, Version=12.0.0.0, Culture=neutral, PublicKeyToken=b03f5f7f11d50a3a" className="LPCommon.LPLoggerTest, LPCommon, Version=1.0.0.0, Culture=neutral, PublicKeyToken=bad29f7f394a2ead" name="LPLogger_WriteError" />
    </UnitTest>
    <UnitTest name="ObjectDescriptor_GetObjectData" storage="c:\users\zack\.jenkins\workspace\lap-unittest\bin\debug\lpreplaycore.dll" id="855d748b-2d4c-6137-e5c0-6b48d1fa07df">
      <Execution timeOut="1800000" id="7dcac323-ec34-4cc6-93cd-3aa72e77ba4f" />
      <TestMethod codeBase="C:/Users/zack/.jenkins/workspace/LAP-Unittest/bin/Debug/LPReplayCore.dll" adapterTypeName="Microsoft.VisualStudio.TestTools.TestTypes.Unit.UnitTestAdapter, Microsoft.VisualStudio.QualityTools.Tips.UnitTest.Adapter, Version=12.0.0.0, Culture=neutral, PublicKeyToken=b03f5f7f11d50a3a" className="LPReplayCore.UnitTest.ObjectDescriptorTest, LPReplayCore, Version=1.0.0.0, Culture=neutral, PublicKeyToken=null" name="ObjectDescriptor_GetObjectData" />
    </UnitTest>
    <UnitTest name="AppModelManager_LoadFileMissing" storage="c:\users\zack\.jenkins\workspace\lap-unittest\bin\debug\lpreplaycore.dll" id="4476eac1-b497-b853-e3f2-f39078c511ad">
      <Execution timeOut="1800000" id="7082c204-546a-4ebd-a889-1ca6bd2af56c" />
      <TestMethod codeBase="C:/Users/zack/.jenkins/workspace/LAP-Unittest/bin/Debug/LPReplayCore.dll" adapterTypeName="Microsoft.VisualStudio.TestTools.TestTypes.Unit.UnitTestAdapter, Microsoft.VisualStudio.QualityTools.Tips.UnitTest.Adapter, Version=12.0.0.0, Culture=neutral, PublicKeyToken=b03f5f7f11d50a3a" className="LPReplayCore.UnitTest.JsonSerializerTest, LPReplayCore, Version=1.0.0.0, Culture=neutral, PublicKeyToken=null" name="AppModelManager_LoadFileMissing" />
    </UnitTest>
    <UnitTest name="TestDragAndDrop6" storage="c:\users\zack\.jenkins\workspace\lap-unittest\bin\debug\lpwebobjects.dll" id="e3aec1bf-9e06-4914-8bbc-6e499581254b">
      <Execution timeOut="1800000" id="bf467afe-f72d-4bc9-b71c-64740931f5d9" />
      <TestMethod codeBase="C:/Users/zack/.jenkins/workspace/LAP-Unittest/bin/Debug/LPWebObjects.dll" adapterTypeName="Microsoft.VisualStudio.TestTools.TestTypes.Unit.UnitTestAdapter, Microsoft.VisualStudio.QualityTools.Tips.UnitTest.Adapter, Version=12.0.0.0, Culture=neutral, PublicKeyToken=b03f5f7f11d50a3a" className="LPWebObjects.UnitTest.SeleniumTest, LPWebObjects, Version=1.0.0.0, Culture=neutral, PublicKeyToken=null" name="TestDragAndDrop6" />
    </UnitTest>
    <UnitTest name="TestObjectNurse_RemoveChild" storage="c:\users\zack\.jenkins\workspace\lap-unittest\bin\debug\lpreplaycore.dll" id="20765945-874a-7443-a72e-bab9977f0289">
      <Execution timeOut="1800000" id="860f27e7-ffc2-41f6-be9f-a3314511f253" />
      <TestMethod codeBase="C:/Users/zack/.jenkins/workspace/LAP-Unittest/bin/Debug/LPReplayCore.dll" adapterTypeName="Microsoft.VisualStudio.TestTools.TestTypes.Unit.UnitTestAdapter, Microsoft.VisualStudio.QualityTools.Tips.UnitTest.Adapter, Version=12.0.0.0, Culture=neutral, PublicKeyToken=b03f5f7f11d50a3a" className="LPReplayCore.UnitTest.TestObjectNurseTest, LPReplayCore, Version=1.0.0.0, Culture=neutral, PublicKeyToken=null" name="TestObjectNurse_RemoveChild" />
    </UnitTest>
    <UnitTest name="TestDragAndDrop2" storage="c:\users\zack\.jenkins\workspace\lap-unittest\bin\debug\lpwebobjects.dll" id="cef86e1f-ac14-f1f1-3473-9f1c6fa2dea3">
      <Execution timeOut="1800000" id="a2cd0510-25b7-498f-ae18-94e5a50577b8" />
      <TestMethod codeBase="C:/Users/zack/.jenkins/workspace/LAP-Unittest/bin/Debug/LPWebObjects.dll" adapterTypeName="Microsoft.VisualStudio.TestTools.TestTypes.Unit.UnitTestAdapter, Microsoft.VisualStudio.QualityTools.Tips.UnitTest.Adapter, Version=12.0.0.0, Culture=neutral, PublicKeyToken=b03f5f7f11d50a3a" className="LPWebObjects.UnitTest.SeleniumTest, LPWebObjects, Version=1.0.0.0, Culture=neutral, PublicKeyToken=null" name="TestDragAndDrop2" />
    </UnitTest>
    <UnitTest name="TestObjectNurse_ctor" storage="c:\users\zack\.jenkins\workspace\lap-unittest\bin\debug\lpreplaycore.dll" id="a89b58ac-90c3-879c-a74f-bc9a6cf6be8e">
      <Execution timeOut="1800000" id="7d9c93c5-b9b3-4c8b-b467-d12db6ca4d1b" />
      <TestMethod codeBase="C:/Users/zack/.jenkins/workspace/LAP-Unittest/bin/Debug/LPReplayCore.dll" adapterTypeName="Microsoft.VisualStudio.TestTools.TestTypes.Unit.UnitTestAdapter, Microsoft.VisualStudio.QualityTools.Tips.UnitTest.Adapter, Version=12.0.0.0, Culture=neutral, PublicKeyToken=b03f5f7f11d50a3a" className="LPReplayCore.UnitTest.TestObjectNurseTest, LPReplayCore, Version=1.0.0.0, Culture=neutral, PublicKeyToken=null" name="TestObjectNurse_ctor" />
    </UnitTest>
    <UnitTest name="AppModelManager_LoadFull" storage="c:\users\zack\.jenkins\workspace\lap-unittest\bin\debug\lpuiaobjects.dll" id="e9b20887-1981-f22c-2538-a089cd98e84f">
      <Execution timeOut="1800000" id="bf1f92bc-f444-4783-bb1b-b5c2aca1f1f2" />
      <TestMethod codeBase="C:/Users/zack/.jenkins/workspace/LAP-Unittest/bin/Debug/LPUIAObjects.dll" adapterTypeName="Microsoft.VisualStudio.TestTools.TestTypes.Unit.UnitTestAdapter, Microsoft.VisualStudio.QualityTools.Tips.UnitTest.Adapter, Version=12.0.0.0, Culture=neutral, PublicKeyToken=b03f5f7f11d50a3a" className="LPUIAObjects.UnitTest.UIAConditionTest, LPUIAObjects, Version=1.0.0.0, Culture=neutral, PublicKeyToken=null" name="AppModelManager_LoadFull" />
    </UnitTest>
    <UnitTest name="TestObjectNurse_AddTree" storage="c:\users\zack\.jenkins\workspace\lap-unittest\bin\debug\lpreplaycore.dll" id="f03aa02d-b7c1-231a-83a9-6c794fd39a54">
      <Execution timeOut="1800000" id="028b0493-8a62-4a9d-bb6e-41acc6a5e8c4" />
      <TestMethod codeBase="C:/Users/zack/.jenkins/workspace/LAP-Unittest/bin/Debug/LPReplayCore.dll" adapterTypeName="Microsoft.VisualStudio.TestTools.TestTypes.Unit.UnitTestAdapter, Microsoft.VisualStudio.QualityTools.Tips.UnitTest.Adapter, Version=12.0.0.0, Culture=neutral, PublicKeyToken=b03f5f7f11d50a3a" className="LPReplayCore.UnitTest.TestObjectNurseTest, LPReplayCore, Version=1.0.0.0, Culture=neutral, PublicKeyToken=null" name="TestObjectNurse_AddTree" />
    </UnitTest>
    <UnitTest name="ObjectDescriptor_SerializeVirtualTestObject" storage="c:\users\zack\.jenkins\workspace\lap-unittest\bin\debug\lpreplaycore.dll" id="7f6b092a-a0cd-e0e5-075b-e1565fc73957">
      <Execution timeOut="1800000" id="a8ae1a5a-b14d-4e43-8418-bc5f2d02c56e" />
      <TestMethod codeBase="C:/Users/zack/.jenkins/workspace/LAP-Unittest/bin/Debug/LPReplayCore.dll" adapterTypeName="Microsoft.VisualStudio.TestTools.TestTypes.Unit.UnitTestAdapter, Microsoft.VisualStudio.QualityTools.Tips.UnitTest.Adapter, Version=12.0.0.0, Culture=neutral, PublicKeyToken=b03f5f7f11d50a3a" className="LPReplayCore.UnitTest.ObjectDescriptorTest, LPReplayCore, Version=1.0.0.0, Culture=neutral, PublicKeyToken=null" name="ObjectDescriptor_SerializeVirtualTestObject" />
    </UnitTest>
    <UnitTest name="ObjectDescriptor_EqualsPositive" storage="c:\users\zack\.jenkins\workspace\lap-unittest\bin\debug\lpreplaycore.dll" id="0bc6b3e0-2497-0ceb-3f69-d14825cbab2e">
      <Execution timeOut="1800000" id="97bb6816-eec1-42d8-a3e3-59cb38e9311e" />
      <TestMethod codeBase="C:/Users/zack/.jenkins/workspace/LAP-Unittest/bin/Debug/LPReplayCore.dll" adapterTypeName="Microsoft.VisualStudio.TestTools.TestTypes.Unit.UnitTestAdapter, Microsoft.VisualStudio.QualityTools.Tips.UnitTest.Adapter, Version=12.0.0.0, Culture=neutral, PublicKeyToken=b03f5f7f11d50a3a" className="LPReplayCore.UnitTest.ObjectDescriptorTest, LPReplayCore, Version=1.0.0.0, Culture=neutral, PublicKeyToken=null" name="ObjectDescriptor_EqualsPositive" />
    </UnitTest>
    <UnitTest name="ObjectDescriptor_Serialization" storage="c:\users\zack\.jenkins\workspace\lap-unittest\bin\debug\lpreplaycore.dll" id="55d14987-2e11-1614-e351-a422f0bfe140">
      <Execution timeOut="1800000" id="ce44cbb0-5e65-4188-be3e-45091bc9657f" />
      <TestMethod codeBase="C:/Users/zack/.jenkins/workspace/LAP-Unittest/bin/Debug/LPReplayCore.dll" adapterTypeName="Microsoft.VisualStudio.TestTools.TestTypes.Unit.UnitTestAdapter, Microsoft.VisualStudio.QualityTools.Tips.UnitTest.Adapter, Version=12.0.0.0, Culture=neutral, PublicKeyToken=b03f5f7f11d50a3a" className="LPReplayCore.UnitTest.ObjectDescriptorTest, LPReplayCore, Version=1.0.0.0, Culture=neutral, PublicKeyToken=null" name="ObjectDescriptor_Serialization" />
    </UnitTest>
    <UnitTest name="DataRowExtension_ToEntity" storage="c:\users\zack\.jenkins\workspace\lap-unittest\bin\debug\lpcommon.dll" id="1cc439d1-960c-fbfe-28e7-1fc5037db04e">
      <Execution timeOut="1800000" id="b2e1eccf-e836-4f77-947c-2df83e92bba0" />
      <TestMethod codeBase="C:/Users/zack/.jenkins/workspace/LAP-Unittest/bin/Debug/LPCommon.dll" adapterTypeName="Microsoft.VisualStudio.TestTools.TestTypes.Unit.UnitTestAdapter, Microsoft.VisualStudio.QualityTools.Tips.UnitTest.Adapter, Version=12.0.0.0, Culture=neutral, PublicKeyToken=b03f5f7f11d50a3a" className="LPCommon.DataRowExtensionTest, LPCommon, Version=1.0.0.0, Culture=neutral, PublicKeyToken=bad29f7f394a2ead" name="DataRowExtension_ToEntity" />
    </UnitTest>
    <UnitTest name="ControlSearcher_GetTOTest" storage="c:\users\zack\.jenkins\workspace\lap-unittest\bin\debug\lpuiaobjects.dll" id="41241e95-695d-4548-089e-82b57a4e66f8">
      <Execution timeOut="1800000" id="42e086da-7a36-4fe9-90e7-281214c0a782" />
      <TestMethod codeBase="C:/Users/zack/.jenkins/workspace/LAP-Unittest/bin/Debug/LPUIAObjects.dll" adapterTypeName="Microsoft.VisualStudio.TestTools.TestTypes.Unit.UnitTestAdapter, Microsoft.VisualStudio.QualityTools.Tips.UnitTest.Adapter, Version=12.0.0.0, Culture=neutral, PublicKeyToken=b03f5f7f11d50a3a" className="LPUIAObjects.ControlSearcherTest, LPUIAObjects, Version=1.0.0.0, Culture=neutral, PublicKeyToken=null" name="ControlSearcher_GetTOTest" />
    </UnitTest>
    <UnitTest name="TestObjectNurse_NodeName" storage="c:\users\zack\.jenkins\workspace\lap-unittest\bin\debug\lpreplaycore.dll" id="92a55033-1839-5bd6-a11d-d61877d9abea">
      <Execution timeOut="1800000" id="8e1fb45c-fd3c-4414-8d2f-2c133218dd06" />
      <TestMethod codeBase="C:/Users/zack/.jenkins/workspace/LAP-Unittest/bin/Debug/LPReplayCore.dll" adapterTypeName="Microsoft.VisualStudio.TestTools.TestTypes.Unit.UnitTestAdapter, Microsoft.VisualStudio.QualityTools.Tips.UnitTest.Adapter, Version=12.0.0.0, Culture=neutral, PublicKeyToken=b03f5f7f11d50a3a" className="LPReplayCore.UnitTest.TestObjectNurseTest, LPReplayCore, Version=1.0.0.0, Culture=neutral, PublicKeyToken=null" name="TestObjectNurse_NodeName" />
    </UnitTest>
    <UnitTest name="TestObjectNurse_AddChild_NurseObject" storage="c:\users\zack\.jenkins\workspace\lap-unittest\bin\debug\lpreplaycore.dll" id="8544c72b-57a6-fb09-80c4-df6996dc2937">
      <Execution timeOut="1800000" id="96beaba8-947b-4e79-a9a8-e5293ce7eb1a" />
      <TestMethod codeBase="C:/Users/zack/.jenkins/workspace/LAP-Unittest/bin/Debug/LPReplayCore.dll" adapterTypeName="Microsoft.VisualStudio.TestTools.TestTypes.Unit.UnitTestAdapter, Microsoft.VisualStudio.QualityTools.Tips.UnitTest.Adapter, Version=12.0.0.0, Culture=neutral, PublicKeyToken=b03f5f7f11d50a3a" className="LPReplayCore.UnitTest.TestObjectNurseTest, LPReplayCore, Version=1.0.0.0, Culture=neutral, PublicKeyToken=null" name="TestObjectNurse_AddChild_NurseObject" />
    </UnitTest>
    <UnitTest name="AppModel_ObjectCountTest" storage="c:\users\zack\.jenkins\workspace\lap-unittest\bin\debug\lpreplaycore.dll" id="a7c1308f-bd5c-f0a4-fd91-02c121fdd341">
      <Execution timeOut="1800000" id="c75719c1-6b96-4af1-83cd-834cac67e83d" />
      <TestMethod codeBase="C:/Users/zack/.jenkins/workspace/LAP-Unittest/bin/Debug/LPReplayCore.dll" adapterTypeName="Microsoft.VisualStudio.TestTools.TestTypes.Unit.UnitTestAdapter, Microsoft.VisualStudio.QualityTools.Tips.UnitTest.Adapter, Version=12.0.0.0, Culture=neutral, PublicKeyToken=b03f5f7f11d50a3a" className="LPReplayCore.AppModelLoadTest, LPReplayCore, Version=1.0.0.0, Culture=neutral, PublicKeyToken=null" name="AppModel_ObjectCountTest" />
    </UnitTest>
    <UnitTest name="TestDragAndDrop4" storage="c:\users\zack\.jenkins\workspace\lap-unittest\bin\debug\lpwebobjects.dll" id="a902c186-16b8-27c4-8912-224d9d164eb6">
      <Execution timeOut="1800000" id="5cafa882-2b53-4247-89d8-9691446afd60" />
      <TestMethod codeBase="C:/Users/zack/.jenkins/workspace/LAP-Unittest/bin/Debug/LPWebObjects.dll" adapterTypeName="Microsoft.VisualStudio.TestTools.TestTypes.Unit.UnitTestAdapter, Microsoft.VisualStudio.QualityTools.Tips.UnitTest.Adapter, Version=12.0.0.0, Culture=neutral, PublicKeyToken=b03f5f7f11d50a3a" className="LPWebObjects.UnitTest.SeleniumTest, LPWebObjects, Version=1.0.0.0, Culture=neutral, PublicKeyToken=null" name="TestDragAndDrop4" />
    </UnitTest>
    <UnitTest name="TestObjectNurse_Children" storage="c:\users\zack\.jenkins\workspace\lap-unittest\bin\debug\lpreplaycore.dll" id="10d7a038-89e9-d535-b980-3964dda57ad5">
      <Execution timeOut="1800000" id="042deaf4-93b6-432a-84f1-3b1475c9ce20" />
      <TestMethod codeBase="C:/Users/zack/.jenkins/workspace/LAP-Unittest/bin/Debug/LPReplayCore.dll" adapterTypeName="Microsoft.VisualStudio.TestTools.TestTypes.Unit.UnitTestAdapter, Microsoft.VisualStudio.QualityTools.Tips.UnitTest.Adapter, Version=12.0.0.0, Culture=neutral, PublicKeyToken=b03f5f7f11d50a3a" className="LPReplayCore.UnitTest.TestObjectNurseTest, LPReplayCore, Version=1.0.0.0, Culture=neutral, PublicKeyToken=null" name="TestObjectNurse_Children" />
    </UnitTest>
    <UnitTest name="LPConfig_KeyNotExists" storage="c:\users\zack\.jenkins\workspace\lap-unittest\bin\debug\lpreplaycore.dll" id="19e9a714-732e-8fdb-e4a1-c4128f51e77f">
      <Execution timeOut="1800000" id="52a8165f-1b9a-4a13-8cd1-674fe026d89d" />
      <TestMethod codeBase="C:/Users/zack/.jenkins/workspace/LAP-Unittest/bin/Debug/LPReplayCore.dll" adapterTypeName="Microsoft.VisualStudio.TestTools.TestTypes.Unit.UnitTestAdapter, Microsoft.VisualStudio.QualityTools.Tips.UnitTest.Adapter, Version=12.0.0.0, Culture=neutral, PublicKeyToken=b03f5f7f11d50a3a" className="LPReplayCore.UnitTest.LPConfigLoadTest, LPReplayCore, Version=1.0.0.0, Culture=neutral, PublicKeyToken=null" name="LPConfig_KeyNotExists" />
    </UnitTest>
    <UnitTest name="LPLogger_Test" storage="c:\users\zack\.jenkins\workspace\lap-unittest\bin\debug\lpcommon.dll" id="38ca1db4-ffa3-77ef-1f74-abd49bc0cb8a">
      <Execution timeOut="1800000" id="11bbdc03-7c3e-4039-b25d-d8a25254b0b7" />
      <TestMethod codeBase="C:/Users/zack/.jenkins/workspace/LAP-Unittest/bin/Debug/LPCommon.dll" adapterTypeName="Microsoft.VisualStudio.TestTools.TestTypes.Unit.UnitTestAdapter, Microsoft.VisualStudio.QualityTools.Tips.UnitTest.Adapter, Version=12.0.0.0, Culture=neutral, PublicKeyToken=b03f5f7f11d50a3a" className="LPCommon.LPLoggerTest, LPCommon, Version=1.0.0.0, Culture=neutral, PublicKeyToken=bad29f7f394a2ead" name="LPLogger_Test" />
    </UnitTest>
    <UnitTest name="UIATestObject_CachedProperties" storage="c:\users\zack\.jenkins\workspace\lap-unittest\bin\debug\lpreplaycore.dll" id="4245cd78-e7a3-2f83-faed-51e12e8903ea">
      <Execution timeOut="1800000" id="39980464-b83a-4ff7-9d24-b811127f7ff5" />
      <TestMethod codeBase="C:/Users/zack/.jenkins/workspace/LAP-Unittest/bin/Debug/LPReplayCore.dll" adapterTypeName="Microsoft.VisualStudio.TestTools.TestTypes.Unit.UnitTestAdapter, Microsoft.VisualStudio.QualityTools.Tips.UnitTest.Adapter, Version=12.0.0.0, Culture=neutral, PublicKeyToken=b03f5f7f11d50a3a" className="LPReplayCore.UnitTest.UIATestObjectTest, LPReplayCore, Version=1.0.0.0, Culture=neutral, PublicKeyToken=null" name="UIATestObject_CachedProperties" />
    </UnitTest>
    <UnitTest name="UIAHighlight_HighlightRectangle" storage="c:\users\zack\.jenkins\workspace\lap-unittest\bin\debug\lpreplaycore.dll" id="12026806-b265-0731-b747-64f897a451da">
      <Execution timeOut="1800000" id="c7031e21-bc65-4bf2-8908-d59995393329" />
      <TestMethod codeBase="C:/Users/zack/.jenkins/workspace/LAP-Unittest/bin/Debug/LPReplayCore.dll" adapterTypeName="Microsoft.VisualStudio.TestTools.TestTypes.Unit.UnitTestAdapter, Microsoft.VisualStudio.QualityTools.Tips.UnitTest.Adapter, Version=12.0.0.0, Culture=neutral, PublicKeyToken=b03f5f7f11d50a3a" className="LPReplayCore.UnitTest.UIAHighlightTest, LPReplayCore, Version=1.0.0.0, Culture=neutral, PublicKeyToken=null" name="UIAHighlight_HighlightRectangle" />
    </UnitTest>
    <UnitTest name="UIAHighlight_SearchandHighlight_Virtual" storage="c:\users\zack\.jenkins\workspace\lap-unittest\bin\debug\lpreplaycore.dll" id="0207a86a-27b3-381d-dba5-b6c7970ab1d2">
      <Execution timeOut="1800000" id="215fd6dd-666b-420a-9f99-e49c2d95df43" />
      <TestMethod codeBase="C:/Users/zack/.jenkins/workspace/LAP-Unittest/bin/Debug/LPReplayCore.dll" adapterTypeName="Microsoft.VisualStudio.TestTools.TestTypes.Unit.UnitTestAdapter, Microsoft.VisualStudio.QualityTools.Tips.UnitTest.Adapter, Version=12.0.0.0, Culture=neutral, PublicKeyToken=b03f5f7f11d50a3a" className="LPReplayCore.UnitTest.UIAHighlightTest, LPReplayCore, Version=1.0.0.0, Culture=neutral, PublicKeyToken=null" name="UIAHighlight_SearchandHighlight_Virtual" />
    </UnitTest>
    <UnitTest name="ControlTypeConverter_CountTest" storage="c:\users\zack\.jenkins\workspace\lap-unittest\bin\debug\lpreplaycore.dll" id="32563bdb-bb52-1e8a-2436-02b648b94780">
      <Execution timeOut="1800000" id="5cdb4b24-2cbf-4318-89f5-dce8f2e3d7e2" />
      <TestMethod codeBase="C:/Users/zack/.jenkins/workspace/LAP-Unittest/bin/Debug/LPReplayCore.dll" adapterTypeName="Microsoft.VisualStudio.TestTools.TestTypes.Unit.UnitTestAdapter, Microsoft.VisualStudio.QualityTools.Tips.UnitTest.Adapter, Version=12.0.0.0, Culture=neutral, PublicKeyToken=b03f5f7f11d50a3a" className="LPReplayCore.UnitTest.ControlTypeConverterTest, LPReplayCore, Version=1.0.0.0, Culture=neutral, PublicKeyToken=null" name="ControlTypeConverter_CountTest" />
    </UnitTest>
    <UnitTest name="AppModel_AllNames" storage="c:\users\zack\.jenkins\workspace\lap-unittest\bin\debug\lpreplaycore.dll" id="497ebb4e-2d91-0038-b23a-1d21a5d6fc7e">
      <Execution timeOut="1800000" id="ea0f6b90-0113-4813-8443-8e8175d17180" />
      <TestMethod codeBase="C:/Users/zack/.jenkins/workspace/LAP-Unittest/bin/Debug/LPReplayCore.dll" adapterTypeName="Microsoft.VisualStudio.TestTools.TestTypes.Unit.UnitTestAdapter, Microsoft.VisualStudio.QualityTools.Tips.UnitTest.Adapter, Version=12.0.0.0, Culture=neutral, PublicKeyToken=b03f5f7f11d50a3a" className="LPReplayCore.AppModelLoadTest, LPReplayCore, Version=1.0.0.0, Culture=neutral, PublicKeyToken=null" name="AppModel_AllNames" />
    </UnitTest>
    <UnitTest name="AppModel_GetTestObject" storage="c:\users\zack\.jenkins\workspace\lap-unittest\bin\debug\lpreplaycore.dll" id="703ef91d-e335-b8b8-d9a0-ee751e55668f">
      <Execution timeOut="1800000" id="536eb16e-3be0-4a01-9810-ea5e7b019935" />
      <TestMethod codeBase="C:/Users/zack/.jenkins/workspace/LAP-Unittest/bin/Debug/LPReplayCore.dll" adapterTypeName="Microsoft.VisualStudio.TestTools.TestTypes.Unit.UnitTestAdapter, Microsoft.VisualStudio.QualityTools.Tips.UnitTest.Adapter, Version=12.0.0.0, Culture=neutral, PublicKeyToken=b03f5f7f11d50a3a" className="LPReplayCore.AppModelLoadTest, LPReplayCore, Version=1.0.0.0, Culture=neutral, PublicKeyToken=null" name="AppModel_GetTestObject" />
    </UnitTest>
    <UnitTest name="LPConfig_GetValueExists" storage="c:\users\zack\.jenkins\workspace\lap-unittest\bin\debug\lpreplaycore.dll" id="c316a3f4-4c23-db19-462c-b2fa33796566">
      <Execution timeOut="1800000" id="e2fb51ff-40d7-4fff-b1d7-543f5d7f7804" />
      <TestMethod codeBase="C:/Users/zack/.jenkins/workspace/LAP-Unittest/bin/Debug/LPReplayCore.dll" adapterTypeName="Microsoft.VisualStudio.TestTools.TestTypes.Unit.UnitTestAdapter, Microsoft.VisualStudio.QualityTools.Tips.UnitTest.Adapter, Version=12.0.0.0, Culture=neutral, PublicKeyToken=b03f5f7f11d50a3a" className="LPReplayCore.UnitTest.LPConfigLoadTest, LPReplayCore, Version=1.0.0.0, Culture=neutral, PublicKeyToken=null" name="LPConfig_GetValueExists" />
    </UnitTest>
    <UnitTest name="UIAConditionMatcher_Match_Positive" storage="c:\users\zack\.jenkins\workspace\lap-unittest\bin\debug\lpuiaobjects.dll" id="7e008783-696f-7a74-d393-2256901543c2">
      <Execution timeOut="1800000" id="e95995ae-1e16-49fb-89ee-6c4dc8f7c5ab" />
      <TestMethod codeBase="C:/Users/zack/.jenkins/workspace/LAP-Unittest/bin/Debug/LPUIAObjects.dll" adapterTypeName="Microsoft.VisualStudio.TestTools.TestTypes.Unit.UnitTestAdapter, Microsoft.VisualStudio.QualityTools.Tips.UnitTest.Adapter, Version=12.0.0.0, Culture=neutral, PublicKeyToken=b03f5f7f11d50a3a" className="LPUIAObjects.UnitTest.UIAConditionMatcherTest, LPUIAObjects, Version=1.0.0.0, Culture=neutral, PublicKeyToken=null" name="UIAConditionMatcher_Match_Positive" />
    </UnitTest>
    <UnitTest name="JsonTest" storage="c:\users\zack\.jenkins\workspace\lap-unittest\bin\debug\lpreplaycore.dll" id="7bc325ab-f149-03f6-bfc5-719ce740916f">
      <Execution timeOut="1800000" id="7629f40a-347e-41b1-afda-e009cdb6f79e" />
      <TestMethod codeBase="C:/Users/zack/.jenkins/workspace/LAP-Unittest/bin/Debug/LPReplayCore.dll" adapterTypeName="Microsoft.VisualStudio.TestTools.TestTypes.Unit.UnitTestAdapter, Microsoft.VisualStudio.QualityTools.Tips.UnitTest.Adapter, Version=12.0.0.0, Culture=neutral, PublicKeyToken=b03f5f7f11d50a3a" className="LPReplayCore.UnitTest.UIAFinderTest, LPReplayCore, Version=1.0.0.0, Culture=neutral, PublicKeyToken=null" name="JsonTest" />
    </UnitTest>
    <UnitTest name="WebControl_DragDrop" storage="c:\users\zack\.jenkins\workspace\lap-unittest\bin\debug\lpwebobjects.dll" id="93ed0d6c-3993-57c6-f48d-6ab1ec65e749">
      <Execution timeOut="1800000" id="b863003d-f0ab-443f-81a8-ab0511ced86e" />
      <TestMethod codeBase="C:/Users/zack/.jenkins/workspace/LAP-Unittest/bin/Debug/LPWebObjects.dll" adapterTypeName="Microsoft.VisualStudio.TestTools.TestTypes.Unit.UnitTestAdapter, Microsoft.VisualStudio.QualityTools.Tips.UnitTest.Adapter, Version=12.0.0.0, Culture=neutral, PublicKeyToken=b03f5f7f11d50a3a" className="LPWebObjects.UnitTest.WebControlTest, LPWebObjects, Version=1.0.0.0, Culture=neutral, PublicKeyToken=null" name="WebControl_DragDrop" />
    </UnitTest>
    <UnitTest name="AppModel_CheckHierarchy" storage="c:\users\zack\.jenkins\workspace\lap-unittest\bin\debug\lpreplaycore.dll" id="21811864-7593-1a9d-ba4a-271f9c3c8de6">
      <Execution timeOut="1800000" id="da535b8c-4c82-4a3f-8512-fbdba53515d5" />
      <TestMethod codeBase="C:/Users/zack/.jenkins/workspace/LAP-Unittest/bin/Debug/LPReplayCore.dll" adapterTypeName="Microsoft.VisualStudio.TestTools.TestTypes.Unit.UnitTestAdapter, Microsoft.VisualStudio.QualityTools.Tips.UnitTest.Adapter, Version=12.0.0.0, Culture=neutral, PublicKeyToken=b03f5f7f11d50a3a" className="LPReplayCore.AppModelLoadTest, LPReplayCore, Version=1.0.0.0, Culture=neutral, PublicKeyToken=null" name="AppModel_CheckHierarchy" />
    </UnitTest>
    <UnitTest name="TestObjectFactory_CreateObject" storage="c:\users\zack\.jenkins\workspace\lap-unittest\bin\debug\lpreplaycore.dll" id="cfde5249-75bf-5e37-4db3-b3e567188488">
      <Execution timeOut="1800000" id="501e0a13-ccd3-4819-929c-3d51c8b0646b" />
      <TestMethod codeBase="C:/Users/zack/.jenkins/workspace/LAP-Unittest/bin/Debug/LPReplayCore.dll" adapterTypeName="Microsoft.VisualStudio.TestTools.TestTypes.Unit.UnitTestAdapter, Microsoft.VisualStudio.QualityTools.Tips.UnitTest.Adapter, Version=12.0.0.0, Culture=neutral, PublicKeyToken=b03f5f7f11d50a3a" className="LPReplayCore.UnitTest.TestObjectFactoryTest, LPReplayCore, Version=1.0.0.0, Culture=neutral, PublicKeyToken=null" name="TestObjectFactory_CreateObject" />
    </UnitTest>
    <UnitTest name="JsonSerializeModelTest" storage="c:\users\zack\.jenkins\workspace\lap-unittest\bin\debug\lpreplaycore.dll" id="413f80b4-4654-c797-c90a-d69a842f1a41">
      <Execution timeOut="1800000" id="e97e4ae5-1863-4e4d-948d-3f5fef902fcf" />
      <TestMethod codeBase="C:/Users/zack/.jenkins/workspace/LAP-Unittest/bin/Debug/LPReplayCore.dll" adapterTypeName="Microsoft.VisualStudio.TestTools.TestTypes.Unit.UnitTestAdapter, Microsoft.VisualStudio.QualityTools.Tips.UnitTest.Adapter, Version=12.0.0.0, Culture=neutral, PublicKeyToken=b03f5f7f11d50a3a" className="LPReplayCore.UnitTest.JsonSerializerTest, LPReplayCore, Version=1.0.0.0, Culture=neutral, PublicKeyToken=null" name="JsonSerializeModelTest" />
    </UnitTest>
    <UnitTest name="ObjectDescriptor_GetVirtualTestObject" storage="c:\users\zack\.jenkins\workspace\lap-unittest\bin\debug\lpreplaycore.dll" id="21eeb0d1-5604-248d-a074-6a9a0f64a993">
      <Execution timeOut="1800000" id="3657b461-ff15-45a1-ba9d-21ad37d5b026" />
      <TestMethod codeBase="C:/Users/zack/.jenkins/workspace/LAP-Unittest/bin/Debug/LPReplayCore.dll" adapterTypeName="Microsoft.VisualStudio.TestTools.TestTypes.Unit.UnitTestAdapter, Microsoft.VisualStudio.QualityTools.Tips.UnitTest.Adapter, Version=12.0.0.0, Culture=neutral, PublicKeyToken=b03f5f7f11d50a3a" className="LPReplayCore.UnitTest.ObjectDescriptorTest, LPReplayCore, Version=1.0.0.0, Culture=neutral, PublicKeyToken=null" name="ObjectDescriptor_GetVirtualTestObject" />
    </UnitTest>
    <UnitTest name="AppModelManager_HierarchySave" storage="c:\users\zack\.jenkins\workspace\lap-unittest\bin\debug\lpreplaycore.dll" id="f611c44d-06f8-81f7-e8f6-94286161a7dd">
      <Execution timeOut="1800000" id="bb1449d7-36c7-4a9c-a71a-70cd0123556b" />
      <TestMethod codeBase="C:/Users/zack/.jenkins/workspace/LAP-Unittest/bin/Debug/LPReplayCore.dll" adapterTypeName="Microsoft.VisualStudio.TestTools.TestTypes.Unit.UnitTestAdapter, Microsoft.VisualStudio.QualityTools.Tips.UnitTest.Adapter, Version=12.0.0.0, Culture=neutral, PublicKeyToken=b03f5f7f11d50a3a" className="LPReplayCore.UnitTest.JsonSerializerTest, LPReplayCore, Version=1.0.0.0, Culture=neutral, PublicKeyToken=null" name="AppModelManager_HierarchySave" />
    </UnitTest>
    <UnitTest name="UIATestObject_ControlTypeInit" storage="c:\users\zack\.jenkins\workspace\lap-unittest\bin\debug\lpreplaycore.dll" id="1133ba44-cb15-372f-e1e0-a3ef4ba7e538">
      <Execution timeOut="1800000" id="73a23821-5e5e-4abd-8f1e-f085472babe9" />
      <TestMethod codeBase="C:/Users/zack/.jenkins/workspace/LAP-Unittest/bin/Debug/LPReplayCore.dll" adapterTypeName="Microsoft.VisualStudio.TestTools.TestTypes.Unit.UnitTestAdapter, Microsoft.VisualStudio.QualityTools.Tips.UnitTest.Adapter, Version=12.0.0.0, Culture=neutral, PublicKeyToken=b03f5f7f11d50a3a" className="LPReplayCore.UnitTest.UIATestObjectTest, LPReplayCore, Version=1.0.0.0, Culture=neutral, PublicKeyToken=null" name="UIATestObject_ControlTypeInit" />
    </UnitTest>
    <UnitTest name="UIATestObject_FindRecursive" storage="c:\users\zack\.jenkins\workspace\lap-unittest\bin\debug\lpreplaycore.dll" id="7462445f-e6f2-1eaf-eb9a-027b3e3816e9">
      <Execution timeOut="1800000" id="8eacff37-1f40-45ef-8d86-498aae5bb0ab" />
      <TestMethod codeBase="C:/Users/zack/.jenkins/workspace/LAP-Unittest/bin/Debug/LPReplayCore.dll" adapterTypeName="Microsoft.VisualStudio.TestTools.TestTypes.Unit.UnitTestAdapter, Microsoft.VisualStudio.QualityTools.Tips.UnitTest.Adapter, Version=12.0.0.0, Culture=neutral, PublicKeyToken=b03f5f7f11d50a3a" className="LPReplayCore.UnitTest.UIATestObjectTest, LPReplayCore, Version=1.0.0.0, Culture=neutral, PublicKeyToken=null" name="UIATestObject_FindRecursive" />
    </UnitTest>
    <UnitTest name="UIATestObject_SetContext" storage="c:\users\zack\.jenkins\workspace\lap-unittest\bin\debug\lpreplaycore.dll" id="ded679bf-0bc0-0df6-a237-9efe66a98668">
      <Execution timeOut="1800000" id="78ec8ee7-924a-4b4d-88ef-a9e24cbfc6fd" />
      <TestMethod codeBase="C:/Users/zack/.jenkins/workspace/LAP-Unittest/bin/Debug/LPReplayCore.dll" adapterTypeName="Microsoft.VisualStudio.TestTools.TestTypes.Unit.UnitTestAdapter, Microsoft.VisualStudio.QualityTools.Tips.UnitTest.Adapter, Version=12.0.0.0, Culture=neutral, PublicKeyToken=b03f5f7f11d50a3a" className="LPReplayCore.UnitTest.UIATestObjectTest, LPReplayCore, Version=1.0.0.0, Culture=neutral, PublicKeyToken=null" name="UIATestObject_SetContext" />
    </UnitTest>
    <UnitTest name="LPConfig_GetValueNotExists" storage="c:\users\zack\.jenkins\workspace\lap-unittest\bin\debug\lpreplaycore.dll" id="9e32c0ba-8544-e989-9734-d67e8580b510">
      <Execution timeOut="1800000" id="7657f4f8-aed6-4daf-a04f-c37954c818f7" />
      <TestMethod codeBase="C:/Users/zack/.jenkins/workspace/LAP-Unittest/bin/Debug/LPReplayCore.dll" adapterTypeName="Microsoft.VisualStudio.TestTools.TestTypes.Unit.UnitTestAdapter, Microsoft.VisualStudio.QualityTools.Tips.UnitTest.Adapter, Version=12.0.0.0, Culture=neutral, PublicKeyToken=b03f5f7f11d50a3a" className="LPReplayCore.UnitTest.LPConfigLoadTest, LPReplayCore, Version=1.0.0.0, Culture=neutral, PublicKeyToken=null" name="LPConfig_GetValueNotExists" />
    </UnitTest>
    <UnitTest name="TestObjectNurse_ContainsKeyword" storage="c:\users\zack\.jenkins\workspace\lap-unittest\bin\debug\lpreplaycore.dll" id="86c5036c-20bc-593f-bd4c-537bd745a5a6">
      <Execution timeOut="1800000" id="a7f804ef-b13a-4d61-937c-98b0bf70911e" />
      <TestMethod codeBase="C:/Users/zack/.jenkins/workspace/LAP-Unittest/bin/Debug/LPReplayCore.dll" adapterTypeName="Microsoft.VisualStudio.TestTools.TestTypes.Unit.UnitTestAdapter, Microsoft.VisualStudio.QualityTools.Tips.UnitTest.Adapter, Version=12.0.0.0, Culture=neutral, PublicKeyToken=b03f5f7f11d50a3a" className="LPReplayCore.UnitTest.TestObjectNurseTest, LPReplayCore, Version=1.0.0.0, Culture=neutral, PublicKeyToken=null" name="TestObjectNurse_ContainsKeyword" />
    </UnitTest>
    <UnitTest name="CachedFile_Save" storage="c:\users\zack\.jenkins\workspace\lap-unittest\bin\debug\lpcommon.dll" id="6074bd46-f3ba-5268-c0d7-5c15520e9c8a">
      <Execution timeOut="1800000" id="f4037d15-a8ab-4db0-8990-ab05f1dbdc14" />
      <TestMethod codeBase="C:/Users/zack/.jenkins/workspace/LAP-Unittest/bin/Debug/LPCommon.dll" adapterTypeName="Microsoft.VisualStudio.TestTools.TestTypes.Unit.UnitTestAdapter, Microsoft.VisualStudio.QualityTools.Tips.UnitTest.Adapter, Version=12.0.0.0, Culture=neutral, PublicKeyToken=b03f5f7f11d50a3a" className="LPCommon.CachedFileHandlerTest, LPCommon, Version=1.0.0.0, Culture=neutral, PublicKeyToken=bad29f7f394a2ead" name="CachedFile_Save" />
    </UnitTest>
    <UnitTest name="TestObjectNurse_AddChild_TestObject" storage="c:\users\zack\.jenkins\workspace\lap-unittest\bin\debug\lpreplaycore.dll" id="c3f22580-c126-7767-bec1-fc154232f87e">
      <Execution timeOut="1800000" id="9b3dac34-734d-4f67-ac4e-010689c1f6c4" />
      <TestMethod codeBase="C:/Users/zack/.jenkins/workspace/LAP-Unittest/bin/Debug/LPReplayCore.dll" adapterTypeName="Microsoft.VisualStudio.TestTools.TestTypes.Unit.UnitTestAdapter, Microsoft.VisualStudio.QualityTools.Tips.UnitTest.Adapter, Version=12.0.0.0, Culture=neutral, PublicKeyToken=b03f5f7f11d50a3a" className="LPReplayCore.UnitTest.TestObjectNurseTest, LPReplayCore, Version=1.0.0.0, Culture=neutral, PublicKeyToken=null" name="TestObjectNurse_AddChild_TestObject" />
    </UnitTest>
    <UnitTest name="UIATestObject_ControlTypeAssign" storage="c:\users\zack\.jenkins\workspace\lap-unittest\bin\debug\lpreplaycore.dll" id="e07a50f7-bf06-a4cf-6c63-c92a68994d49">
      <Execution timeOut="1800000" id="81ae7513-9682-4706-a668-2519dd53c03d" />
      <TestMethod codeBase="C:/Users/zack/.jenkins/workspace/LAP-Unittest/bin/Debug/LPReplayCore.dll" adapterTypeName="Microsoft.VisualStudio.TestTools.TestTypes.Unit.UnitTestAdapter, Microsoft.VisualStudio.QualityTools.Tips.UnitTest.Adapter, Version=12.0.0.0, Culture=neutral, PublicKeyToken=b03f5f7f11d50a3a" className="LPReplayCore.UnitTest.UIATestObjectTest, LPReplayCore, Version=1.0.0.0, Culture=neutral, PublicKeyToken=null" name="UIATestObject_ControlTypeAssign" />
    </UnitTest>
    <UnitTest name="ObjectDescriptor_PropertyGroup" storage="c:\users\zack\.jenkins\workspace\lap-unittest\bin\debug\lpreplaycore.dll" id="cb136bbd-eea3-12a0-e567-a992952a5ca3">
      <Execution timeOut="1800000" id="3eda78d9-c1ac-419c-9273-1a10438479a4" />
      <TestMethod codeBase="C:/Users/zack/.jenkins/workspace/LAP-Unittest/bin/Debug/LPReplayCore.dll" adapterTypeName="Microsoft.VisualStudio.TestTools.TestTypes.Unit.UnitTestAdapter, Microsoft.VisualStudio.QualityTools.Tips.UnitTest.Adapter, Version=12.0.0.0, Culture=neutral, PublicKeyToken=b03f5f7f11d50a3a" className="LPReplayCore.UnitTest.ObjectDescriptorTest, LPReplayCore, Version=1.0.0.0, Culture=neutral, PublicKeyToken=null" name="ObjectDescriptor_PropertyGroup" />
    </UnitTest>
    <UnitTest name="ReadOnlyCollectionTest" storage="c:\users\zack\.jenkins\workspace\lap-unittest\bin\debug\lpreplaycore.dll" id="c99fa5e6-d382-8cb2-a191-31d76ec90be4">
      <Execution timeOut="1800000" id="51f2fc20-1a05-497a-80ac-bcfddcc8f04e" />
      <TestMethod codeBase="C:/Users/zack/.jenkins/workspace/LAP-Unittest/bin/Debug/LPReplayCore.dll" adapterTypeName="Microsoft.VisualStudio.TestTools.TestTypes.Unit.UnitTestAdapter, Microsoft.VisualStudio.QualityTools.Tips.UnitTest.Adapter, Version=12.0.0.0, Culture=neutral, PublicKeyToken=b03f5f7f11d50a3a" className="LPReplayCore.UnitTest.TempUnitTests, LPReplayCore, Version=1.0.0.0, Culture=neutral, PublicKeyToken=null" name="ReadOnlyCollectionTest" />
    </UnitTest>
    <UnitTest name="AppModelFile_Test" storage="c:\users\zack\.jenkins\workspace\lap-unittest\bin\debug\lpreplaycore.dll" id="ab1eec52-7001-e28a-91a4-dae62babd5dc">
      <Execution timeOut="1800000" id="11bb4c7b-90e7-4dc4-9589-a3dde158c833" />
      <TestMethod codeBase="C:/Users/zack/.jenkins/workspace/LAP-Unittest/bin/Debug/LPReplayCore.dll" adapterTypeName="Microsoft.VisualStudio.TestTools.TestTypes.Unit.UnitTestAdapter, Microsoft.VisualStudio.QualityTools.Tips.UnitTest.Adapter, Version=12.0.0.0, Culture=neutral, PublicKeyToken=b03f5f7f11d50a3a" className="LPReplayCore.UnitTest.AppModelFileTest, LPReplayCore, Version=1.0.0.0, Culture=neutral, PublicKeyToken=null" name="AppModelFile_Test" />
    </UnitTest>
    <UnitTest name="VirtualTestObject_AreEqual" storage="c:\users\zack\.jenkins\workspace\lap-unittest\bin\debug\lpreplaycore.dll" id="64545cbe-8169-21ee-dd06-8043e3ab9f18">
      <Execution timeOut="1800000" id="3ab68f0d-bcd0-43f1-a1d2-afe35f73942c" />
      <TestMethod codeBase="C:/Users/zack/.jenkins/workspace/LAP-Unittest/bin/Debug/LPReplayCore.dll" adapterTypeName="Microsoft.VisualStudio.TestTools.TestTypes.Unit.UnitTestAdapter, Microsoft.VisualStudio.QualityTools.Tips.UnitTest.Adapter, Version=12.0.0.0, Culture=neutral, PublicKeyToken=b03f5f7f11d50a3a" className="LPReplayCore.UnitTest.VirtualTestObjectTest, LPReplayCore, Version=1.0.0.0, Culture=neutral, PublicKeyToken=null" name="VirtualTestObject_AreEqual" />
    </UnitTest>
    <UnitTest name="ObjectDescriptor_EqualsNegative" storage="c:\users\zack\.jenkins\workspace\lap-unittest\bin\debug\lpreplaycore.dll" id="c20086a7-d694-7559-1465-471fc42bb9c0">
      <Execution timeOut="1800000" id="37c650f1-113d-4bd9-9ae2-3641d571e501" />
      <TestMethod codeBase="C:/Users/zack/.jenkins/workspace/LAP-Unittest/bin/Debug/LPReplayCore.dll" adapterTypeName="Microsoft.VisualStudio.TestTools.TestTypes.Unit.UnitTestAdapter, Microsoft.VisualStudio.QualityTools.Tips.UnitTest.Adapter, Version=12.0.0.0, Culture=neutral, PublicKeyToken=b03f5f7f11d50a3a" className="LPReplayCore.UnitTest.ObjectDescriptorTest, LPReplayCore, Version=1.0.0.0, Culture=neutral, PublicKeyToken=null" name="ObjectDescriptor_EqualsNegative" />
    </UnitTest>
    <UnitTest name="TestObjectNurse_Clear" storage="c:\users\zack\.jenkins\workspace\lap-unittest\bin\debug\lpreplaycore.dll" id="2a2c47f9-fff7-bcb6-cadc-6219944d55b6">
      <Execution timeOut="1800000" id="2b5e0375-a5ec-4b2f-9b48-68c3ce13ab54" />
      <TestMethod codeBase="C:/Users/zack/.jenkins/workspace/LAP-Unittest/bin/Debug/LPReplayCore.dll" adapterTypeName="Microsoft.VisualStudio.TestTools.TestTypes.Unit.UnitTestAdapter, Microsoft.VisualStudio.QualityTools.Tips.UnitTest.Adapter, Version=12.0.0.0, Culture=neutral, PublicKeyToken=b03f5f7f11d50a3a" className="LPReplayCore.UnitTest.TestObjectNurseTest, LPReplayCore, Version=1.0.0.0, Culture=neutral, PublicKeyToken=null" name="TestObjectNurse_Clear" />
    </UnitTest>
    <UnitTest name="UIAHighlight_SearchandHighlight_UIA" storage="c:\users\zack\.jenkins\workspace\lap-unittest\bin\debug\lpreplaycore.dll" id="e162633a-d896-c4a3-4192-c5343187fe37">
      <Execution timeOut="1800000" id="1e1f50f6-77b7-4700-aa17-e45ef91d68b0" />
      <TestMethod codeBase="C:/Users/zack/.jenkins/workspace/LAP-Unittest/bin/Debug/LPReplayCore.dll" adapterTypeName="Microsoft.VisualStudio.TestTools.TestTypes.Unit.UnitTestAdapter, Microsoft.VisualStudio.QualityTools.Tips.UnitTest.Adapter, Version=12.0.0.0, Culture=neutral, PublicKeyToken=b03f5f7f11d50a3a" className="LPReplayCore.UnitTest.UIAHighlightTest, LPReplayCore, Version=1.0.0.0, Culture=neutral, PublicKeyToken=null" name="UIAHighlight_SearchandHighlight_UIA" />
    </UnitTest>
    <UnitTest name="LPLogger_WriteInfo" storage="c:\users\zack\.jenkins\workspace\lap-unittest\bin\debug\lpcommon.dll" id="78a64da2-a405-e634-93ef-4f0e6cd22124">
      <Execution timeOut="1800000" id="9c30d177-6acd-4aaf-bc16-e96dad56d8f1" />
      <TestMethod codeBase="C:/Users/zack/.jenkins/workspace/LAP-Unittest/bin/Debug/LPCommon.dll" adapterTypeName="Microsoft.VisualStudio.TestTools.TestTypes.Unit.UnitTestAdapter, Microsoft.VisualStudio.QualityTools.Tips.UnitTest.Adapter, Version=12.0.0.0, Culture=neutral, PublicKeyToken=b03f5f7f11d50a3a" className="LPCommon.LPLoggerTest, LPCommon, Version=1.0.0.0, Culture=neutral, PublicKeyToken=bad29f7f394a2ead" name="LPLogger_WriteInfo" />
    </UnitTest>
    <UnitTest name="UIAEdit_Text" storage="c:\users\zack\.jenkins\workspace\lap-unittest\bin\debug\lpuiaobjects.dll" id="b8196642-95eb-6100-6d89-ea33e8152baa">
      <Execution timeOut="1800000" id="b842e8e1-5111-4cd4-a2ca-8ed3cc3dba80" />
      <TestMethod codeBase="C:/Users/zack/.jenkins/workspace/LAP-Unittest/bin/Debug/LPUIAObjects.dll" adapterTypeName="Microsoft.VisualStudio.TestTools.TestTypes.Unit.UnitTestAdapter, Microsoft.VisualStudio.QualityTools.Tips.UnitTest.Adapter, Version=12.0.0.0, Culture=neutral, PublicKeyToken=b03f5f7f11d50a3a" className="LPUIAObjects.UnitTest.UIAEditTest, LPUIAObjects, Version=1.0.0.0, Culture=neutral, PublicKeyToken=null" name="UIAEdit_Text" />
    </UnitTest>
    <UnitTest name="ControlKeysManager_GetDisplayString" storage="c:\users\zack\.jenkins\workspace\lap-unittest\bin\debug\lpreplaycore.dll" id="c069ba5d-b761-3b72-b1b0-51bab54513c2">
      <Execution timeOut="1800000" id="ba02af1d-c15a-4f92-81ab-dcd449a49dac" />
      <TestMethod codeBase="C:/Users/zack/.jenkins/workspace/LAP-Unittest/bin/Debug/LPReplayCore.dll" adapterTypeName="Microsoft.VisualStudio.TestTools.TestTypes.Unit.UnitTestAdapter, Microsoft.VisualStudio.QualityTools.Tips.UnitTest.Adapter, Version=12.0.0.0, Culture=neutral, PublicKeyToken=b03f5f7f11d50a3a" className="LPReplayCore.UnitTest.ControlKeysManagerTest, LPReplayCore, Version=1.0.0.0, Culture=neutral, PublicKeyToken=null" name="ControlKeysManager_GetDisplayString" />
    </UnitTest>
    <UnitTest name="RCSettings_HighlightColor" storage="c:\users\zack\.jenkins\workspace\lap-unittest\bin\debug\lpreplaycore.dll" id="786089b5-e68c-b536-852c-6239e563aeb1">
      <Execution timeOut="1800000" id="aa4ff9aa-4d00-4166-92c9-e9e3e7b763a5" />
      <TestMethod codeBase="C:/Users/zack/.jenkins/workspace/LAP-Unittest/bin/Debug/LPReplayCore.dll" adapterTypeName="Microsoft.VisualStudio.TestTools.TestTypes.Unit.UnitTestAdapter, Microsoft.VisualStudio.QualityTools.Tips.UnitTest.Adapter, Version=12.0.0.0, Culture=neutral, PublicKeyToken=b03f5f7f11d50a3a" className="LPReplayCore.UnitTest.ReplayCoreSettingsTest, LPReplayCore, Version=1.0.0.0, Culture=neutral, PublicKeyToken=null" name="RCSettings_HighlightColor" />
    </UnitTest>
    <UnitTest name="AppModel_Load" storage="c:\users\zack\.jenkins\workspace\lap-unittest\bin\debug\lpreplaycore.dll" id="5a815ce3-7e17-fe3d-318a-ead41a3a6dd8">
      <Execution timeOut="1800000" id="8dd701d4-f1e3-451c-b469-f06005205bc4" />
      <TestMethod codeBase="C:/Users/zack/.jenkins/workspace/LAP-Unittest/bin/Debug/LPReplayCore.dll" adapterTypeName="Microsoft.VisualStudio.TestTools.TestTypes.Unit.UnitTestAdapter, Microsoft.VisualStudio.QualityTools.Tips.UnitTest.Adapter, Version=12.0.0.0, Culture=neutral, PublicKeyToken=b03f5f7f11d50a3a" className="LPReplayCore.AppModelLoadTest, LPReplayCore, Version=1.0.0.0, Culture=neutral, PublicKeyToken=null" name="AppModel_Load" />
    </UnitTest>
    <UnitTest name="RCSettings_HighlightColor_Set" storage="c:\users\zack\.jenkins\workspace\lap-unittest\bin\debug\lpreplaycore.dll" id="646e9a74-b7a1-634a-85f7-6026750359ce">
      <Execution timeOut="1800000" id="7cd071e0-2245-49af-a613-a392c785fcbd" />
      <TestMethod codeBase="C:/Users/zack/.jenkins/workspace/LAP-Unittest/bin/Debug/LPReplayCore.dll" adapterTypeName="Microsoft.VisualStudio.TestTools.TestTypes.Unit.UnitTestAdapter, Microsoft.VisualStudio.QualityTools.Tips.UnitTest.Adapter, Version=12.0.0.0, Culture=neutral, PublicKeyToken=b03f5f7f11d50a3a" className="LPReplayCore.UnitTest.ReplayCoreSettingsTest, LPReplayCore, Version=1.0.0.0, Culture=neutral, PublicKeyToken=null" name="RCSettings_HighlightColor_Set" />
    </UnitTest>
    <UnitTest name="TestDragAndDrop5" storage="c:\users\zack\.jenkins\workspace\lap-unittest\bin\debug\lpwebobjects.dll" id="745c7873-f671-a4be-e896-27310952f934">
      <Execution timeOut="1800000" id="c5806986-28fc-41a5-acfe-6f671f3bccf9" />
      <TestMethod codeBase="C:/Users/zack/.jenkins/workspace/LAP-Unittest/bin/Debug/LPWebObjects.dll" adapterTypeName="Microsoft.VisualStudio.TestTools.TestTypes.Unit.UnitTestAdapter, Microsoft.VisualStudio.QualityTools.Tips.UnitTest.Adapter, Version=12.0.0.0, Culture=neutral, PublicKeyToken=b03f5f7f11d50a3a" className="LPWebObjects.UnitTest.SeleniumTest, LPWebObjects, Version=1.0.0.0, Culture=neutral, PublicKeyToken=null" name="TestDragAndDrop5" />
    </UnitTest>
    <UnitTest name="TestMethod4" storage="c:\users\zack\.jenkins\workspace\lap-unittest\bin\debug\lpwebobjects.dll" id="2d031042-14c7-6c2e-fca6-b2a4f8b1fea1">
      <Execution timeOut="1800000" id="5b73dff8-f4f7-4452-9699-c0bfdf5f52ec" />
      <TestMethod codeBase="C:/Users/zack/.jenkins/workspace/LAP-Unittest/bin/Debug/LPWebObjects.dll" adapterTypeName="Microsoft.VisualStudio.TestTools.TestTypes.Unit.UnitTestAdapter, Microsoft.VisualStudio.QualityTools.Tips.UnitTest.Adapter, Version=12.0.0.0, Culture=neutral, PublicKeyToken=b03f5f7f11d50a3a" className="LPWebObjects.UnitTest.WebControlTest, LPWebObjects, Version=1.0.0.0, Culture=neutral, PublicKeyToken=null" name="TestMethod4" />
    </UnitTest>
    <UnitTest name="TestObjectNurse_AddDecendants" storage="c:\users\zack\.jenkins\workspace\lap-unittest\bin\debug\lpreplaycore.dll" id="eddde9c4-c253-2f13-e291-42bda109ee75">
      <Execution timeOut="1800000" id="2647c41f-e011-4eb2-a81e-b2794262fa42" />
      <TestMethod codeBase="C:/Users/zack/.jenkins/workspace/LAP-Unittest/bin/Debug/LPReplayCore.dll" adapterTypeName="Microsoft.VisualStudio.TestTools.TestTypes.Unit.UnitTestAdapter, Microsoft.VisualStudio.QualityTools.Tips.UnitTest.Adapter, Version=12.0.0.0, Culture=neutral, PublicKeyToken=b03f5f7f11d50a3a" className="LPReplayCore.UnitTest.TestObjectNurseTest, LPReplayCore, Version=1.0.0.0, Culture=neutral, PublicKeyToken=null" name="TestObjectNurse_AddDecendants" />
    </UnitTest>
    <UnitTest name="TestObjectNurse_ConvertSubtree" storage="c:\users\zack\.jenkins\workspace\lap-unittest\bin\debug\lpreplaycore.dll" id="5e96ab7f-e9da-dfac-24ab-97766a6e8cad">
      <Execution timeOut="1800000" id="9a38c310-c37e-4f90-9916-198019c56b4a" />
      <TestMethod codeBase="C:/Users/zack/.jenkins/workspace/LAP-Unittest/bin/Debug/LPReplayCore.dll" adapterTypeName="Microsoft.VisualStudio.TestTools.TestTypes.Unit.UnitTestAdapter, Microsoft.VisualStudio.QualityTools.Tips.UnitTest.Adapter, Version=12.0.0.0, Culture=neutral, PublicKeyToken=b03f5f7f11d50a3a" className="LPReplayCore.UnitTest.TestObjectNurseTest, LPReplayCore, Version=1.0.0.0, Culture=neutral, PublicKeyToken=null" name="TestObjectNurse_ConvertSubtree" />
    </UnitTest>
    <UnitTest name="ObjectDescriptor_EqualsEmpty" storage="c:\users\zack\.jenkins\workspace\lap-unittest\bin\debug\lpreplaycore.dll" id="0b33b199-ea93-c70a-4669-af2265e19961">
      <Execution timeOut="1800000" id="161bdc1c-7969-4d36-87b5-473a88b05fd7" />
      <TestMethod codeBase="C:/Users/zack/.jenkins/workspace/LAP-Unittest/bin/Debug/LPReplayCore.dll" adapterTypeName="Microsoft.VisualStudio.TestTools.TestTypes.Unit.UnitTestAdapter, Microsoft.VisualStudio.QualityTools.Tips.UnitTest.Adapter, Version=12.0.0.0, Culture=neutral, PublicKeyToken=b03f5f7f11d50a3a" className="LPReplayCore.UnitTest.ObjectDescriptorTest, LPReplayCore, Version=1.0.0.0, Culture=neutral, PublicKeyToken=null" name="ObjectDescriptor_EqualsEmpty" />
    </UnitTest>
    <UnitTest name="JsonDeserializeModelTest" storage="c:\users\zack\.jenkins\workspace\lap-unittest\bin\debug\lpreplaycore.dll" id="346e1da8-e79d-c6b7-96f3-c8112cde5174">
      <Execution timeOut="1800000" id="e58812b6-947e-490a-b544-2abc1ea1e910" />
      <TestMethod codeBase="C:/Users/zack/.jenkins/workspace/LAP-Unittest/bin/Debug/LPReplayCore.dll" adapterTypeName="Microsoft.VisualStudio.TestTools.TestTypes.Unit.UnitTestAdapter, Microsoft.VisualStudio.QualityTools.Tips.UnitTest.Adapter, Version=12.0.0.0, Culture=neutral, PublicKeyToken=b03f5f7f11d50a3a" className="LPReplayCore.UnitTest.JsonSerializerTest, LPReplayCore, Version=1.0.0.0, Culture=neutral, PublicKeyToken=null" name="JsonDeserializeModelTest" />
    </UnitTest>
    <UnitTest name="VirtualTestObject_CreateTestObject" storage="c:\users\zack\.jenkins\workspace\lap-unittest\bin\debug\lpreplaycore.dll" id="b27c0857-e915-29d8-bc21-8727c065d282">
      <Execution timeOut="1800000" id="f4c06720-881a-47b0-8184-5e9002341c82" />
      <TestMethod codeBase="C:/Users/zack/.jenkins/workspace/LAP-Unittest/bin/Debug/LPReplayCore.dll" adapterTypeName="Microsoft.VisualStudio.TestTools.TestTypes.Unit.UnitTestAdapter, Microsoft.VisualStudio.QualityTools.Tips.UnitTest.Adapter, Version=12.0.0.0, Culture=neutral, PublicKeyToken=b03f5f7f11d50a3a" className="LPReplayCore.UnitTest.VirtualTestObjectTest, LPReplayCore, Version=1.0.0.0, Culture=neutral, PublicKeyToken=null" name="VirtualTestObject_CreateTestObject" />
    </UnitTest>
    <UnitTest name="WebControl_FlightTour_Book" storage="c:\users\zack\.jenkins\workspace\lap-unittest\bin\debug\lpwebobjects.dll" id="9293972c-2abb-43c7-4315-15c5f6165ee3">
      <Execution timeOut="1800000" id="2810f603-1b20-406e-a3ba-25be52de99c6" />
      <TestMethod codeBase="C:/Users/zack/.jenkins/workspace/LAP-Unittest/bin/Debug/LPWebObjects.dll" adapterTypeName="Microsoft.VisualStudio.TestTools.TestTypes.Unit.UnitTestAdapter, Microsoft.VisualStudio.QualityTools.Tips.UnitTest.Adapter, Version=12.0.0.0, Culture=neutral, PublicKeyToken=b03f5f7f11d50a3a" className="LPWebObjects.UnitTest.WebControlTest, LPWebObjects, Version=1.0.0.0, Culture=neutral, PublicKeyToken=null" name="WebControl_FlightTour_Book" />
    </UnitTest>
    <UnitTest name="UIATestObject_GetContext" storage="c:\users\zack\.jenkins\workspace\lap-unittest\bin\debug\lpreplaycore.dll" id="4c0403ce-8329-fe2d-6b9d-a323d4461880">
      <Execution timeOut="1800000" id="7c4d25c9-f0e4-48ec-836e-61ba1c794e4c" />
      <TestMethod codeBase="C:/Users/zack/.jenkins/workspace/LAP-Unittest/bin/Debug/LPReplayCore.dll" adapterTypeName="Microsoft.VisualStudio.TestTools.TestTypes.Unit.UnitTestAdapter, Microsoft.VisualStudio.QualityTools.Tips.UnitTest.Adapter, Version=12.0.0.0, Culture=neutral, PublicKeyToken=b03f5f7f11d50a3a" className="LPReplayCore.UnitTest.UIATestObjectTest, LPReplayCore, Version=1.0.0.0, Culture=neutral, PublicKeyToken=null" name="UIATestObject_GetContext" />
    </UnitTest>
    <UnitTest name="VirtualTestObject_ctor" storage="c:\users\zack\.jenkins\workspace\lap-unittest\bin\debug\lpreplaycore.dll" id="e161035b-692d-0a1b-c6cb-eadb8a1b4c3f">
      <Execution timeOut="1800000" id="f5311c31-8077-4c07-a3c4-e709813bc508" />
      <TestMethod codeBase="C:/Users/zack/.jenkins/workspace/LAP-Unittest/bin/Debug/LPReplayCore.dll" adapterTypeName="Microsoft.VisualStudio.TestTools.TestTypes.Unit.UnitTestAdapter, Microsoft.VisualStudio.QualityTools.Tips.UnitTest.Adapter, Version=12.0.0.0, Culture=neutral, PublicKeyToken=b03f5f7f11d50a3a" className="LPReplayCore.UnitTest.VirtualTestObjectTest, LPReplayCore, Version=1.0.0.0, Culture=neutral, PublicKeyToken=null" name="VirtualTestObject_ctor" />
    </UnitTest>
    <UnitTest name="ScreenCapture_Capture" storage="c:\users\zack\.jenkins\workspace\lap-unittest\bin\debug\lpreplaycore.dll" id="fefd1bb9-6e36-bd83-1929-d270297d4571">
      <Execution timeOut="1800000" id="1b112e22-7553-4d37-bf6a-54b92f829d0e" />
      <TestMethod codeBase="C:/Users/zack/.jenkins/workspace/LAP-Unittest/bin/Debug/LPReplayCore.dll" adapterTypeName="Microsoft.VisualStudio.TestTools.TestTypes.Unit.UnitTestAdapter, Microsoft.VisualStudio.QualityTools.Tips.UnitTest.Adapter, Version=12.0.0.0, Culture=neutral, PublicKeyToken=b03f5f7f11d50a3a" className="LPReplayCore.UnitTest.ScreenCaptureTest, LPReplayCore, Version=1.0.0.0, Culture=neutral, PublicKeyToken=null" name="ScreenCapture_Capture" />
    </UnitTest>
    <UnitTest name="VirtualTestObject_GetDescriptor" storage="c:\users\zack\.jenkins\workspace\lap-unittest\bin\debug\lpreplaycore.dll" id="7beb1823-c3d8-7431-998c-94e14c4d1e29">
      <Execution timeOut="1800000" id="b4df0e5c-30ea-4475-8f4e-897f998fa882" />
      <TestMethod codeBase="C:/Users/zack/.jenkins/workspace/LAP-Unittest/bin/Debug/LPReplayCore.dll" adapterTypeName="Microsoft.VisualStudio.TestTools.TestTypes.Unit.UnitTestAdapter, Microsoft.VisualStudio.QualityTools.Tips.UnitTest.Adapter, Version=12.0.0.0, Culture=neutral, PublicKeyToken=b03f5f7f11d50a3a" className="LPReplayCore.UnitTest.VirtualTestObjectTest, LPReplayCore, Version=1.0.0.0, Culture=neutral, PublicKeyToken=null" name="VirtualTestObject_GetDescriptor" />
    </UnitTest>
    <UnitTest name="LPLogger_WriteDebug" storage="c:\users\zack\.jenkins\workspace\lap-unittest\bin\debug\lpcommon.dll" id="3e71da62-724c-0faa-f4ae-3038a1dd5225">
      <Execution timeOut="1800000" id="d718a0d9-8953-441f-876b-b46822009046" />
      <TestMethod codeBase="C:/Users/zack/.jenkins/workspace/LAP-Unittest/bin/Debug/LPCommon.dll" adapterTypeName="Microsoft.VisualStudio.TestTools.TestTypes.Unit.UnitTestAdapter, Microsoft.VisualStudio.QualityTools.Tips.UnitTest.Adapter, Version=12.0.0.0, Culture=neutral, PublicKeyToken=b03f5f7f11d50a3a" className="LPCommon.LPLoggerTest, LPCommon, Version=1.0.0.0, Culture=neutral, PublicKeyToken=bad29f7f394a2ead" name="LPLogger_WriteDebug" />
    </UnitTest>
    <UnitTest name="VirtualTestObject_StringRectToRect" storage="c:\users\zack\.jenkins\workspace\lap-unittest\bin\debug\lpreplaycore.dll" id="339df328-80bf-8d02-d286-bb96bb7dd8b1">
      <Execution timeOut="1800000" id="d36aa0e5-8553-4609-beec-45095e16b7e3" />
      <TestMethod codeBase="C:/Users/zack/.jenkins/workspace/LAP-Unittest/bin/Debug/LPReplayCore.dll" adapterTypeName="Microsoft.VisualStudio.TestTools.TestTypes.Unit.UnitTestAdapter, Microsoft.VisualStudio.QualityTools.Tips.UnitTest.Adapter, Version=12.0.0.0, Culture=neutral, PublicKeyToken=b03f5f7f11d50a3a" className="LPReplayCore.UnitTest.VirtualTestObjectTest, LPReplayCore, Version=1.0.0.0, Culture=neutral, PublicKeyToken=null" name="VirtualTestObject_StringRectToRect" />
    </UnitTest>
    <UnitTest name="ObjectDescriptor_GetTestObject" storage="c:\users\zack\.jenkins\workspace\lap-unittest\bin\debug\lpreplaycore.dll" id="8c608502-bd16-0d01-abe1-b217dfadeaab">
      <Execution timeOut="1800000" id="5f0ad318-a296-469f-962d-8d132c1eea87" />
      <TestMethod codeBase="C:/Users/zack/.jenkins/workspace/LAP-Unittest/bin/Debug/LPReplayCore.dll" adapterTypeName="Microsoft.VisualStudio.TestTools.TestTypes.Unit.UnitTestAdapter, Microsoft.VisualStudio.QualityTools.Tips.UnitTest.Adapter, Version=12.0.0.0, Culture=neutral, PublicKeyToken=b03f5f7f11d50a3a" className="LPReplayCore.UnitTest.ObjectDescriptorTest, LPReplayCore, Version=1.0.0.0, Culture=neutral, PublicKeyToken=null" name="ObjectDescriptor_GetTestObject" />
    </UnitTest>
    <UnitTest name="AppModel_AllItems" storage="c:\users\zack\.jenkins\workspace\lap-unittest\bin\debug\lpreplaycore.dll" id="c98b771f-da5d-0ece-2431-5fbfc78ec008">
      <Execution timeOut="1800000" id="828eb50a-97a9-487d-9b19-fa6e3ec7e100" />
      <TestMethod codeBase="C:/Users/zack/.jenkins/workspace/LAP-Unittest/bin/Debug/LPReplayCore.dll" adapterTypeName="Microsoft.VisualStudio.TestTools.TestTypes.Unit.UnitTestAdapter, Microsoft.VisualStudio.QualityTools.Tips.UnitTest.Adapter, Version=12.0.0.0, Culture=neutral, PublicKeyToken=b03f5f7f11d50a3a" className="LPReplayCore.AppModelLoadTest, LPReplayCore, Version=1.0.0.0, Culture=neutral, PublicKeyToken=null" name="AppModel_AllItems" />
    </UnitTest>
    <UnitTest name="AppModel_FindClearButtonTest" storage="c:\users\zack\.jenkins\workspace\lap-unittest\bin\debug\lpreplaycore.dll" id="aeed1a93-c959-eb20-d32e-5207c019cf94">
      <Execution timeOut="1800000" id="ae39d9c6-2dac-473b-a6e5-a9fb4d04a045" />
      <TestMethod codeBase="C:/Users/zack/.jenkins/workspace/LAP-Unittest/bin/Debug/LPReplayCore.dll" adapterTypeName="Microsoft.VisualStudio.TestTools.TestTypes.Unit.UnitTestAdapter, Microsoft.VisualStudio.QualityTools.Tips.UnitTest.Adapter, Version=12.0.0.0, Culture=neutral, PublicKeyToken=b03f5f7f11d50a3a" className="LPReplayCore.AppModelLoadTest, LPReplayCore, Version=1.0.0.0, Culture=neutral, PublicKeyToken=null" name="AppModel_FindClearButtonTest" />
    </UnitTest>
    <UnitTest name="LPLogger_WriteMessage" storage="c:\users\zack\.jenkins\workspace\lap-unittest\bin\debug\lpcommon.dll" id="c2eae682-2a84-d19e-247f-c138deeec8f6">
      <Execution timeOut="1800000" id="6de6ac24-7ec7-4731-b7b7-68de0ba39c66" />
      <TestMethod codeBase="C:/Users/zack/.jenkins/workspace/LAP-Unittest/bin/Debug/LPCommon.dll" adapterTypeName="Microsoft.VisualStudio.TestTools.TestTypes.Unit.UnitTestAdapter, Microsoft.VisualStudio.QualityTools.Tips.UnitTest.Adapter, Version=12.0.0.0, Culture=neutral, PublicKeyToken=b03f5f7f11d50a3a" className="LPCommon.LPLoggerTest, LPCommon, Version=1.0.0.0, Culture=neutral, PublicKeyToken=bad29f7f394a2ead" name="LPLogger_WriteMessage" />
    </UnitTest>
    <UnitTest name="UIAUtility_GetElementLine" storage="c:\users\zack\.jenkins\workspace\lap-unittest\bin\debug\lpreplaycore.dll" id="80bf6e8f-a0d5-2309-3904-5d5ee695851d">
      <Execution timeOut="1800000" id="2a77099f-2a5b-478f-bb7b-af0aa7586f78" />
      <TestMethod codeBase="C:/Users/zack/.jenkins/workspace/LAP-Unittest/bin/Debug/LPReplayCore.dll" adapterTypeName="Microsoft.VisualStudio.TestTools.TestTypes.Unit.UnitTestAdapter, Microsoft.VisualStudio.QualityTools.Tips.UnitTest.Adapter, Version=12.0.0.0, Culture=neutral, PublicKeyToken=b03f5f7f11d50a3a" className="LPReplayCore.UnitTest.UIAUtilityTest, LPReplayCore, Version=1.0.0.0, Culture=neutral, PublicKeyToken=null" name="UIAUtility_GetElementLine" />
    </UnitTest>
    <UnitTest name="UIACondition_CachedProperties" storage="c:\users\zack\.jenkins\workspace\lap-unittest\bin\debug\lpuiaobjects.dll" id="27f64c6d-065a-5bd9-4af6-27cfcbf5e1ef">
      <Execution timeOut="1800000" id="fb896536-6574-48c0-9395-aa5281580c93" />
      <TestMethod codeBase="C:/Users/zack/.jenkins/workspace/LAP-Unittest/bin/Debug/LPUIAObjects.dll" adapterTypeName="Microsoft.VisualStudio.TestTools.TestTypes.Unit.UnitTestAdapter, Microsoft.VisualStudio.QualityTools.Tips.UnitTest.Adapter, Version=12.0.0.0, Culture=neutral, PublicKeyToken=b03f5f7f11d50a3a" className="LPUIAObjects.UnitTest.UIAConditionTest, LPUIAObjects, Version=1.0.0.0, Culture=neutral, PublicKeyToken=null" name="UIACondition_CachedProperties" />
    </UnitTest>
    <UnitTest name="Utility_GetBinDirectory" storage="c:\users\zack\.jenkins\workspace\lap-unittest\bin\debug\lpreplaycore.dll" id="7c4bf3f0-afb5-543b-69d0-b079ed916be7">
      <Execution timeOut="1800000" id="0c97d3cf-9c96-4660-9529-b62d92a2f948" />
      <TestMethod codeBase="C:/Users/zack/.jenkins/workspace/LAP-Unittest/bin/Debug/LPReplayCore.dll" adapterTypeName="Microsoft.VisualStudio.TestTools.TestTypes.Unit.UnitTestAdapter, Microsoft.VisualStudio.QualityTools.Tips.UnitTest.Adapter, Version=12.0.0.0, Culture=neutral, PublicKeyToken=b03f5f7f11d50a3a" className="LPReplayCore.UnitTest.UtilityTest, LPReplayCore, Version=1.0.0.0, Culture=neutral, PublicKeyToken=null" name="Utility_GetBinDirectory" />
    </UnitTest>
    <UnitTest name="UIAFinder_Identify1" storage="c:\users\zack\.jenkins\workspace\lap-unittest\bin\debug\lpreplaycore.dll" id="34d477c7-031c-d0b2-2fb5-6b313ebdc550">
      <Execution timeOut="1800000" id="ccc706de-14b7-48e0-b1e2-c297ce09d5c5" />
      <TestMethod codeBase="C:/Users/zack/.jenkins/workspace/LAP-Unittest/bin/Debug/LPReplayCore.dll" adapterTypeName="Microsoft.VisualStudio.TestTools.TestTypes.Unit.UnitTestAdapter, Microsoft.VisualStudio.QualityTools.Tips.UnitTest.Adapter, Version=12.0.0.0, Culture=neutral, PublicKeyToken=b03f5f7f11d50a3a" className="LPReplayCore.UnitTest.UIAFinderTest, LPReplayCore, Version=1.0.0.0, Culture=neutral, PublicKeyToken=null" name="UIAFinder_Identify1" />
    </UnitTest>
    <UnitTest name="ElementProperties_ToNurseObject" storage="c:\users\zack\.jenkins\workspace\lap-unittest\bin\debug\lpuiaobjects.dll" id="dffb5d99-a41d-4b1a-7119-1b2bcb397fbc">
      <Execution timeOut="1800000" id="4d0ae277-0b4b-4c7c-8b27-97a7a419568f" />
      <TestMethod codeBase="C:/Users/zack/.jenkins/workspace/LAP-Unittest/bin/Debug/LPUIAObjects.dll" adapterTypeName="Microsoft.VisualStudio.TestTools.TestTypes.Unit.UnitTestAdapter, Microsoft.VisualStudio.QualityTools.Tips.UnitTest.Adapter, Version=12.0.0.0, Culture=neutral, PublicKeyToken=b03f5f7f11d50a3a" className="LPUIAObjects.UnitTest.ElementPropertiesTest, LPUIAObjects, Version=1.0.0.0, Culture=neutral, PublicKeyToken=null" name="ElementProperties_ToNurseObject" />
    </UnitTest>
    <UnitTest name="ControlKeysManager_GetKeyString" storage="c:\users\zack\.jenkins\workspace\lap-unittest\bin\debug\lpreplaycore.dll" id="a84be249-029f-ea47-0692-be121a517901">
      <Execution timeOut="1800000" id="7f0b3200-f2ef-4f3c-a62b-59a09c53ebe9" />
      <TestMethod codeBase="C:/Users/zack/.jenkins/workspace/LAP-Unittest/bin/Debug/LPReplayCore.dll" adapterTypeName="Microsoft.VisualStudio.TestTools.TestTypes.Unit.UnitTestAdapter, Microsoft.VisualStudio.QualityTools.Tips.UnitTest.Adapter, Version=12.0.0.0, Culture=neutral, PublicKeyToken=b03f5f7f11d50a3a" className="LPReplayCore.UnitTest.ControlKeysManagerTest, LPReplayCore, Version=1.0.0.0, Culture=neutral, PublicKeyToken=null" name="ControlKeysManager_GetKeyString" />
    </UnitTest>
    <UnitTest name="VirtualTestObject_Properties" storage="c:\users\zack\.jenkins\workspace\lap-unittest\bin\debug\lpreplaycore.dll" id="49a46931-7d32-319e-e17f-ddd50f87c089">
      <Execution timeOut="1800000" id="355f400d-24f1-465a-927a-e5e6678fbcd3" />
      <TestMethod codeBase="C:/Users/zack/.jenkins/workspace/LAP-Unittest/bin/Debug/LPReplayCore.dll" adapterTypeName="Microsoft.VisualStudio.TestTools.TestTypes.Unit.UnitTestAdapter, Microsoft.VisualStudio.QualityTools.Tips.UnitTest.Adapter, Version=12.0.0.0, Culture=neutral, PublicKeyToken=b03f5f7f11d50a3a" className="LPReplayCore.UnitTest.VirtualTestObjectTest, LPReplayCore, Version=1.0.0.0, Culture=neutral, PublicKeyToken=null" name="VirtualTestObject_Properties" />
    </UnitTest>
    <UnitTest name="TestDragAndDrop" storage="c:\users\zack\.jenkins\workspace\lap-unittest\bin\debug\lpwebobjects.dll" id="95e7b9a9-2d5c-239d-2d4f-f0e1e7fbeeec">
      <Execution timeOut="1800000" id="416bf937-6b48-4f07-bf42-43fa6a92e7d4" />
      <TestMethod codeBase="C:/Users/zack/.jenkins/workspace/LAP-Unittest/bin/Debug/LPWebObjects.dll" adapterTypeName="Microsoft.VisualStudio.TestTools.TestTypes.Unit.UnitTestAdapter, Microsoft.VisualStudio.QualityTools.Tips.UnitTest.Adapter, Version=12.0.0.0, Culture=neutral, PublicKeyToken=b03f5f7f11d50a3a" className="LPWebObjects.UnitTest.SeleniumTest, LPWebObjects, Version=1.0.0.0, Culture=neutral, PublicKeyToken=null" name="TestDragAndDrop" />
    </UnitTest>
    <UnitTest name="AppDescriptor_GetObject" storage="c:\users\zack\.jenkins\workspace\lap-unittest\bin\debug\lpreplaycore.dll" id="398fbdad-e683-006a-398a-3cfc5a8e0855">
      <Execution timeOut="1800000" id="11a4d872-a0a5-4f6b-b952-1ad2424a434f" />
      <TestMethod codeBase="C:/Users/zack/.jenkins/workspace/LAP-Unittest/bin/Debug/LPReplayCore.dll" adapterTypeName="Microsoft.VisualStudio.TestTools.TestTypes.Unit.UnitTestAdapter, Microsoft.VisualStudio.QualityTools.Tips.UnitTest.Adapter, Version=12.0.0.0, Culture=neutral, PublicKeyToken=b03f5f7f11d50a3a" className="LPReplayCore.UnitTest.AppDescriptorTest, LPReplayCore, Version=1.0.0.0, Culture=neutral, PublicKeyToken=null" name="AppDescriptor_GetObject" />
    </UnitTest>
    <UnitTest name="TestObjectNurse_FromTreeNode" storage="c:\users\zack\.jenkins\workspace\lap-unittest\bin\debug\lpreplaycore.dll" id="9dec78f8-753a-e4c1-2193-2b216f7bdb79">
      <Execution timeOut="1800000" id="11c00110-0759-44a2-a03b-41fea65eafd3" />
      <TestMethod codeBase="C:/Users/zack/.jenkins/workspace/LAP-Unittest/bin/Debug/LPReplayCore.dll" adapterTypeName="Microsoft.VisualStudio.TestTools.TestTypes.Unit.UnitTestAdapter, Microsoft.VisualStudio.QualityTools.Tips.UnitTest.Adapter, Version=12.0.0.0, Culture=neutral, PublicKeyToken=b03f5f7f11d50a3a" className="LPReplayCore.UnitTest.TestObjectNurseTest, LPReplayCore, Version=1.0.0.0, Culture=neutral, PublicKeyToken=null" name="TestObjectNurse_FromTreeNode" />
    </UnitTest>
    <UnitTest name="ElementProperties_DeriveName1" storage="c:\users\zack\.jenkins\workspace\lap-unittest\bin\debug\lpuiaobjects.dll" id="49c93ea0-ca1c-698b-98f4-9da5f5459b61">
      <Execution timeOut="1800000" id="ba5eec88-9aef-436f-a25f-daf696ed62dd" />
      <TestMethod codeBase="C:/Users/zack/.jenkins/workspace/LAP-Unittest/bin/Debug/LPUIAObjects.dll" adapterTypeName="Microsoft.VisualStudio.TestTools.TestTypes.Unit.UnitTestAdapter, Microsoft.VisualStudio.QualityTools.Tips.UnitTest.Adapter, Version=12.0.0.0, Culture=neutral, PublicKeyToken=b03f5f7f11d50a3a" className="LPUIAObjects.UnitTest.ElementPropertiesTest, LPUIAObjects, Version=1.0.0.0, Culture=neutral, PublicKeyToken=null" name="ElementProperties_DeriveName1" />
    </UnitTest>
    <UnitTest name="ElementProperties_DeriveName" storage="c:\users\zack\.jenkins\workspace\lap-unittest\bin\debug\lpuiaobjects.dll" id="be2e9024-0a3e-e4e6-858a-49a5c04b16c8">
      <Execution timeOut="1800000" id="293fd5cb-2336-4195-803f-3b37571f75fd" />
      <TestMethod codeBase="C:/Users/zack/.jenkins/workspace/LAP-Unittest/bin/Debug/LPUIAObjects.dll" adapterTypeName="Microsoft.VisualStudio.TestTools.TestTypes.Unit.UnitTestAdapter, Microsoft.VisualStudio.QualityTools.Tips.UnitTest.Adapter, Version=12.0.0.0, Culture=neutral, PublicKeyToken=b03f5f7f11d50a3a" className="LPUIAObjects.UnitTest.ElementPropertiesTest, LPUIAObjects, Version=1.0.0.0, Culture=neutral, PublicKeyToken=null" name="ElementProperties_DeriveName" />
    </UnitTest>
    <UnitTest name="LPConfig_KeyExists" storage="c:\users\zack\.jenkins\workspace\lap-unittest\bin\debug\lpreplaycore.dll" id="bbefff3b-0de8-2a62-64be-8f95639da468">
      <Execution timeOut="1800000" id="304fc838-8dde-4be9-b30a-9eed60b36ffb" />
      <TestMethod codeBase="C:/Users/zack/.jenkins/workspace/LAP-Unittest/bin/Debug/LPReplayCore.dll" adapterTypeName="Microsoft.VisualStudio.TestTools.TestTypes.Unit.UnitTestAdapter, Microsoft.VisualStudio.QualityTools.Tips.UnitTest.Adapter, Version=12.0.0.0, Culture=neutral, PublicKeyToken=b03f5f7f11d50a3a" className="LPReplayCore.UnitTest.LPConfigLoadTest, LPReplayCore, Version=1.0.0.0, Culture=neutral, PublicKeyToken=null" name="LPConfig_KeyExists" />
    </UnitTest>
    <UnitTest name="AppModel_FindAddTest" storage="c:\users\zack\.jenkins\workspace\lap-unittest\bin\debug\lpreplaycore.dll" id="ba4cdbed-1f7c-ac5c-bc4c-a087998bc4cf">
      <Execution timeOut="1800000" id="1cb826f8-e9b7-4c6f-ad0c-4970abea0441" />
      <TestMethod codeBase="C:/Users/zack/.jenkins/workspace/LAP-Unittest/bin/Debug/LPReplayCore.dll" adapterTypeName="Microsoft.VisualStudio.TestTools.TestTypes.Unit.UnitTestAdapter, Microsoft.VisualStudio.QualityTools.Tips.UnitTest.Adapter, Version=12.0.0.0, Culture=neutral, PublicKeyToken=b03f5f7f11d50a3a" className="LPReplayCore.AppModelLoadTest, LPReplayCore, Version=1.0.0.0, Culture=neutral, PublicKeyToken=null" name="AppModel_FindAddTest" />
    </UnitTest>
    <UnitTest name="ControlTypeConverter_EqualTest" storage="c:\users\zack\.jenkins\workspace\lap-unittest\bin\debug\lpreplaycore.dll" id="71f63b56-132f-2ae5-fe82-7fa38042bbae">
      <Execution timeOut="1800000" id="a2fca1b0-ecbf-4c19-ac51-ab114f4d2891" />
      <TestMethod codeBase="C:/Users/zack/.jenkins/workspace/LAP-Unittest/bin/Debug/LPReplayCore.dll" adapterTypeName="Microsoft.VisualStudio.TestTools.TestTypes.Unit.UnitTestAdapter, Microsoft.VisualStudio.QualityTools.Tips.UnitTest.Adapter, Version=12.0.0.0, Culture=neutral, PublicKeyToken=b03f5f7f11d50a3a" className="LPReplayCore.UnitTest.ControlTypeConverterTest, LPReplayCore, Version=1.0.0.0, Culture=neutral, PublicKeyToken=null" name="ControlTypeConverter_EqualTest" />
    </UnitTest>
    <UnitTest name="UIAHighlight_HighlightVirtualControl" storage="c:\users\zack\.jenkins\workspace\lap-unittest\bin\debug\lpreplaycore.dll" id="6ad09422-386b-118c-e8c4-11fa2adec5b6">
      <Execution timeOut="1800000" id="02823bc6-0f25-41ac-a82e-e84fb1281c72" />
      <TestMethod codeBase="C:/Users/zack/.jenkins/workspace/LAP-Unittest/bin/Debug/LPReplayCore.dll" adapterTypeName="Microsoft.VisualStudio.TestTools.TestTypes.Unit.UnitTestAdapter, Microsoft.VisualStudio.QualityTools.Tips.UnitTest.Adapter, Version=12.0.0.0, Culture=neutral, PublicKeyToken=b03f5f7f11d50a3a" className="LPReplayCore.UnitTest.UIAHighlightTest, LPReplayCore, Version=1.0.0.0, Culture=neutral, PublicKeyToken=null" name="UIAHighlight_HighlightVirtualControl" />
    </UnitTest>
    <UnitTest name="CodeGenerator_GetFullPathName" storage="c:\users\zack\.jenkins\workspace\lap-unittest\bin\debug\lpuiaobjects.dll" id="bd27e7bc-b3d9-ba13-5163-f038dc399402">
      <Execution timeOut="1800000" id="5b7465fd-2b5d-4c93-9ba5-451140ca1aba" />
      <TestMethod codeBase="C:/Users/zack/.jenkins/workspace/LAP-Unittest/bin/Debug/LPUIAObjects.dll" adapterTypeName="Microsoft.VisualStudio.TestTools.TestTypes.Unit.UnitTestAdapter, Microsoft.VisualStudio.QualityTools.Tips.UnitTest.Adapter, Version=12.0.0.0, Culture=neutral, PublicKeyToken=b03f5f7f11d50a3a" className="LPUIAObjects.UnitTest.CodeGeneratorTest, LPUIAObjects, Version=1.0.0.0, Culture=neutral, PublicKeyToken=null" name="CodeGenerator_GetFullPathName" />
    </UnitTest>
    <UnitTest name="WebControl_FlightTour_Login" storage="c:\users\zack\.jenkins\workspace\lap-unittest\bin\debug\lpwebobjects.dll" id="96765513-b409-77a6-3bae-c21f04e40ac9">
      <Execution timeOut="1800000" id="8fa06df1-3ac3-49d9-9a11-ba2fc6c09530" />
      <TestMethod codeBase="C:/Users/zack/.jenkins/workspace/LAP-Unittest/bin/Debug/LPWebObjects.dll" adapterTypeName="Microsoft.VisualStudio.TestTools.TestTypes.Unit.UnitTestAdapter, Microsoft.VisualStudio.QualityTools.Tips.UnitTest.Adapter, Version=12.0.0.0, Culture=neutral, PublicKeyToken=b03f5f7f11d50a3a" className="LPWebObjects.UnitTest.WebControlTest, LPWebObjects, Version=1.0.0.0, Culture=neutral, PublicKeyToken=null" name="WebControl_FlightTour_Login" />
    </UnitTest>
    <UnitTest name="AppDescriptor_ctor_AppModel" storage="c:\users\zack\.jenkins\workspace\lap-unittest\bin\debug\lpreplaycore.dll" id="2dfc7802-6e59-1371-48f6-ff3298c5622c">
      <Execution timeOut="1800000" id="eb7f3041-bc8d-4d8d-a9fb-8ae3ec5622d7" />
      <TestMethod codeBase="C:/Users/zack/.jenkins/workspace/LAP-Unittest/bin/Debug/LPReplayCore.dll" adapterTypeName="Microsoft.VisualStudio.TestTools.TestTypes.Unit.UnitTestAdapter, Microsoft.VisualStudio.QualityTools.Tips.UnitTest.Adapter, Version=12.0.0.0, Culture=neutral, PublicKeyToken=b03f5f7f11d50a3a" className="LPReplayCore.UnitTest.AppDescriptorTest, LPReplayCore, Version=1.0.0.0, Culture=neutral, PublicKeyToken=null" name="AppDescriptor_ctor_AppModel" />
    </UnitTest>
    <UnitTest name="UIACondition_NormalizeCachedProperties" storage="c:\users\zack\.jenkins\workspace\lap-unittest\bin\debug\lpuiaobjects.dll" id="3e50168e-3f2d-ece2-137d-dd69787f3922">
      <Execution timeOut="1800000" id="ab730515-8c6c-4d97-9975-66163b7646f4" />
      <TestMethod codeBase="C:/Users/zack/.jenkins/workspace/LAP-Unittest/bin/Debug/LPUIAObjects.dll" adapterTypeName="Microsoft.VisualStudio.TestTools.TestTypes.Unit.UnitTestAdapter, Microsoft.VisualStudio.QualityTools.Tips.UnitTest.Adapter, Version=12.0.0.0, Culture=neutral, PublicKeyToken=b03f5f7f11d50a3a" className="LPUIAObjects.UnitTest.UIAConditionTest, LPUIAObjects, Version=1.0.0.0, Culture=neutral, PublicKeyToken=null" name="UIACondition_NormalizeCachedProperties" />
    </UnitTest>
    <UnitTest name="LPConfig_SaveSettings" storage="c:\users\zack\.jenkins\workspace\lap-unittest\bin\debug\lpreplaycore.dll" id="238cc902-66a6-74d7-d787-fb9d0da066e6">
      <Execution timeOut="1800000" id="d583a1a9-ac6e-433e-81bd-cbb234b4a615" />
      <TestMethod codeBase="C:/Users/zack/.jenkins/workspace/LAP-Unittest/bin/Debug/LPReplayCore.dll" adapterTypeName="Microsoft.VisualStudio.TestTools.TestTypes.Unit.UnitTestAdapter, Microsoft.VisualStudio.QualityTools.Tips.UnitTest.Adapter, Version=12.0.0.0, Culture=neutral, PublicKeyToken=b03f5f7f11d50a3a" className="LPReplayCore.UnitTest.LPConfigLoadTest, LPReplayCore, Version=1.0.0.0, Culture=neutral, PublicKeyToken=null" name="LPConfig_SaveSettings" />
    </UnitTest>
    <UnitTest name="AppModelManager_Save" storage="c:\users\zack\.jenkins\workspace\lap-unittest\bin\debug\lpreplaycore.dll" id="7d759975-a2e0-cea8-badf-e952f822a094">
      <Execution timeOut="1800000" id="66e511b0-9d09-4640-a6ed-1aedc2fd3f6e" />
      <TestMethod codeBase="C:/Users/zack/.jenkins/workspace/LAP-Unittest/bin/Debug/LPReplayCore.dll" adapterTypeName="Microsoft.VisualStudio.TestTools.TestTypes.Unit.UnitTestAdapter, Microsoft.VisualStudio.QualityTools.Tips.UnitTest.Adapter, Version=12.0.0.0, Culture=neutral, PublicKeyToken=b03f5f7f11d50a3a" className="LPReplayCore.UnitTest.JsonSerializerTest, LPReplayCore, Version=1.0.0.0, Culture=neutral, PublicKeyToken=null" name="AppModelManager_Save" />
    </UnitTest>
    <UnitTest name="AppModel_Add" storage="c:\users\zack\.jenkins\workspace\lap-unittest\bin\debug\lpreplaycore.dll" id="272ac815-8b64-3d50-e285-e9ef84b0c83f">
      <Execution timeOut="1800000" id="56860c1d-84d1-4f37-b1b5-d9718a1c6a74" />
      <TestMethod codeBase="C:/Users/zack/.jenkins/workspace/LAP-Unittest/bin/Debug/LPReplayCore.dll" adapterTypeName="Microsoft.VisualStudio.TestTools.TestTypes.Unit.UnitTestAdapter, Microsoft.VisualStudio.QualityTools.Tips.UnitTest.Adapter, Version=12.0.0.0, Culture=neutral, PublicKeyToken=b03f5f7f11d50a3a" className="LPReplayCore.AppModelLoadTest, LPReplayCore, Version=1.0.0.0, Culture=neutral, PublicKeyToken=null" name="AppModel_Add" />
    </UnitTest>
    <UnitTest name="PropertyItemTest" storage="c:\users\zack\.jenkins\workspace\lap-unittest\bin\debug\lpreplaycore.dll" id="8c3ea0b6-8a04-355c-38c3-37832f6b0abe">
      <Execution timeOut="1800000" id="ee85d101-8d26-46b9-bebf-8aee29908f22" />
      <TestMethod codeBase="C:/Users/zack/.jenkins/workspace/LAP-Unittest/bin/Debug/LPReplayCore.dll" adapterTypeName="Microsoft.VisualStudio.TestTools.TestTypes.Unit.UnitTestAdapter, Microsoft.VisualStudio.QualityTools.Tips.UnitTest.Adapter, Version=12.0.0.0, Culture=neutral, PublicKeyToken=b03f5f7f11d50a3a" className="LPReplayCore.UnitTest.TempUnitTests, LPReplayCore, Version=1.0.0.0, Culture=neutral, PublicKeyToken=null" name="PropertyItemTest" />
    </UnitTest>
    <UnitTest name="ButtonToAutomationElementTest" storage="c:\users\zack\.jenkins\workspace\lap-unittest\bin\debug\lpreplaycore.dll" id="b6ef410f-533e-0cbb-3af1-0eeda023335d">
      <Execution timeOut="1800000" id="f7fb1c6a-5546-4b2f-9e66-785d2cd1ff7e" />
      <TestMethod codeBase="C:/Users/zack/.jenkins/workspace/LAP-Unittest/bin/Debug/LPReplayCore.dll" adapterTypeName="Microsoft.VisualStudio.TestTools.TestTypes.Unit.UnitTestAdapter, Microsoft.VisualStudio.QualityTools.Tips.UnitTest.Adapter, Version=12.0.0.0, Culture=neutral, PublicKeyToken=b03f5f7f11d50a3a" className="LPReplayCore.UnitTest.UIAUtilityTest, LPReplayCore, Version=1.0.0.0, Culture=neutral, PublicKeyToken=null" name="ButtonToAutomationElementTest" />
    </UnitTest>
    <UnitTest name="ReadOnlyCollectionTest2" storage="c:\users\zack\.jenkins\workspace\lap-unittest\bin\debug\lpreplaycore.dll" id="bd6250af-b46d-828d-236e-44ad14a1deee">
      <Execution timeOut="1800000" id="49bee7af-6b0d-4049-aab4-ea633787a473" />
      <TestMethod codeBase="C:/Users/zack/.jenkins/workspace/LAP-Unittest/bin/Debug/LPReplayCore.dll" adapterTypeName="Microsoft.VisualStudio.TestTools.TestTypes.Unit.UnitTestAdapter, Microsoft.VisualStudio.QualityTools.Tips.UnitTest.Adapter, Version=12.0.0.0, Culture=neutral, PublicKeyToken=b03f5f7f11d50a3a" className="LPReplayCore.UnitTest.TempUnitTests, LPReplayCore, Version=1.0.0.0, Culture=neutral, PublicKeyToken=null" name="ReadOnlyCollectionTest2" />
    </UnitTest>
    <UnitTest name="ElementProperties_ToNurseObject2" storage="c:\users\zack\.jenkins\workspace\lap-unittest\bin\debug\lpuiaobjects.dll" id="ae14e43c-5b64-cfb9-cf0b-866dd1d6628d">
      <Execution timeOut="1800000" id="bb787dd4-501e-4f66-8627-302ea71526da" />
      <TestMethod codeBase="C:/Users/zack/.jenkins/workspace/LAP-Unittest/bin/Debug/LPUIAObjects.dll" adapterTypeName="Microsoft.VisualStudio.TestTools.TestTypes.Unit.UnitTestAdapter, Microsoft.VisualStudio.QualityTools.Tips.UnitTest.Adapter, Version=12.0.0.0, Culture=neutral, PublicKeyToken=b03f5f7f11d50a3a" className="LPUIAObjects.UnitTest.ElementPropertiesTest, LPUIAObjects, Version=1.0.0.0, Culture=neutral, PublicKeyToken=null" name="ElementProperties_ToNurseObject2" />
    </UnitTest>
    <UnitTest name="UIAHighlight_SearchandHighlight_ProgramRestarted" storage="c:\users\zack\.jenkins\workspace\lap-unittest\bin\debug\lpreplaycore.dll" id="ea9ba063-0719-f528-b442-98f67837301d">
      <Execution timeOut="1800000" id="94695c2e-ed53-4416-a5ca-292a2cc2210a" />
      <TestMethod codeBase="C:/Users/zack/.jenkins/workspace/LAP-Unittest/bin/Debug/LPReplayCore.dll" adapterTypeName="Microsoft.VisualStudio.TestTools.TestTypes.Unit.UnitTestAdapter, Microsoft.VisualStudio.QualityTools.Tips.UnitTest.Adapter, Version=12.0.0.0, Culture=neutral, PublicKeyToken=b03f5f7f11d50a3a" className="LPReplayCore.UnitTest.UIAHighlightTest, LPReplayCore, Version=1.0.0.0, Culture=neutral, PublicKeyToken=null" name="UIAHighlight_SearchandHighlight_ProgramRestarted" />
    </UnitTest>
  </TestDefinitions>
  <TestLists>
    <TestList name="列表中未列出的结果" id="8c84fa94-04c1-424b-9868-57a2d4851a1d" />
    <TestList name="所有已加载的结果" id="19431567-8539-422a-85d7-44ee4e166bda" />
  </TestLists>
  <TestEntries>
    <TestEntry testId="6074bd46-f3ba-5268-c0d7-5c15520e9c8a" executionId="f4037d15-a8ab-4db0-8990-ab05f1dbdc14" testListId="8c84fa94-04c1-424b-9868-57a2d4851a1d" />
    <TestEntry testId="1cc439d1-960c-fbfe-28e7-1fc5037db04e" executionId="b2e1eccf-e836-4f77-947c-2df83e92bba0" testListId="8c84fa94-04c1-424b-9868-57a2d4851a1d" />
    <TestEntry testId="38ca1db4-ffa3-77ef-1f74-abd49bc0cb8a" executionId="11bbdc03-7c3e-4039-b25d-d8a25254b0b7" testListId="8c84fa94-04c1-424b-9868-57a2d4851a1d" />
    <TestEntry testId="3e71da62-724c-0faa-f4ae-3038a1dd5225" executionId="d718a0d9-8953-441f-876b-b46822009046" testListId="8c84fa94-04c1-424b-9868-57a2d4851a1d" />
    <TestEntry testId="e5af192a-e386-f718-6e52-0c3a78019793" executionId="6f8df80d-fcaf-41ed-8616-7fabe936e479" testListId="8c84fa94-04c1-424b-9868-57a2d4851a1d" />
    <TestEntry testId="78a64da2-a405-e634-93ef-4f0e6cd22124" executionId="9c30d177-6acd-4aaf-bc16-e96dad56d8f1" testListId="8c84fa94-04c1-424b-9868-57a2d4851a1d" />
    <TestEntry testId="c2eae682-2a84-d19e-247f-c138deeec8f6" executionId="6de6ac24-7ec7-4731-b7b7-68de0ba39c66" testListId="8c84fa94-04c1-424b-9868-57a2d4851a1d" />
    <TestEntry testId="116add86-0ebf-aafb-0bf9-bf61b8d1ff1d" executionId="8f113e54-f8f8-4836-b450-129bc0f18e6b" testListId="8c84fa94-04c1-424b-9868-57a2d4851a1d" />
    <TestEntry testId="8aeca674-961d-2d01-1352-30335790a539" executionId="ee9eb831-230e-44d9-afdd-49e2b449e6ae" testListId="8c84fa94-04c1-424b-9868-57a2d4851a1d" />
    <TestEntry testId="272ac815-8b64-3d50-e285-e9ef84b0c83f" executionId="56860c1d-84d1-4f37-b1b5-d9718a1c6a74" testListId="8c84fa94-04c1-424b-9868-57a2d4851a1d" />
    <TestEntry testId="c98b771f-da5d-0ece-2431-5fbfc78ec008" executionId="828eb50a-97a9-487d-9b19-fa6e3ec7e100" testListId="8c84fa94-04c1-424b-9868-57a2d4851a1d" />
    <TestEntry testId="497ebb4e-2d91-0038-b23a-1d21a5d6fc7e" executionId="ea0f6b90-0113-4813-8443-8e8175d17180" testListId="8c84fa94-04c1-424b-9868-57a2d4851a1d" />
    <TestEntry testId="21811864-7593-1a9d-ba4a-271f9c3c8de6" executionId="da535b8c-4c82-4a3f-8512-fbdba53515d5" testListId="8c84fa94-04c1-424b-9868-57a2d4851a1d" />
    <TestEntry testId="ba4cdbed-1f7c-ac5c-bc4c-a087998bc4cf" executionId="1cb826f8-e9b7-4c6f-ad0c-4970abea0441" testListId="8c84fa94-04c1-424b-9868-57a2d4851a1d" />
    <TestEntry testId="aeed1a93-c959-eb20-d32e-5207c019cf94" executionId="ae39d9c6-2dac-473b-a6e5-a9fb4d04a045" testListId="8c84fa94-04c1-424b-9868-57a2d4851a1d" />
    <TestEntry testId="703ef91d-e335-b8b8-d9a0-ee751e55668f" executionId="536eb16e-3be0-4a01-9810-ea5e7b019935" testListId="8c84fa94-04c1-424b-9868-57a2d4851a1d" />
    <TestEntry testId="5a815ce3-7e17-fe3d-318a-ead41a3a6dd8" executionId="8dd701d4-f1e3-451c-b469-f06005205bc4" testListId="8c84fa94-04c1-424b-9868-57a2d4851a1d" />
    <TestEntry testId="a7c1308f-bd5c-f0a4-fd91-02c121fdd341" executionId="c75719c1-6b96-4af1-83cd-834cac67e83d" testListId="8c84fa94-04c1-424b-9868-57a2d4851a1d" />
    <TestEntry testId="2dfc7802-6e59-1371-48f6-ff3298c5622c" executionId="eb7f3041-bc8d-4d8d-a9fb-8ae3ec5622d7" testListId="8c84fa94-04c1-424b-9868-57a2d4851a1d" />
    <TestEntry testId="398fbdad-e683-006a-398a-3cfc5a8e0855" executionId="11a4d872-a0a5-4f6b-b952-1ad2424a434f" testListId="8c84fa94-04c1-424b-9868-57a2d4851a1d" />
    <TestEntry testId="ab1eec52-7001-e28a-91a4-dae62babd5dc" executionId="11bb4c7b-90e7-4dc4-9589-a3dde158c833" testListId="8c84fa94-04c1-424b-9868-57a2d4851a1d" />
    <TestEntry testId="c069ba5d-b761-3b72-b1b0-51bab54513c2" executionId="ba02af1d-c15a-4f92-81ab-dcd449a49dac" testListId="8c84fa94-04c1-424b-9868-57a2d4851a1d" />
    <TestEntry testId="a84be249-029f-ea47-0692-be121a517901" executionId="7f0b3200-f2ef-4f3c-a62b-59a09c53ebe9" testListId="8c84fa94-04c1-424b-9868-57a2d4851a1d" />
    <TestEntry testId="32563bdb-bb52-1e8a-2436-02b648b94780" executionId="5cdb4b24-2cbf-4318-89f5-dce8f2e3d7e2" testListId="8c84fa94-04c1-424b-9868-57a2d4851a1d" />
    <TestEntry testId="71f63b56-132f-2ae5-fe82-7fa38042bbae" executionId="a2fca1b0-ecbf-4c19-ac51-ab114f4d2891" testListId="8c84fa94-04c1-424b-9868-57a2d4851a1d" />
    <TestEntry testId="f611c44d-06f8-81f7-e8f6-94286161a7dd" executionId="bb1449d7-36c7-4a9c-a71a-70cd0123556b" testListId="8c84fa94-04c1-424b-9868-57a2d4851a1d" />
    <TestEntry testId="4476eac1-b497-b853-e3f2-f39078c511ad" executionId="7082c204-546a-4ebd-a889-1ca6bd2af56c" testListId="8c84fa94-04c1-424b-9868-57a2d4851a1d" />
    <TestEntry testId="bbd2ffca-76df-3561-d6dc-4cc92ff94e87" executionId="32eb7693-ed3a-423f-ba64-236737234d5f" testListId="8c84fa94-04c1-424b-9868-57a2d4851a1d" />
    <TestEntry testId="7d759975-a2e0-cea8-badf-e952f822a094" executionId="66e511b0-9d09-4640-a6ed-1aedc2fd3f6e" testListId="8c84fa94-04c1-424b-9868-57a2d4851a1d" />
    <TestEntry testId="346e1da8-e79d-c6b7-96f3-c8112cde5174" executionId="e58812b6-947e-490a-b544-2abc1ea1e910" testListId="8c84fa94-04c1-424b-9868-57a2d4851a1d" />
    <TestEntry testId="413f80b4-4654-c797-c90a-d69a842f1a41" executionId="e97e4ae5-1863-4e4d-948d-3f5fef902fcf" testListId="8c84fa94-04c1-424b-9868-57a2d4851a1d" />
    <TestEntry testId="bc9af31f-7be1-59bf-4051-3bb7da03e6c5" executionId="ee19c47c-f131-483b-b4d0-7dba29cb5240" testListId="8c84fa94-04c1-424b-9868-57a2d4851a1d" />
    <TestEntry testId="c316a3f4-4c23-db19-462c-b2fa33796566" executionId="e2fb51ff-40d7-4fff-b1d7-543f5d7f7804" testListId="8c84fa94-04c1-424b-9868-57a2d4851a1d" />
    <TestEntry testId="9e32c0ba-8544-e989-9734-d67e8580b510" executionId="7657f4f8-aed6-4daf-a04f-c37954c818f7" testListId="8c84fa94-04c1-424b-9868-57a2d4851a1d" />
    <TestEntry testId="bbefff3b-0de8-2a62-64be-8f95639da468" executionId="304fc838-8dde-4be9-b30a-9eed60b36ffb" testListId="8c84fa94-04c1-424b-9868-57a2d4851a1d" />
    <TestEntry testId="19e9a714-732e-8fdb-e4a1-c4128f51e77f" executionId="52a8165f-1b9a-4a13-8cd1-674fe026d89d" testListId="8c84fa94-04c1-424b-9868-57a2d4851a1d" />
    <TestEntry testId="238cc902-66a6-74d7-d787-fb9d0da066e6" executionId="d583a1a9-ac6e-433e-81bd-cbb234b4a615" testListId="8c84fa94-04c1-424b-9868-57a2d4851a1d" />
    <TestEntry testId="0b33b199-ea93-c70a-4669-af2265e19961" executionId="161bdc1c-7969-4d36-87b5-473a88b05fd7" testListId="8c84fa94-04c1-424b-9868-57a2d4851a1d" />
    <TestEntry testId="c20086a7-d694-7559-1465-471fc42bb9c0" executionId="37c650f1-113d-4bd9-9ae2-3641d571e501" testListId="8c84fa94-04c1-424b-9868-57a2d4851a1d" />
    <TestEntry testId="0bc6b3e0-2497-0ceb-3f69-d14825cbab2e" executionId="97bb6816-eec1-42d8-a3e3-59cb38e9311e" testListId="8c84fa94-04c1-424b-9868-57a2d4851a1d" />
    <TestEntry testId="855d748b-2d4c-6137-e5c0-6b48d1fa07df" executionId="7dcac323-ec34-4cc6-93cd-3aa72e77ba4f" testListId="8c84fa94-04c1-424b-9868-57a2d4851a1d" />
    <TestEntry testId="8c608502-bd16-0d01-abe1-b217dfadeaab" executionId="5f0ad318-a296-469f-962d-8d132c1eea87" testListId="8c84fa94-04c1-424b-9868-57a2d4851a1d" />
    <TestEntry testId="21eeb0d1-5604-248d-a074-6a9a0f64a993" executionId="3657b461-ff15-45a1-ba9d-21ad37d5b026" testListId="8c84fa94-04c1-424b-9868-57a2d4851a1d" />
    <TestEntry testId="cb136bbd-eea3-12a0-e567-a992952a5ca3" executionId="3eda78d9-c1ac-419c-9273-1a10438479a4" testListId="8c84fa94-04c1-424b-9868-57a2d4851a1d" />
    <TestEntry testId="55d14987-2e11-1614-e351-a422f0bfe140" executionId="ce44cbb0-5e65-4188-be3e-45091bc9657f" testListId="8c84fa94-04c1-424b-9868-57a2d4851a1d" />
    <TestEntry testId="7f6b092a-a0cd-e0e5-075b-e1565fc73957" executionId="a8ae1a5a-b14d-4e43-8418-bc5f2d02c56e" testListId="8c84fa94-04c1-424b-9868-57a2d4851a1d" />
    <TestEntry testId="786089b5-e68c-b536-852c-6239e563aeb1" executionId="aa4ff9aa-4d00-4166-92c9-e9e3e7b763a5" testListId="8c84fa94-04c1-424b-9868-57a2d4851a1d" />
    <TestEntry testId="646e9a74-b7a1-634a-85f7-6026750359ce" executionId="7cd071e0-2245-49af-a613-a392c785fcbd" testListId="8c84fa94-04c1-424b-9868-57a2d4851a1d" />
    <TestEntry testId="fefd1bb9-6e36-bd83-1929-d270297d4571" executionId="1b112e22-7553-4d37-bf6a-54b92f829d0e" testListId="8c84fa94-04c1-424b-9868-57a2d4851a1d" />
    <TestEntry testId="f466872a-07a5-ce14-8766-689a8dd15f37" executionId="153518c1-e276-4a1e-9ffc-ba94c15c8c77" testListId="8c84fa94-04c1-424b-9868-57a2d4851a1d" />
    <TestEntry testId="e2ef9746-31f5-307c-e931-0882f93762f5" executionId="31048eb9-91ed-42a8-b64d-672fb0220644" testListId="8c84fa94-04c1-424b-9868-57a2d4851a1d" />
    <TestEntry testId="8c3ea0b6-8a04-355c-38c3-37832f6b0abe" executionId="ee85d101-8d26-46b9-bebf-8aee29908f22" testListId="8c84fa94-04c1-424b-9868-57a2d4851a1d" />
    <TestEntry testId="c99fa5e6-d382-8cb2-a191-31d76ec90be4" executionId="51f2fc20-1a05-497a-80ac-bcfddcc8f04e" testListId="8c84fa94-04c1-424b-9868-57a2d4851a1d" />
    <TestEntry testId="bd6250af-b46d-828d-236e-44ad14a1deee" executionId="49bee7af-6b0d-4049-aab4-ea633787a473" testListId="8c84fa94-04c1-424b-9868-57a2d4851a1d" />
    <TestEntry testId="cfde5249-75bf-5e37-4db3-b3e567188488" executionId="501e0a13-ccd3-4819-929c-3d51c8b0646b" testListId="8c84fa94-04c1-424b-9868-57a2d4851a1d" />
    <TestEntry testId="8544c72b-57a6-fb09-80c4-df6996dc2937" executionId="96beaba8-947b-4e79-a9a8-e5293ce7eb1a" testListId="8c84fa94-04c1-424b-9868-57a2d4851a1d" />
    <TestEntry testId="c3f22580-c126-7767-bec1-fc154232f87e" executionId="9b3dac34-734d-4f67-ac4e-010689c1f6c4" testListId="8c84fa94-04c1-424b-9868-57a2d4851a1d" />
    <TestEntry testId="eddde9c4-c253-2f13-e291-42bda109ee75" executionId="2647c41f-e011-4eb2-a81e-b2794262fa42" testListId="8c84fa94-04c1-424b-9868-57a2d4851a1d" />
    <TestEntry testId="f03aa02d-b7c1-231a-83a9-6c794fd39a54" executionId="028b0493-8a62-4a9d-bb6e-41acc6a5e8c4" testListId="8c84fa94-04c1-424b-9868-57a2d4851a1d" />
    <TestEntry testId="10d7a038-89e9-d535-b980-3964dda57ad5" executionId="042deaf4-93b6-432a-84f1-3b1475c9ce20" testListId="8c84fa94-04c1-424b-9868-57a2d4851a1d" />
    <TestEntry testId="2a2c47f9-fff7-bcb6-cadc-6219944d55b6" executionId="2b5e0375-a5ec-4b2f-9b48-68c3ce13ab54" testListId="8c84fa94-04c1-424b-9868-57a2d4851a1d" />
    <TestEntry testId="86c5036c-20bc-593f-bd4c-537bd745a5a6" executionId="a7f804ef-b13a-4d61-937c-98b0bf70911e" testListId="8c84fa94-04c1-424b-9868-57a2d4851a1d" />
    <TestEntry testId="5e96ab7f-e9da-dfac-24ab-97766a6e8cad" executionId="9a38c310-c37e-4f90-9916-198019c56b4a" testListId="8c84fa94-04c1-424b-9868-57a2d4851a1d" />
    <TestEntry testId="a89b58ac-90c3-879c-a74f-bc9a6cf6be8e" executionId="7d9c93c5-b9b3-4c8b-b467-d12db6ca4d1b" testListId="8c84fa94-04c1-424b-9868-57a2d4851a1d" />
    <TestEntry testId="9dec78f8-753a-e4c1-2193-2b216f7bdb79" executionId="11c00110-0759-44a2-a03b-41fea65eafd3" testListId="8c84fa94-04c1-424b-9868-57a2d4851a1d" />
    <TestEntry testId="92a55033-1839-5bd6-a11d-d61877d9abea" executionId="8e1fb45c-fd3c-4414-8d2f-2c133218dd06" testListId="8c84fa94-04c1-424b-9868-57a2d4851a1d" />
    <TestEntry testId="20765945-874a-7443-a72e-bab9977f0289" executionId="860f27e7-ffc2-41f6-be9f-a3314511f253" testListId="8c84fa94-04c1-424b-9868-57a2d4851a1d" />
    <TestEntry testId="7bc325ab-f149-03f6-bfc5-719ce740916f" executionId="7629f40a-347e-41b1-afda-e009cdb6f79e" testListId="8c84fa94-04c1-424b-9868-57a2d4851a1d" />
    <TestEntry testId="34d477c7-031c-d0b2-2fb5-6b313ebdc550" executionId="ccc706de-14b7-48e0-b1e2-c297ce09d5c5" testListId="8c84fa94-04c1-424b-9868-57a2d4851a1d" />
    <TestEntry testId="12026806-b265-0731-b747-64f897a451da" executionId="c7031e21-bc65-4bf2-8908-d59995393329" testListId="8c84fa94-04c1-424b-9868-57a2d4851a1d" />
    <TestEntry testId="6ad09422-386b-118c-e8c4-11fa2adec5b6" executionId="02823bc6-0f25-41ac-a82e-e84fb1281c72" testListId="8c84fa94-04c1-424b-9868-57a2d4851a1d" />
    <TestEntry testId="ea9ba063-0719-f528-b442-98f67837301d" executionId="94695c2e-ed53-4416-a5ca-292a2cc2210a" testListId="8c84fa94-04c1-424b-9868-57a2d4851a1d" />
    <TestEntry testId="e162633a-d896-c4a3-4192-c5343187fe37" executionId="1e1f50f6-77b7-4700-aa17-e45ef91d68b0" testListId="8c84fa94-04c1-424b-9868-57a2d4851a1d" />
    <TestEntry testId="0207a86a-27b3-381d-dba5-b6c7970ab1d2" executionId="215fd6dd-666b-420a-9f99-e49c2d95df43" testListId="8c84fa94-04c1-424b-9868-57a2d4851a1d" />
    <TestEntry testId="4245cd78-e7a3-2f83-faed-51e12e8903ea" executionId="39980464-b83a-4ff7-9d24-b811127f7ff5" testListId="8c84fa94-04c1-424b-9868-57a2d4851a1d" />
    <TestEntry testId="e07a50f7-bf06-a4cf-6c63-c92a68994d49" executionId="81ae7513-9682-4706-a668-2519dd53c03d" testListId="8c84fa94-04c1-424b-9868-57a2d4851a1d" />
    <TestEntry testId="1133ba44-cb15-372f-e1e0-a3ef4ba7e538" executionId="73a23821-5e5e-4abd-8f1e-f085472babe9" testListId="8c84fa94-04c1-424b-9868-57a2d4851a1d" />
    <TestEntry testId="7462445f-e6f2-1eaf-eb9a-027b3e3816e9" executionId="8eacff37-1f40-45ef-8d86-498aae5bb0ab" testListId="8c84fa94-04c1-424b-9868-57a2d4851a1d" />
    <TestEntry testId="4c0403ce-8329-fe2d-6b9d-a323d4461880" executionId="7c4d25c9-f0e4-48ec-836e-61ba1c794e4c" testListId="8c84fa94-04c1-424b-9868-57a2d4851a1d" />
    <TestEntry testId="73b0abb0-79b4-6104-975b-b9e38791d952" executionId="d9e61b96-d403-460b-a14f-96afb48f34a1" testListId="8c84fa94-04c1-424b-9868-57a2d4851a1d" />
    <TestEntry testId="ded679bf-0bc0-0df6-a237-9efe66a98668" executionId="78ec8ee7-924a-4b4d-88ef-a9e24cbfc6fd" testListId="8c84fa94-04c1-424b-9868-57a2d4851a1d" />
    <TestEntry testId="b6ef410f-533e-0cbb-3af1-0eeda023335d" executionId="f7fb1c6a-5546-4b2f-9e66-785d2cd1ff7e" testListId="8c84fa94-04c1-424b-9868-57a2d4851a1d" />
    <TestEntry testId="80bf6e8f-a0d5-2309-3904-5d5ee695851d" executionId="2a77099f-2a5b-478f-bb7b-af0aa7586f78" testListId="8c84fa94-04c1-424b-9868-57a2d4851a1d" />
    <TestEntry testId="7c4bf3f0-afb5-543b-69d0-b079ed916be7" executionId="0c97d3cf-9c96-4660-9529-b62d92a2f948" testListId="8c84fa94-04c1-424b-9868-57a2d4851a1d" />
    <TestEntry testId="64545cbe-8169-21ee-dd06-8043e3ab9f18" executionId="3ab68f0d-bcd0-43f1-a1d2-afe35f73942c" testListId="8c84fa94-04c1-424b-9868-57a2d4851a1d" />
    <TestEntry testId="b27c0857-e915-29d8-bc21-8727c065d282" executionId="f4c06720-881a-47b0-8184-5e9002341c82" testListId="8c84fa94-04c1-424b-9868-57a2d4851a1d" />
    <TestEntry testId="e161035b-692d-0a1b-c6cb-eadb8a1b4c3f" executionId="f5311c31-8077-4c07-a3c4-e709813bc508" testListId="8c84fa94-04c1-424b-9868-57a2d4851a1d" />
    <TestEntry testId="7beb1823-c3d8-7431-998c-94e14c4d1e29" executionId="b4df0e5c-30ea-4475-8f4e-897f998fa882" testListId="8c84fa94-04c1-424b-9868-57a2d4851a1d" />
    <TestEntry testId="49a46931-7d32-319e-e17f-ddd50f87c089" executionId="355f400d-24f1-465a-927a-e5e6678fbcd3" testListId="8c84fa94-04c1-424b-9868-57a2d4851a1d" />
    <TestEntry testId="339df328-80bf-8d02-d286-bb96bb7dd8b1" executionId="d36aa0e5-8553-4609-beec-45095e16b7e3" testListId="8c84fa94-04c1-424b-9868-57a2d4851a1d" />
    <TestEntry testId="22bbfd8d-1aad-bbee-4ddd-69f2c2998265" executionId="bc9ca06f-d60a-45c8-bd66-dc4dc1356b43" testListId="8c84fa94-04c1-424b-9868-57a2d4851a1d" />
    <TestEntry testId="41241e95-695d-4548-089e-82b57a4e66f8" executionId="42e086da-7a36-4fe9-90e7-281214c0a782" testListId="8c84fa94-04c1-424b-9868-57a2d4851a1d" />
    <TestEntry testId="bd27e7bc-b3d9-ba13-5163-f038dc399402" executionId="5b7465fd-2b5d-4c93-9ba5-451140ca1aba" testListId="8c84fa94-04c1-424b-9868-57a2d4851a1d" />
    <TestEntry testId="be2e9024-0a3e-e4e6-858a-49a5c04b16c8" executionId="293fd5cb-2336-4195-803f-3b37571f75fd" testListId="8c84fa94-04c1-424b-9868-57a2d4851a1d" />
    <TestEntry testId="49c93ea0-ca1c-698b-98f4-9da5f5459b61" executionId="ba5eec88-9aef-436f-a25f-daf696ed62dd" testListId="8c84fa94-04c1-424b-9868-57a2d4851a1d" />
    <TestEntry testId="dffb5d99-a41d-4b1a-7119-1b2bcb397fbc" executionId="4d0ae277-0b4b-4c7c-8b27-97a7a419568f" testListId="8c84fa94-04c1-424b-9868-57a2d4851a1d" />
    <TestEntry testId="ae14e43c-5b64-cfb9-cf0b-866dd1d6628d" executionId="bb787dd4-501e-4f66-8627-302ea71526da" testListId="8c84fa94-04c1-424b-9868-57a2d4851a1d" />
    <TestEntry testId="7e008783-696f-7a74-d393-2256901543c2" executionId="e95995ae-1e16-49fb-89ee-6c4dc8f7c5ab" testListId="8c84fa94-04c1-424b-9868-57a2d4851a1d" />
    <TestEntry testId="e9b20887-1981-f22c-2538-a089cd98e84f" executionId="bf1f92bc-f444-4783-bb1b-b5c2aca1f1f2" testListId="8c84fa94-04c1-424b-9868-57a2d4851a1d" />
    <TestEntry testId="27f64c6d-065a-5bd9-4af6-27cfcbf5e1ef" executionId="fb896536-6574-48c0-9395-aa5281580c93" testListId="8c84fa94-04c1-424b-9868-57a2d4851a1d" />
    <TestEntry testId="3e50168e-3f2d-ece2-137d-dd69787f3922" executionId="ab730515-8c6c-4d97-9975-66163b7646f4" testListId="8c84fa94-04c1-424b-9868-57a2d4851a1d" />
    <TestEntry testId="b8196642-95eb-6100-6d89-ea33e8152baa" executionId="b842e8e1-5111-4cd4-a2ca-8ed3cc3dba80" testListId="8c84fa94-04c1-424b-9868-57a2d4851a1d" />
    <TestEntry testId="95e7b9a9-2d5c-239d-2d4f-f0e1e7fbeeec" executionId="416bf937-6b48-4f07-bf42-43fa6a92e7d4" testListId="8c84fa94-04c1-424b-9868-57a2d4851a1d" />
    <TestEntry testId="cef86e1f-ac14-f1f1-3473-9f1c6fa2dea3" executionId="a2cd0510-25b7-498f-ae18-94e5a50577b8" testListId="8c84fa94-04c1-424b-9868-57a2d4851a1d" />
    <TestEntry testId="fee81fe5-1f17-9495-cdfd-47a9b68650c0" executionId="58352a07-e2c2-4f7b-9418-3a5bef0abebd" testListId="8c84fa94-04c1-424b-9868-57a2d4851a1d" />
    <TestEntry testId="a902c186-16b8-27c4-8912-224d9d164eb6" executionId="5cafa882-2b53-4247-89d8-9691446afd60" testListId="8c84fa94-04c1-424b-9868-57a2d4851a1d" />
    <TestEntry testId="745c7873-f671-a4be-e896-27310952f934" executionId="c5806986-28fc-41a5-acfe-6f671f3bccf9" testListId="8c84fa94-04c1-424b-9868-57a2d4851a1d" />
    <TestEntry testId="e3aec1bf-9e06-4914-8bbc-6e499581254b" executionId="bf467afe-f72d-4bc9-b71c-64740931f5d9" testListId="8c84fa94-04c1-424b-9868-57a2d4851a1d" />
    <TestEntry testId="2d031042-14c7-6c2e-fca6-b2a4f8b1fea1" executionId="5b73dff8-f4f7-4452-9699-c0bfdf5f52ec" testListId="8c84fa94-04c1-424b-9868-57a2d4851a1d" />
    <TestEntry testId="93ed0d6c-3993-57c6-f48d-6ab1ec65e749" executionId="b863003d-f0ab-443f-81a8-ab0511ced86e" testListId="8c84fa94-04c1-424b-9868-57a2d4851a1d" />
    <TestEntry testId="9293972c-2abb-43c7-4315-15c5f6165ee3" executionId="2810f603-1b20-406e-a3ba-25be52de99c6" testListId="8c84fa94-04c1-424b-9868-57a2d4851a1d" />
    <TestEntry testId="96765513-b409-77a6-3bae-c21f04e40ac9" executionId="8fa06df1-3ac3-49d9-9a11-ba2fc6c09530" testListId="8c84fa94-04c1-424b-9868-57a2d4851a1d" />
  </TestEntries>
  <Results>
    <UnitTestResult executionId="f4037d15-a8ab-4db0-8990-ab05f1dbdc14" testId="6074bd46-f3ba-5268-c0d7-5c15520e9c8a" testName="CachedFile_Save" computerName="ZACK-PC" duration="00:00:00.0411984" startTime="2016-04-08T08:11:32.0938351+08:00" endTime="2016-04-08T08:11:32.3202653+08:00" testType="13cdc9d9-ddb5-4fa4-a97d-d965ccfc6d4b" outcome="Passed" testListId="8c84fa94-04c1-424b-9868-57a2d4851a1d" relativeResultsDirectory="f4037d15-a8ab-4db0-8990-ab05f1dbdc14">
    </UnitTestResult>
    <UnitTestResult executionId="b2e1eccf-e836-4f77-947c-2df83e92bba0" testId="1cc439d1-960c-fbfe-28e7-1fc5037db04e" testName="DataRowExtension_ToEntity" computerName="ZACK-PC" duration="00:00:00.0095792" startTime="2016-04-08T08:11:32.3358838+08:00" endTime="2016-04-08T08:11:32.3515075+08:00" testType="13cdc9d9-ddb5-4fa4-a97d-d965ccfc6d4b" outcome="Passed" testListId="8c84fa94-04c1-424b-9868-57a2d4851a1d" relativeResultsDirectory="b2e1eccf-e836-4f77-947c-2df83e92bba0">
    </UnitTestResult>
    <UnitTestResult executionId="11bbdc03-7c3e-4039-b25d-d8a25254b0b7" testId="38ca1db4-ffa3-77ef-1f74-abd49bc0cb8a" testName="LPLogger_Test" computerName="ZACK-PC" duration="00:00:00.3779539" startTime="2016-04-08T08:11:32.3671325+08:00" endTime="2016-04-08T08:11:32.8359542+08:00" testType="13cdc9d9-ddb5-4fa4-a97d-d965ccfc6d4b" outcome="Failed" testListId="8c84fa94-04c1-424b-9868-57a2d4851a1d" relativeResultsDirectory="11bbdc03-7c3e-4039-b25d-d8a25254b0b7">
      <Output>
        <ErrorInfo>
          <Message>Assert.AreEqual 失败。应为: &lt;True&gt;，实际为: &lt;False&gt;。</Message>
          <StackTrace>   在 LPCommon.LPLoggerTest.LPLogger_Test() 位置 c:\Users\zack\.jenkins\workspace\LAP\LAP\src\LPCommon\UnitTest\LPLoggerTest.cs:行号 35
</StackTrace>
        </ErrorInfo>
      </Output>
    </UnitTestResult>
    <UnitTestResult executionId="d718a0d9-8953-441f-876b-b46822009046" testId="3e71da62-724c-0faa-f4ae-3038a1dd5225" testName="LPLogger_WriteDebug" computerName="ZACK-PC" duration="00:00:00.0016319" startTime="2016-04-08T08:11:32.8515117+08:00" endTime="2016-04-08T08:11:32.8515117+08:00" testType="13cdc9d9-ddb5-4fa4-a97d-d965ccfc6d4b" outcome="Passed" testListId="8c84fa94-04c1-424b-9868-57a2d4851a1d" relativeResultsDirectory="d718a0d9-8953-441f-876b-b46822009046">
    </UnitTestResult>
    <UnitTestResult executionId="6f8df80d-fcaf-41ed-8616-7fabe936e479" testId="e5af192a-e386-f718-6e52-0c3a78019793" testName="LPLogger_WriteError" computerName="ZACK-PC" duration="00:00:00.0015082" startTime="2016-04-08T08:11:32.8827786+08:00" endTime="2016-04-08T08:11:32.8983869+08:00" testType="13cdc9d9-ddb5-4fa4-a97d-d965ccfc6d4b" outcome="Passed" testListId="8c84fa94-04c1-424b-9868-57a2d4851a1d" relativeResultsDirectory="6f8df80d-fcaf-41ed-8616-7fabe936e479">
    </UnitTestResult>
    <UnitTestResult executionId="9c30d177-6acd-4aaf-bc16-e96dad56d8f1" testId="78a64da2-a405-e634-93ef-4f0e6cd22124" testName="LPLogger_WriteInfo" computerName="ZACK-PC" duration="00:00:00.0009050" startTime="2016-04-08T08:11:32.8983869+08:00" endTime="2016-04-08T08:11:32.8983869+08:00" testType="13cdc9d9-ddb5-4fa4-a97d-d965ccfc6d4b" outcome="Passed" testListId="8c84fa94-04c1-424b-9868-57a2d4851a1d" relativeResultsDirectory="9c30d177-6acd-4aaf-bc16-e96dad56d8f1">
    </UnitTestResult>
    <UnitTestResult executionId="6de6ac24-7ec7-4731-b7b7-68de0ba39c66" testId="c2eae682-2a84-d19e-247f-c138deeec8f6" testName="LPLogger_WriteMessage" computerName="ZACK-PC" duration="00:00:00.0022398" startTime="2016-04-08T08:11:32.8983869+08:00" endTime="2016-04-08T08:11:32.8983869+08:00" testType="13cdc9d9-ddb5-4fa4-a97d-d965ccfc6d4b" outcome="Passed" testListId="8c84fa94-04c1-424b-9868-57a2d4851a1d" relativeResultsDirectory="6de6ac24-7ec7-4731-b7b7-68de0ba39c66">
    </UnitTestResult>
    <UnitTestResult executionId="8f113e54-f8f8-4836-b450-129bc0f18e6b" testId="116add86-0ebf-aafb-0bf9-bf61b8d1ff1d" testName="LPLogger_WriteWarning" computerName="ZACK-PC" duration="00:00:00.0015796" startTime="2016-04-08T08:11:32.8983869+08:00" endTime="2016-04-08T08:11:32.9144304+08:00" testType="13cdc9d9-ddb5-4fa4-a97d-d965ccfc6d4b" outcome="Passed" testListId="8c84fa94-04c1-424b-9868-57a2d4851a1d" relativeResultsDirectory="8f113e54-f8f8-4836-b450-129bc0f18e6b">
    </UnitTestResult>
    <UnitTestResult executionId="ee9eb831-230e-44d9-afdd-49e2b449e6ae" testId="8aeca674-961d-2d01-1352-30335790a539" testName="Snapshot_CaptureInflatedRectangle" computerName="ZACK-PC" duration="00:00:00.0892358" startTime="2016-04-08T08:11:32.9184342+08:00" endTime="2016-04-08T08:11:33.0023852+08:00" testType="13cdc9d9-ddb5-4fa4-a97d-d965ccfc6d4b" outcome="Passed" testListId="8c84fa94-04c1-424b-9868-57a2d4851a1d" relativeResultsDirectory="ee9eb831-230e-44d9-afdd-49e2b449e6ae">
    </UnitTestResult>
    <UnitTestResult executionId="56860c1d-84d1-4f37-b1b5-d9718a1c6a74" testId="272ac815-8b64-3d50-e285-e9ef84b0c83f" testName="AppModel_Add" computerName="ZACK-PC" duration="00:00:00.0001772" startTime="2016-04-08T08:11:33.0023852+08:00" endTime="2016-04-08T08:11:33.7933548+08:00" testType="13cdc9d9-ddb5-4fa4-a97d-d965ccfc6d4b" outcome="Passed" testListId="8c84fa94-04c1-424b-9868-57a2d4851a1d" relativeResultsDirectory="56860c1d-84d1-4f37-b1b5-d9718a1c6a74">
    </UnitTestResult>
    <UnitTestResult executionId="828eb50a-97a9-487d-9b19-fa6e3ec7e100" testId="c98b771f-da5d-0ece-2431-5fbfc78ec008" testName="AppModel_AllItems" computerName="ZACK-PC" duration="00:00:00.0014257" startTime="2016-04-08T08:11:33.7965272+08:00" endTime="2016-04-08T08:11:33.7965272+08:00" testType="13cdc9d9-ddb5-4fa4-a97d-d965ccfc6d4b" outcome="Passed" testListId="8c84fa94-04c1-424b-9868-57a2d4851a1d" relativeResultsDirectory="828eb50a-97a9-487d-9b19-fa6e3ec7e100">
    </UnitTestResult>
    <UnitTestResult executionId="ea0f6b90-0113-4813-8443-8e8175d17180" testId="497ebb4e-2d91-0038-b23a-1d21a5d6fc7e" testName="AppModel_AllNames" computerName="ZACK-PC" duration="00:00:00.0003881" startTime="2016-04-08T08:11:33.7965272+08:00" endTime="2016-04-08T08:11:33.7965272+08:00" testType="13cdc9d9-ddb5-4fa4-a97d-d965ccfc6d4b" outcome="Passed" testListId="8c84fa94-04c1-424b-9868-57a2d4851a1d" relativeResultsDirectory="ea0f6b90-0113-4813-8443-8e8175d17180">
    </UnitTestResult>
    <UnitTestResult executionId="da535b8c-4c82-4a3f-8512-fbdba53515d5" testId="21811864-7593-1a9d-ba4a-271f9c3c8de6" testName="AppModel_CheckHierarchy" computerName="ZACK-PC" duration="00:00:00.0025160" startTime="2016-04-08T08:11:33.7965272+08:00" endTime="2016-04-08T08:11:33.7965272+08:00" testType="13cdc9d9-ddb5-4fa4-a97d-d965ccfc6d4b" outcome="Passed" testListId="8c84fa94-04c1-424b-9868-57a2d4851a1d" relativeResultsDirectory="da535b8c-4c82-4a3f-8512-fbdba53515d5">
    </UnitTestResult>
    <UnitTestResult executionId="1cb826f8-e9b7-4c6f-ad0c-4970abea0441" testId="ba4cdbed-1f7c-ac5c-bc4c-a087998bc4cf" testName="AppModel_FindAddTest" computerName="ZACK-PC" duration="00:00:00.0009269" startTime="2016-04-08T08:11:33.8121742+08:00" endTime="2016-04-08T08:11:33.8121742+08:00" testType="13cdc9d9-ddb5-4fa4-a97d-d965ccfc6d4b" outcome="Passed" testListId="8c84fa94-04c1-424b-9868-57a2d4851a1d" relativeResultsDirectory="1cb826f8-e9b7-4c6f-ad0c-4970abea0441">
    </UnitTestResult>
    <UnitTestResult executionId="ae39d9c6-2dac-473b-a6e5-a9fb4d04a045" testId="aeed1a93-c959-eb20-d32e-5207c019cf94" testName="AppModel_FindClearButtonTest" computerName="ZACK-PC" duration="00:00:00.0008313" startTime="2016-04-08T08:11:33.8121742+08:00" endTime="2016-04-08T08:11:33.8121742+08:00" testType="13cdc9d9-ddb5-4fa4-a97d-d965ccfc6d4b" outcome="Passed" testListId="8c84fa94-04c1-424b-9868-57a2d4851a1d" relativeResultsDirectory="ae39d9c6-2dac-473b-a6e5-a9fb4d04a045">
    </UnitTestResult>
    <UnitTestResult executionId="536eb16e-3be0-4a01-9810-ea5e7b019935" testId="703ef91d-e335-b8b8-d9a0-ee751e55668f" testName="AppModel_GetTestObject" computerName="ZACK-PC" duration="00:00:00.1533451" startTime="2016-04-08T08:11:33.8121742+08:00" endTime="2016-04-08T08:11:33.9684137+08:00" testType="13cdc9d9-ddb5-4fa4-a97d-d965ccfc6d4b" outcome="Passed" testListId="8c84fa94-04c1-424b-9868-57a2d4851a1d" relativeResultsDirectory="536eb16e-3be0-4a01-9810-ea5e7b019935">
      <Output>
        <DebugTrace>1
</DebugTrace>
      </Output>
    </UnitTestResult>
    <UnitTestResult executionId="8dd701d4-f1e3-451c-b469-f06005205bc4" testId="5a815ce3-7e17-fe3d-318a-ead41a3a6dd8" testName="AppModel_Load" computerName="ZACK-PC" duration="00:00:00.0020224" startTime="2016-04-08T08:11:33.9840565+08:00" endTime="2016-04-08T08:11:33.9840565+08:00" testType="13cdc9d9-ddb5-4fa4-a97d-d965ccfc6d4b" outcome="Passed" testListId="8c84fa94-04c1-424b-9868-57a2d4851a1d" relativeResultsDirectory="8dd701d4-f1e3-451c-b469-f06005205bc4">
      <Output>
        <DebugTrace>1
</DebugTrace>
      </Output>
    </UnitTestResult>
    <UnitTestResult executionId="c75719c1-6b96-4af1-83cd-834cac67e83d" testId="a7c1308f-bd5c-f0a4-fd91-02c121fdd341" testName="AppModel_ObjectCountTest" computerName="ZACK-PC" duration="00:00:00.0005514" startTime="2016-04-08T08:11:33.9840565+08:00" endTime="2016-04-08T08:11:33.9996583+08:00" testType="13cdc9d9-ddb5-4fa4-a97d-d965ccfc6d4b" outcome="Passed" testListId="8c84fa94-04c1-424b-9868-57a2d4851a1d" relativeResultsDirectory="c75719c1-6b96-4af1-83cd-834cac67e83d">
    </UnitTestResult>
    <UnitTestResult executionId="eb7f3041-bc8d-4d8d-a9fb-8ae3ec5622d7" testId="2dfc7802-6e59-1371-48f6-ff3298c5622c" testName="AppDescriptor_ctor_AppModel" computerName="ZACK-PC" duration="00:00:00.0041469" startTime="2016-04-08T08:11:33.9996583+08:00" endTime="2016-04-08T08:11:34.0152843+08:00" testType="13cdc9d9-ddb5-4fa4-a97d-d965ccfc6d4b" outcome="Passed" testListId="8c84fa94-04c1-424b-9868-57a2d4851a1d" relativeResultsDirectory="eb7f3041-bc8d-4d8d-a9fb-8ae3ec5622d7">
    </UnitTestResult>
    <UnitTestResult executionId="11a4d872-a0a5-4f6b-b952-1ad2424a434f" testId="398fbdad-e683-006a-398a-3cfc5a8e0855" testName="AppDescriptor_GetObject" computerName="ZACK-PC" duration="00:00:00.0004436" startTime="2016-04-08T08:11:34.0152843+08:00" endTime="2016-04-08T08:11:34.0152843+08:00" testType="13cdc9d9-ddb5-4fa4-a97d-d965ccfc6d4b" outcome="Passed" testListId="8c84fa94-04c1-424b-9868-57a2d4851a1d" relativeResultsDirectory="11a4d872-a0a5-4f6b-b952-1ad2424a434f">
    </UnitTestResult>
    <UnitTestResult executionId="11bb4c7b-90e7-4dc4-9589-a3dde158c833" testId="ab1eec52-7001-e28a-91a4-dae62babd5dc" testName="AppModelFile_Test" computerName="ZACK-PC" duration="00:00:00.0006116" startTime="2016-04-08T08:11:34.0152843+08:00" endTime="2016-04-08T08:11:34.0152843+08:00" testType="13cdc9d9-ddb5-4fa4-a97d-d965ccfc6d4b" outcome="Passed" testListId="8c84fa94-04c1-424b-9868-57a2d4851a1d" relativeResultsDirectory="11bb4c7b-90e7-4dc4-9589-a3dde158c833">
      <Output>
        <DebugTrace>C:\Users\zack\.jenkins\workspace\LAP-Unittest\zack_ZACK-PC 2016-04-08 08_11_24\Out
</DebugTrace>
      </Output>
    </UnitTestResult>
    <UnitTestResult executionId="ba02af1d-c15a-4f92-81ab-dcd449a49dac" testId="c069ba5d-b761-3b72-b1b0-51bab54513c2" testName="ControlKeysManager_GetDisplayString" computerName="ZACK-PC" duration="00:00:00.0013286" startTime="2016-04-08T08:11:34.0309066+08:00" endTime="2016-04-08T08:11:34.0309066+08:00" testType="13cdc9d9-ddb5-4fa4-a97d-d965ccfc6d4b" outcome="Passed" testListId="8c84fa94-04c1-424b-9868-57a2d4851a1d" relativeResultsDirectory="ba02af1d-c15a-4f92-81ab-dcd449a49dac">
    </UnitTestResult>
    <UnitTestResult executionId="7f0b3200-f2ef-4f3c-a62b-59a09c53ebe9" testId="a84be249-029f-ea47-0692-be121a517901" testName="ControlKeysManager_GetKeyString" computerName="ZACK-PC" duration="00:00:00.0001003" startTime="2016-04-08T08:11:34.0309066+08:00" endTime="2016-04-08T08:11:34.0309066+08:00" testType="13cdc9d9-ddb5-4fa4-a97d-d965ccfc6d4b" outcome="Passed" testListId="8c84fa94-04c1-424b-9868-57a2d4851a1d" relativeResultsDirectory="7f0b3200-f2ef-4f3c-a62b-59a09c53ebe9">
    </UnitTestResult>
    <UnitTestResult executionId="5cdb4b24-2cbf-4318-89f5-dce8f2e3d7e2" testId="32563bdb-bb52-1e8a-2436-02b648b94780" testName="ControlTypeConverter_CountTest" computerName="ZACK-PC" duration="00:00:00.0002421" startTime="2016-04-08T08:11:34.0309066+08:00" endTime="2016-04-08T08:11:34.0309066+08:00" testType="13cdc9d9-ddb5-4fa4-a97d-d965ccfc6d4b" outcome="Passed" testListId="8c84fa94-04c1-424b-9868-57a2d4851a1d" relativeResultsDirectory="5cdb4b24-2cbf-4318-89f5-dce8f2e3d7e2">
    </UnitTestResult>
    <UnitTestResult executionId="a2fca1b0-ecbf-4c19-ac51-ab114f4d2891" testId="71f63b56-132f-2ae5-fe82-7fa38042bbae" testName="ControlTypeConverter_EqualTest" computerName="ZACK-PC" duration="00:00:00.0003195" startTime="2016-04-08T08:11:34.0309066+08:00" endTime="2016-04-08T08:11:34.0309066+08:00" testType="13cdc9d9-ddb5-4fa4-a97d-d965ccfc6d4b" outcome="Passed" testListId="8c84fa94-04c1-424b-9868-57a2d4851a1d" relativeResultsDirectory="a2fca1b0-ecbf-4c19-ac51-ab114f4d2891">
    </UnitTestResult>
    <UnitTestResult executionId="bb1449d7-36c7-4a9c-a71a-70cd0123556b" testId="f611c44d-06f8-81f7-e8f6-94286161a7dd" testName="AppModelManager_HierarchySave" computerName="ZACK-PC" duration="00:00:00.3033378" startTime="2016-04-08T08:11:34.0465326+08:00" endTime="2016-04-08T08:11:34.3522866+08:00" testType="13cdc9d9-ddb5-4fa4-a97d-d965ccfc6d4b" outcome="Passed" testListId="8c84fa94-04c1-424b-9868-57a2d4851a1d" relativeResultsDirectory="bb1449d7-36c7-4a9c-a71a-70cd0123556b">
    </UnitTestResult>
    <UnitTestResult executionId="7082c204-546a-4ebd-a889-1ca6bd2af56c" testId="4476eac1-b497-b853-e3f2-f39078c511ad" testName="AppModelManager_LoadFileMissing" computerName="ZACK-PC" duration="00:00:00.0004357" startTime="2016-04-08T08:11:34.3522866+08:00" endTime="2016-04-08T08:11:34.3522866+08:00" testType="13cdc9d9-ddb5-4fa4-a97d-d965ccfc6d4b" outcome="Passed" testListId="8c84fa94-04c1-424b-9868-57a2d4851a1d" relativeResultsDirectory="7082c204-546a-4ebd-a889-1ca6bd2af56c">
    </UnitTestResult>
    <UnitTestResult executionId="32eb7693-ed3a-423f-ba64-236737234d5f" testId="bbd2ffca-76df-3561-d6dc-4cc92ff94e87" testName="AppModelManager_LoadReplayOnly" computerName="ZACK-PC" duration="00:00:00.0018022" startTime="2016-04-08T08:11:34.3522866+08:00" endTime="2016-04-08T08:11:34.3522866+08:00" testType="13cdc9d9-ddb5-4fa4-a97d-d965ccfc6d4b" outcome="Passed" testListId="8c84fa94-04c1-424b-9868-57a2d4851a1d" relativeResultsDirectory="32eb7693-ed3a-423f-ba64-236737234d5f">
      <Output>
        <DebugTrace>1
</DebugTrace>
      </Output>
    </UnitTestResult>
    <UnitTestResult executionId="66e511b0-9d09-4640-a6ed-1aedc2fd3f6e" testId="7d759975-a2e0-cea8-badf-e952f822a094" testName="AppModelManager_Save" computerName="ZACK-PC" duration="00:00:00.5060733" startTime="2016-04-08T08:11:34.3679149+08:00" endTime="2016-04-08T08:11:34.8679868+08:00" testType="13cdc9d9-ddb5-4fa4-a97d-d965ccfc6d4b" outcome="Passed" testListId="8c84fa94-04c1-424b-9868-57a2d4851a1d" relativeResultsDirectory="66e511b0-9d09-4640-a6ed-1aedc2fd3f6e">
    </UnitTestResult>
    <UnitTestResult executionId="e58812b6-947e-490a-b544-2abc1ea1e910" testId="346e1da8-e79d-c6b7-96f3-c8112cde5174" testName="JsonDeserializeModelTest" computerName="ZACK-PC" duration="00:00:00.0011215" startTime="2016-04-08T08:11:34.8835423+08:00" endTime="2016-04-08T08:11:34.8835423+08:00" testType="13cdc9d9-ddb5-4fa4-a97d-d965ccfc6d4b" outcome="Passed" testListId="8c84fa94-04c1-424b-9868-57a2d4851a1d" relativeResultsDirectory="e58812b6-947e-490a-b544-2abc1ea1e910">
      <Output>
        <DebugTrace>1
</DebugTrace>
      </Output>
    </UnitTestResult>
    <UnitTestResult executionId="e97e4ae5-1863-4e4d-948d-3f5fef902fcf" testId="413f80b4-4654-c797-c90a-d69a842f1a41" testName="JsonSerializeModelTest" computerName="ZACK-PC" duration="00:00:00.0361011" startTime="2016-04-08T08:11:34.8835423+08:00" endTime="2016-04-08T08:11:34.9148624+08:00" testType="13cdc9d9-ddb5-4fa4-a97d-d965ccfc6d4b" outcome="Passed" testListId="8c84fa94-04c1-424b-9868-57a2d4851a1d" relativeResultsDirectory="e97e4ae5-1863-4e4d-948d-3f5fef902fcf">
    </UnitTestResult>
    <UnitTestResult executionId="ee19c47c-f131-483b-b4d0-7dba29cb5240" testId="bc9af31f-7be1-59bf-4051-3bb7da03e6c5" testName="LPConfig_GetUserConfigPath" computerName="ZACK-PC" duration="00:00:00.0004511" startTime="2016-04-08T08:11:34.9304371+08:00" endTime="2016-04-08T08:11:34.9304371+08:00" testType="13cdc9d9-ddb5-4fa4-a97d-d965ccfc6d4b" outcome="Passed" testListId="8c84fa94-04c1-424b-9868-57a2d4851a1d" relativeResultsDirectory="ee19c47c-f131-483b-b4d0-7dba29cb5240">
    </UnitTestResult>
    <UnitTestResult executionId="e2fb51ff-40d7-4fff-b1d7-543f5d7f7804" testId="c316a3f4-4c23-db19-462c-b2fa33796566" testName="LPConfig_GetValueExists" computerName="ZACK-PC" duration="00:00:00.0028159" startTime="2016-04-08T08:11:34.9304371+08:00" endTime="2016-04-08T08:11:34.9304371+08:00" testType="13cdc9d9-ddb5-4fa4-a97d-d965ccfc6d4b" outcome="Failed" testListId="8c84fa94-04c1-424b-9868-57a2d4851a1d" relativeResultsDirectory="e2fb51ff-40d7-4fff-b1d7-543f5d7f7804">
      <Output>
        <ErrorInfo>
          <Message>测试方法 LPReplayCore.UnitTest.LPConfigLoadTest.LPConfig_GetValueExists 引发了异常: 
System.NullReferenceException: 未将对象引用设置到对象的实例。</Message>
          <StackTrace>    在 LPReplayCore.UnitTest.LPConfigLoadTest.LPConfig_GetValueExists() 位置 c:\Users\zack\.jenkins\workspace\LAP\LAP\src\LPReplayCore\UnitTest\LPConfigTest.cs:行号 42
</StackTrace>
        </ErrorInfo>
      </Output>
    </UnitTestResult>
    <UnitTestResult executionId="7657f4f8-aed6-4daf-a04f-c37954c818f7" testId="9e32c0ba-8544-e989-9734-d67e8580b510" testName="LPConfig_GetValueNotExists" computerName="ZACK-PC" duration="00:00:00.0002477" startTime="2016-04-08T08:11:34.9304371+08:00" endTime="2016-04-08T08:11:34.9304371+08:00" testType="13cdc9d9-ddb5-4fa4-a97d-d965ccfc6d4b" outcome="Passed" testListId="8c84fa94-04c1-424b-9868-57a2d4851a1d" relativeResultsDirectory="7657f4f8-aed6-4daf-a04f-c37954c818f7">
    </UnitTestResult>
    <UnitTestResult executionId="304fc838-8dde-4be9-b30a-9eed60b36ffb" testId="bbefff3b-0de8-2a62-64be-8f95639da468" testName="LPConfig_KeyExists" computerName="ZACK-PC" duration="00:00:00.0008360" startTime="2016-04-08T08:11:34.9460431+08:00" endTime="2016-04-08T08:11:34.9460431+08:00" testType="13cdc9d9-ddb5-4fa4-a97d-d965ccfc6d4b" outcome="Failed" testListId="8c84fa94-04c1-424b-9868-57a2d4851a1d" relativeResultsDirectory="304fc838-8dde-4be9-b30a-9eed60b36ffb">
      <Output>
        <ErrorInfo>
          <Message>Assert.AreEqual 失败。应为: &lt;LAP&gt;，实际为: &lt;(null)&gt;。</Message>
          <StackTrace>   在 LPReplayCore.UnitTest.LPConfigLoadTest.LPConfig_KeyExists() 位置 c:\Users\zack\.jenkins\workspace\LAP\LAP\src\LPReplayCore\UnitTest\LPConfigTest.cs:行号 26
</StackTrace>
        </ErrorInfo>
      </Output>
    </UnitTestResult>
    <UnitTestResult executionId="52a8165f-1b9a-4a13-8cd1-674fe026d89d" testId="19e9a714-732e-8fdb-e4a1-c4128f51e77f" testName="LPConfig_KeyNotExists" computerName="ZACK-PC" duration="00:00:00.0001744" startTime="2016-04-08T08:11:34.9460431+08:00" endTime="2016-04-08T08:11:34.9460431+08:00" testType="13cdc9d9-ddb5-4fa4-a97d-d965ccfc6d4b" outcome="Passed" testListId="8c84fa94-04c1-424b-9868-57a2d4851a1d" relativeResultsDirectory="52a8165f-1b9a-4a13-8cd1-674fe026d89d">
    </UnitTestResult>
    <UnitTestResult executionId="d583a1a9-ac6e-433e-81bd-cbb234b4a615" testId="238cc902-66a6-74d7-d787-fb9d0da066e6" testName="LPConfig_SaveSettings" computerName="ZACK-PC" duration="00:00:00.1334746" startTime="2016-04-08T08:11:34.9460431+08:00" endTime="2016-04-08T08:11:35.0867019+08:00" testType="13cdc9d9-ddb5-4fa4-a97d-d965ccfc6d4b" outcome="Passed" testListId="8c84fa94-04c1-424b-9868-57a2d4851a1d" relativeResultsDirectory="d583a1a9-ac6e-433e-81bd-cbb234b4a615">
    </UnitTestResult>
    <UnitTestResult executionId="161bdc1c-7969-4d36-87b5-473a88b05fd7" testId="0b33b199-ea93-c70a-4669-af2265e19961" testName="ObjectDescriptor_EqualsEmpty" computerName="ZACK-PC" duration="00:00:00.0009008" startTime="2016-04-08T08:11:35.0867019+08:00" endTime="2016-04-08T08:11:35.1023017+08:00" testType="13cdc9d9-ddb5-4fa4-a97d-d965ccfc6d4b" outcome="Passed" testListId="8c84fa94-04c1-424b-9868-57a2d4851a1d" relativeResultsDirectory="161bdc1c-7969-4d36-87b5-473a88b05fd7">
    </UnitTestResult>
    <UnitTestResult executionId="37c650f1-113d-4bd9-9ae2-3641d571e501" testId="c20086a7-d694-7559-1465-471fc42bb9c0" testName="ObjectDescriptor_EqualsNegative" computerName="ZACK-PC" duration="00:00:00.0252104" startTime="2016-04-08T08:11:35.1023017+08:00" endTime="2016-04-08T08:11:35.1335738+08:00" testType="13cdc9d9-ddb5-4fa4-a97d-d965ccfc6d4b" outcome="Passed" testListId="8c84fa94-04c1-424b-9868-57a2d4851a1d" relativeResultsDirectory="37c650f1-113d-4bd9-9ae2-3641d571e501">
    </UnitTestResult>
    <UnitTestResult executionId="97bb6816-eec1-42d8-a3e3-59cb38e9311e" testId="0bc6b3e0-2497-0ceb-3f69-d14825cbab2e" testName="ObjectDescriptor_EqualsPositive" computerName="ZACK-PC" duration="00:00:00.0005756" startTime="2016-04-08T08:11:35.1335738+08:00" endTime="2016-04-08T08:11:35.1335738+08:00" testType="13cdc9d9-ddb5-4fa4-a97d-d965ccfc6d4b" outcome="Passed" testListId="8c84fa94-04c1-424b-9868-57a2d4851a1d" relativeResultsDirectory="97bb6816-eec1-42d8-a3e3-59cb38e9311e">
    </UnitTestResult>
    <UnitTestResult executionId="7dcac323-ec34-4cc6-93cd-3aa72e77ba4f" testId="855d748b-2d4c-6137-e5c0-6b48d1fa07df" testName="ObjectDescriptor_GetObjectData" computerName="ZACK-PC" duration="00:00:00.0036636" startTime="2016-04-08T08:11:35.1491742+08:00" endTime="2016-04-08T08:11:35.1491742+08:00" testType="13cdc9d9-ddb5-4fa4-a97d-d965ccfc6d4b" outcome="Passed" testListId="8c84fa94-04c1-424b-9868-57a2d4851a1d" relativeResultsDirectory="7dcac323-ec34-4cc6-93cd-3aa72e77ba4f">
    </UnitTestResult>
    <UnitTestResult executionId="5f0ad318-a296-469f-962d-8d132c1eea87" testId="8c608502-bd16-0d01-abe1-b217dfadeaab" testName="ObjectDescriptor_GetTestObject" computerName="ZACK-PC" duration="00:00:00.0012199" startTime="2016-04-08T08:11:35.1647969+08:00" endTime="2016-04-08T08:11:35.1670404+08:00" testType="13cdc9d9-ddb5-4fa4-a97d-d965ccfc6d4b" outcome="Passed" testListId="8c84fa94-04c1-424b-9868-57a2d4851a1d" relativeResultsDirectory="5f0ad318-a296-469f-962d-8d132c1eea87">
    </UnitTestResult>
    <UnitTestResult executionId="3657b461-ff15-45a1-ba9d-21ad37d5b026" testId="21eeb0d1-5604-248d-a074-6a9a0f64a993" testName="ObjectDescriptor_GetVirtualTestObject" computerName="ZACK-PC" duration="00:00:00.0011052" startTime="2016-04-08T08:11:35.1710428+08:00" endTime="2016-04-08T08:11:35.1730662+08:00" testType="13cdc9d9-ddb5-4fa4-a97d-d965ccfc6d4b" outcome="Passed" testListId="8c84fa94-04c1-424b-9868-57a2d4851a1d" relativeResultsDirectory="3657b461-ff15-45a1-ba9d-21ad37d5b026">
    </UnitTestResult>
    <UnitTestResult executionId="3eda78d9-c1ac-419c-9273-1a10438479a4" testId="cb136bbd-eea3-12a0-e567-a992952a5ca3" testName="ObjectDescriptor_PropertyGroup" computerName="ZACK-PC" duration="00:00:00.0008934" startTime="2016-04-08T08:11:35.1770475+08:00" endTime="2016-04-08T08:11:35.1780501+08:00" testType="13cdc9d9-ddb5-4fa4-a97d-d965ccfc6d4b" outcome="Passed" testListId="8c84fa94-04c1-424b-9868-57a2d4851a1d" relativeResultsDirectory="3eda78d9-c1ac-419c-9273-1a10438479a4">
      <Output>
        <DebugTrace>property1
{
  "ntype": null,
  "nname": null,
  "description": null,
  "property1": "value1",
  "identifyProperties": {
    "property3": "value3",
    "property4": "value4"
  },
  "cachedProperties": {
    "property5": "value5",
    "property6": "value6",
    "imageFile": "testImageFile.png"
  }
}
</DebugTrace>
      </Output>
    </UnitTestResult>
    <UnitTestResult executionId="ce44cbb0-5e65-4188-be3e-45091bc9657f" testId="55d14987-2e11-1614-e351-a422f0bfe140" testName="ObjectDescriptor_Serialization" computerName="ZACK-PC" duration="00:00:00.0002789" startTime="2016-04-08T08:11:35.1810513+08:00" endTime="2016-04-08T08:11:35.1820506+08:00" testType="13cdc9d9-ddb5-4fa4-a97d-d965ccfc6d4b" outcome="Passed" testListId="8c84fa94-04c1-424b-9868-57a2d4851a1d" relativeResultsDirectory="ce44cbb0-5e65-4188-be3e-45091bc9657f">
      <Output>
        <DebugTrace>property1
property2
{
  "ntype": null,
  "nname": null,
  "description": null,
  "property1": "value1",
  "property2": "value2"
}
</DebugTrace>
      </Output>
    </UnitTestResult>
    <UnitTestResult executionId="a8ae1a5a-b14d-4e43-8418-bc5f2d02c56e" testId="7f6b092a-a0cd-e0e5-075b-e1565fc73957" testName="ObjectDescriptor_SerializeVirtualTestObject" computerName="ZACK-PC" duration="00:00:00.0002687" startTime="2016-04-08T08:11:35.1846511+08:00" endTime="2016-04-08T08:11:35.1846511+08:00" testType="13cdc9d9-ddb5-4fa4-a97d-d965ccfc6d4b" outcome="Passed" testListId="8c84fa94-04c1-424b-9868-57a2d4851a1d" relativeResultsDirectory="a8ae1a5a-b14d-4e43-8418-bc5f2d02c56e">
      <Output>
        <DebugTrace>boundingRectangle
{
  "ntype": null,
  "nname": null,
  "description": null,
  "boundingRectangle": "1003,364,167,28"
}
</DebugTrace>
      </Output>
    </UnitTestResult>
    <UnitTestResult executionId="aa4ff9aa-4d00-4166-92c9-e9e3e7b763a5" testId="786089b5-e68c-b536-852c-6239e563aeb1" testName="RCSettings_HighlightColor" computerName="ZACK-PC" duration="00:00:00.0203062" startTime="2016-04-08T08:11:35.1846511+08:00" endTime="2016-04-08T08:11:35.2003475+08:00" testType="13cdc9d9-ddb5-4fa4-a97d-d965ccfc6d4b" outcome="Passed" testListId="8c84fa94-04c1-424b-9868-57a2d4851a1d" relativeResultsDirectory="aa4ff9aa-4d00-4166-92c9-e9e3e7b763a5">
    </UnitTestResult>
    <UnitTestResult executionId="7cd071e0-2245-49af-a613-a392c785fcbd" testId="646e9a74-b7a1-634a-85f7-6026750359ce" testName="RCSettings_HighlightColor_Set" computerName="ZACK-PC" duration="00:00:00.0046130" startTime="2016-04-08T08:11:35.2003475+08:00" endTime="2016-04-08T08:11:35.2159218+08:00" testType="13cdc9d9-ddb5-4fa4-a97d-d965ccfc6d4b" outcome="Passed" testListId="8c84fa94-04c1-424b-9868-57a2d4851a1d" relativeResultsDirectory="7cd071e0-2245-49af-a613-a392c785fcbd">
    </UnitTestResult>
    <UnitTestResult executionId="1b112e22-7553-4d37-bf6a-54b92f829d0e" testId="fefd1bb9-6e36-bd83-1929-d270297d4571" testName="ScreenCapture_Capture" computerName="ZACK-PC" duration="00:00:00.2339622" startTime="2016-04-08T08:11:35.2159218+08:00" endTime="2016-04-08T08:11:35.4502974+08:00" testType="13cdc9d9-ddb5-4fa4-a97d-d965ccfc6d4b" outcome="Passed" testListId="8c84fa94-04c1-424b-9868-57a2d4851a1d" relativeResultsDirectory="1b112e22-7553-4d37-bf6a-54b92f829d0e">
    </UnitTestResult>
    <UnitTestResult executionId="153518c1-e276-4a1e-9ffc-ba94c15c8c77" testId="f466872a-07a5-ce14-8766-689a8dd15f37" testName="ArrayHandlerTest" computerName="ZACK-PC" duration="00:00:00.0001721" startTime="2016-04-08T08:11:35.4502974+08:00" endTime="2016-04-08T08:11:35.4502974+08:00" testType="13cdc9d9-ddb5-4fa4-a97d-d965ccfc6d4b" outcome="Passed" testListId="8c84fa94-04c1-424b-9868-57a2d4851a1d" relativeResultsDirectory="153518c1-e276-4a1e-9ffc-ba94c15c8c77">
    </UnitTestResult>
    <UnitTestResult executionId="31048eb9-91ed-42a8-b64d-672fb0220644" testId="e2ef9746-31f5-307c-e931-0882f93762f5" testName="FileChangeNotifier" computerName="ZACK-PC" duration="00:00:10.0053875" startTime="2016-04-08T08:11:35.4659089+08:00" endTime="2016-04-08T08:11:45.4748808+08:00" testType="13cdc9d9-ddb5-4fa4-a97d-d965ccfc6d4b" outcome="Passed" testListId="8c84fa94-04c1-424b-9868-57a2d4851a1d" relativeResultsDirectory="31048eb9-91ed-42a8-b64d-672fb0220644">
    </UnitTestResult>
    <UnitTestResult executionId="ee85d101-8d26-46b9-bebf-8aee29908f22" testId="8c3ea0b6-8a04-355c-38c3-37832f6b0abe" testName="PropertyItemTest" computerName="ZACK-PC" duration="00:00:00.0026284" startTime="2016-04-08T08:11:45.4748808+08:00" endTime="2016-04-08T08:11:45.4748808+08:00" testType="13cdc9d9-ddb5-4fa4-a97d-d965ccfc6d4b" outcome="Passed" testListId="8c84fa94-04c1-424b-9868-57a2d4851a1d" relativeResultsDirectory="ee85d101-8d26-46b9-bebf-8aee29908f22">
      <Output>
        <DebugTrace>{
  "ntype": null,
  "nname": "Button",
  "description": null,
  "relation": {
    "left": "aaa",
    "right": "bbb"
  }
}
</DebugTrace>
      </Output>
    </UnitTestResult>
    <UnitTestResult executionId="51f2fc20-1a05-497a-80ac-bcfddcc8f04e" testId="c99fa5e6-d382-8cb2-a191-31d76ec90be4" testName="ReadOnlyCollectionTest" computerName="ZACK-PC" duration="00:00:00.0007114" startTime="2016-04-08T08:11:45.4903808+08:00" endTime="2016-04-08T08:11:45.4903808+08:00" testType="13cdc9d9-ddb5-4fa4-a97d-d965ccfc6d4b" outcome="Passed" testListId="8c84fa94-04c1-424b-9868-57a2d4851a1d" relativeResultsDirectory="51f2fc20-1a05-497a-80ac-bcfddcc8f04e">
    </UnitTestResult>
    <UnitTestResult executionId="49bee7af-6b0d-4049-aab4-ea633787a473" testId="bd6250af-b46d-828d-236e-44ad14a1deee" testName="ReadOnlyCollectionTest2" computerName="ZACK-PC" duration="00:00:00.0004702" startTime="2016-04-08T08:11:45.5059998+08:00" endTime="2016-04-08T08:11:45.5059998+08:00" testType="13cdc9d9-ddb5-4fa4-a97d-d965ccfc6d4b" outcome="Passed" testListId="8c84fa94-04c1-424b-9868-57a2d4851a1d" relativeResultsDirectory="49bee7af-6b0d-4049-aab4-ea633787a473">
    </UnitTestResult>
    <UnitTestResult executionId="501e0a13-ccd3-4819-929c-3d51c8b0646b" testId="cfde5249-75bf-5e37-4db3-b3e567188488" testName="TestObjectFactory_CreateObject" computerName="ZACK-PC" duration="00:00:00.0002999" startTime="2016-04-08T08:11:45.5059998+08:00" endTime="2016-04-08T08:11:45.5059998+08:00" testType="13cdc9d9-ddb5-4fa4-a97d-d965ccfc6d4b" outcome="Passed" testListId="8c84fa94-04c1-424b-9868-57a2d4851a1d" relativeResultsDirectory="501e0a13-ccd3-4819-929c-3d51c8b0646b">
    </UnitTestResult>
    <UnitTestResult executionId="96beaba8-947b-4e79-a9a8-e5293ce7eb1a" testId="8544c72b-57a6-fb09-80c4-df6996dc2937" testName="TestObjectNurse_AddChild_NurseObject" computerName="ZACK-PC" duration="00:00:00.0150577" startTime="2016-04-08T08:11:45.5059998+08:00" endTime="2016-04-08T08:11:45.5372467+08:00" testType="13cdc9d9-ddb5-4fa4-a97d-d965ccfc6d4b" outcome="Passed" testListId="8c84fa94-04c1-424b-9868-57a2d4851a1d" relativeResultsDirectory="96beaba8-947b-4e79-a9a8-e5293ce7eb1a">
    </UnitTestResult>
    <UnitTestResult executionId="9b3dac34-734d-4f67-ac4e-010689c1f6c4" testId="c3f22580-c126-7767-bec1-fc154232f87e" testName="TestObjectNurse_AddChild_TestObject" computerName="ZACK-PC" duration="00:00:00.0008005" startTime="2016-04-08T08:11:45.5372467+08:00" endTime="2016-04-08T08:11:45.5372467+08:00" testType="13cdc9d9-ddb5-4fa4-a97d-d965ccfc6d4b" outcome="Passed" testListId="8c84fa94-04c1-424b-9868-57a2d4851a1d" relativeResultsDirectory="9b3dac34-734d-4f67-ac4e-010689c1f6c4">
    </UnitTestResult>
    <UnitTestResult executionId="2647c41f-e011-4eb2-a81e-b2794262fa42" testId="eddde9c4-c253-2f13-e291-42bda109ee75" testName="TestObjectNurse_AddDecendants" computerName="ZACK-PC" duration="00:00:00.0011905" startTime="2016-04-08T08:11:45.5372467+08:00" endTime="2016-04-08T08:11:45.5372467+08:00" testType="13cdc9d9-ddb5-4fa4-a97d-d965ccfc6d4b" outcome="Passed" testListId="8c84fa94-04c1-424b-9868-57a2d4851a1d" relativeResultsDirectory="2647c41f-e011-4eb2-a81e-b2794262fa42">
    </UnitTestResult>
    <UnitTestResult executionId="028b0493-8a62-4a9d-bb6e-41acc6a5e8c4" testId="f03aa02d-b7c1-231a-83a9-6c794fd39a54" testName="TestObjectNurse_AddTree" computerName="ZACK-PC" duration="00:00:00.0053646" startTime="2016-04-08T08:11:45.5372467+08:00" endTime="2016-04-08T08:11:45.5529086+08:00" testType="13cdc9d9-ddb5-4fa4-a97d-d965ccfc6d4b" outcome="Passed" testListId="8c84fa94-04c1-424b-9868-57a2d4851a1d" relativeResultsDirectory="028b0493-8a62-4a9d-bb6e-41acc6a5e8c4">
    </UnitTestResult>
    <UnitTestResult executionId="042deaf4-93b6-432a-84f1-3b1475c9ce20" testId="10d7a038-89e9-d535-b980-3964dda57ad5" testName="TestObjectNurse_Children" computerName="ZACK-PC" duration="00:00:00.0010566" startTime="2016-04-08T08:11:45.5529086+08:00" endTime="2016-04-08T08:11:45.5529086+08:00" testType="13cdc9d9-ddb5-4fa4-a97d-d965ccfc6d4b" outcome="Passed" testListId="8c84fa94-04c1-424b-9868-57a2d4851a1d" relativeResultsDirectory="042deaf4-93b6-432a-84f1-3b1475c9ce20">
    </UnitTestResult>
    <UnitTestResult executionId="2b5e0375-a5ec-4b2f-9b48-68c3ce13ab54" testId="2a2c47f9-fff7-bcb6-cadc-6219944d55b6" testName="TestObjectNurse_Clear" computerName="ZACK-PC" duration="00:00:00.0180780" startTime="2016-04-08T08:11:45.5684987+08:00" endTime="2016-04-08T08:11:45.5841924+08:00" testType="13cdc9d9-ddb5-4fa4-a97d-d965ccfc6d4b" outcome="Passed" testListId="8c84fa94-04c1-424b-9868-57a2d4851a1d" relativeResultsDirectory="2b5e0375-a5ec-4b2f-9b48-68c3ce13ab54">
    </UnitTestResult>
    <UnitTestResult executionId="a7f804ef-b13a-4d61-937c-98b0bf70911e" testId="86c5036c-20bc-593f-bd4c-537bd745a5a6" testName="TestObjectNurse_ContainsKeyword" computerName="ZACK-PC" duration="00:00:00.0011061" startTime="2016-04-08T08:11:45.5841924+08:00" endTime="2016-04-08T08:11:45.5841924+08:00" testType="13cdc9d9-ddb5-4fa4-a97d-d965ccfc6d4b" outcome="Passed" testListId="8c84fa94-04c1-424b-9868-57a2d4851a1d" relativeResultsDirectory="a7f804ef-b13a-4d61-937c-98b0bf70911e">
    </UnitTestResult>
    <UnitTestResult executionId="9a38c310-c37e-4f90-9916-198019c56b4a" testId="5e96ab7f-e9da-dfac-24ab-97766a6e8cad" testName="TestObjectNurse_ConvertSubtree" computerName="ZACK-PC" duration="00:00:00.0009736" startTime="2016-04-08T08:11:45.5841924+08:00" endTime="2016-04-08T08:11:45.5841924+08:00" testType="13cdc9d9-ddb5-4fa4-a97d-d965ccfc6d4b" outcome="Passed" testListId="8c84fa94-04c1-424b-9868-57a2d4851a1d" relativeResultsDirectory="9a38c310-c37e-4f90-9916-198019c56b4a">
    </UnitTestResult>
    <UnitTestResult executionId="7d9c93c5-b9b3-4c8b-b467-d12db6ca4d1b" testId="a89b58ac-90c3-879c-a74f-bc9a6cf6be8e" testName="TestObjectNurse_ctor" computerName="ZACK-PC" duration="00:00:00.0018931" startTime="2016-04-08T08:11:45.5997479+08:00" endTime="2016-04-08T08:11:45.5997479+08:00" testType="13cdc9d9-ddb5-4fa4-a97d-d965ccfc6d4b" outcome="Passed" testListId="8c84fa94-04c1-424b-9868-57a2d4851a1d" relativeResultsDirectory="7d9c93c5-b9b3-4c8b-b467-d12db6ca4d1b">
    </UnitTestResult>
    <UnitTestResult executionId="11c00110-0759-44a2-a03b-41fea65eafd3" testId="9dec78f8-753a-e4c1-2193-2b216f7bdb79" testName="TestObjectNurse_FromTreeNode" computerName="ZACK-PC" duration="00:00:00.0011304" startTime="2016-04-08T08:11:45.5997479+08:00" endTime="2016-04-08T08:11:45.5997479+08:00" testType="13cdc9d9-ddb5-4fa4-a97d-d965ccfc6d4b" outcome="Passed" testListId="8c84fa94-04c1-424b-9868-57a2d4851a1d" relativeResultsDirectory="11c00110-0759-44a2-a03b-41fea65eafd3">
    </UnitTestResult>
    <UnitTestResult executionId="8e1fb45c-fd3c-4414-8d2f-2c133218dd06" testId="92a55033-1839-5bd6-a11d-d61877d9abea" testName="TestObjectNurse_NodeName" computerName="ZACK-PC" duration="00:00:00.0010608" startTime="2016-04-08T08:11:45.5997479+08:00" endTime="2016-04-08T08:11:45.6153735+08:00" testType="13cdc9d9-ddb5-4fa4-a97d-d965ccfc6d4b" outcome="Passed" testListId="8c84fa94-04c1-424b-9868-57a2d4851a1d" relativeResultsDirectory="8e1fb45c-fd3c-4414-8d2f-2c133218dd06">
    </UnitTestResult>
    <UnitTestResult executionId="860f27e7-ffc2-41f6-be9f-a3314511f253" testId="20765945-874a-7443-a72e-bab9977f0289" testName="TestObjectNurse_RemoveChild" computerName="ZACK-PC" duration="00:00:00.0012087" startTime="2016-04-08T08:11:45.6310685+08:00" endTime="2016-04-08T08:11:45.6310685+08:00" testType="13cdc9d9-ddb5-4fa4-a97d-d965ccfc6d4b" outcome="Passed" testListId="8c84fa94-04c1-424b-9868-57a2d4851a1d" relativeResultsDirectory="860f27e7-ffc2-41f6-be9f-a3314511f253">
    </UnitTestResult>
    <UnitTestResult executionId="7629f40a-347e-41b1-afda-e009cdb6f79e" testId="7bc325ab-f149-03f6-bfc5-719ce740916f" testName="JsonTest" computerName="ZACK-PC" duration="00:00:00.5263021" startTime="2016-04-08T08:11:45.6310685+08:00" endTime="2016-04-08T08:11:46.4212493+08:00" testType="13cdc9d9-ddb5-4fa4-a97d-d965ccfc6d4b" outcome="Passed" testListId="8c84fa94-04c1-424b-9868-57a2d4851a1d" relativeResultsDirectory="7629f40a-347e-41b1-afda-e009cdb6f79e">
      <Output>
        <DebugTrace>{}
</DebugTrace>
      </Output>
    </UnitTestResult>
    <UnitTestResult executionId="ccc706de-14b7-48e0-b1e2-c297ce09d5c5" testId="34d477c7-031c-d0b2-2fb5-6b313ebdc550" testName="UIAFinder_Identify1" computerName="ZACK-PC" duration="00:00:00.6293668" startTime="2016-04-08T08:11:46.4212493+08:00" endTime="2016-04-08T08:11:47.0595861+08:00" testType="13cdc9d9-ddb5-4fa4-a97d-d965ccfc6d4b" outcome="Failed" testListId="8c84fa94-04c1-424b-9868-57a2d4851a1d" relativeResultsDirectory="ccc706de-14b7-48e0-b1e2-c297ce09d5c5">
      <Output>
        <ErrorInfo>
          <Message>Assert.AreEqual 失败。应为: &lt;1&gt;，实际为: &lt;0&gt;。only 1 parent element</Message>
          <StackTrace>   在 LPReplayCore.UnitTest.UIAFinderTest.UIAFinder_Identify1() 位置 c:\Users\zack\.jenkins\workspace\LAP\LAP\src\LPReplayCore\UnitTest\UIAFinderTest.cs:行号 73
</StackTrace>
        </ErrorInfo>
      </Output>
    </UnitTestResult>
    <UnitTestResult executionId="c7031e21-bc65-4bf2-8908-d59995393329" testId="12026806-b265-0731-b747-64f897a451da" testName="UIAHighlight_HighlightRectangle" computerName="ZACK-PC" startTime="2016-04-08T08:11:47.0595861+08:00" endTime="2016-04-08T08:11:47.1690456+08:00" testType="13cdc9d9-ddb5-4fa4-a97d-d965ccfc6d4b" outcome="Failed" testListId="8c84fa94-04c1-424b-9868-57a2d4851a1d" relativeResultsDirectory="c7031e21-bc65-4bf2-8908-d59995393329">
      <Output>
        <ErrorInfo>
          <Message>类初始化方法 LPReplayCore.UnitTest.UIAHighlightTest.Init 引发异常。System.ComponentModel.Win32Exception:  System.ComponentModel.Win32Exception: 系统找不到指定的文件。。</Message>
          <StackTrace>    在 System.Diagnostics.Process.StartWithShellExecuteEx(ProcessStartInfo startInfo)
   在 System.Diagnostics.Process.Start()
   在 System.Diagnostics.Process.Start(ProcessStartInfo startInfo)
   在 System.Diagnostics.Process.Start(String fileName)
   在 LPReplayCore.UnitTest.TestUtility.LaunchQTCalculator() 位置 c:\Users\zack\.jenkins\workspace\LAP\LAP\src\LPReplayCore\UnitTest\TestUtility.cs:行号 51
   在 LPReplayCore.UnitTest.UIAHighlightTest.Init(TestContext context) 位置 c:\Users\zack\.jenkins\workspace\LAP\LAP\src\LPReplayCore\UnitTest\UIAHighlightTest.cs:行号 27
</StackTrace>
        </ErrorInfo>
      </Output>
    </UnitTestResult>
    <UnitTestResult executionId="02823bc6-0f25-41ac-a82e-e84fb1281c72" testId="6ad09422-386b-118c-e8c4-11fa2adec5b6" testName="UIAHighlight_HighlightVirtualControl" computerName="ZACK-PC" startTime="2016-04-08T08:11:47.2002150+08:00" endTime="2016-04-08T08:11:47.2002150+08:00" testType="13cdc9d9-ddb5-4fa4-a97d-d965ccfc6d4b" outcome="Failed" testListId="8c84fa94-04c1-424b-9868-57a2d4851a1d" relativeResultsDirectory="02823bc6-0f25-41ac-a82e-e84fb1281c72">
      <Output>
        <ErrorInfo>
          <Message>类初始化方法 LPReplayCore.UnitTest.UIAHighlightTest.Init 引发异常。System.ComponentModel.Win32Exception:  System.ComponentModel.Win32Exception: 系统找不到指定的文件。。</Message>
          <StackTrace>    在 System.Diagnostics.Process.StartWithShellExecuteEx(ProcessStartInfo startInfo)
   在 System.Diagnostics.Process.Start()
   在 System.Diagnostics.Process.Start(ProcessStartInfo startInfo)
   在 System.Diagnostics.Process.Start(String fileName)
   在 LPReplayCore.UnitTest.TestUtility.LaunchQTCalculator() 位置 c:\Users\zack\.jenkins\workspace\LAP\LAP\src\LPReplayCore\UnitTest\TestUtility.cs:行号 51
   在 LPReplayCore.UnitTest.UIAHighlightTest.Init(TestContext context) 位置 c:\Users\zack\.jenkins\workspace\LAP\LAP\src\LPReplayCore\UnitTest\UIAHighlightTest.cs:行号 27
</StackTrace>
        </ErrorInfo>
      </Output>
    </UnitTestResult>
    <UnitTestResult executionId="94695c2e-ed53-4416-a5ca-292a2cc2210a" testId="ea9ba063-0719-f528-b442-98f67837301d" testName="UIAHighlight_SearchandHighlight_ProgramRestarted" computerName="ZACK-PC" startTime="2016-04-08T08:11:47.2002150+08:00" endTime="2016-04-08T08:11:47.2002150+08:00" testType="13cdc9d9-ddb5-4fa4-a97d-d965ccfc6d4b" outcome="Failed" testListId="8c84fa94-04c1-424b-9868-57a2d4851a1d" relativeResultsDirectory="94695c2e-ed53-4416-a5ca-292a2cc2210a">
      <Output>
        <ErrorInfo>
          <Message>类初始化方法 LPReplayCore.UnitTest.UIAHighlightTest.Init 引发异常。System.ComponentModel.Win32Exception:  System.ComponentModel.Win32Exception: 系统找不到指定的文件。。</Message>
          <StackTrace>    在 System.Diagnostics.Process.StartWithShellExecuteEx(ProcessStartInfo startInfo)
   在 System.Diagnostics.Process.Start()
   在 System.Diagnostics.Process.Start(ProcessStartInfo startInfo)
   在 System.Diagnostics.Process.Start(String fileName)
   在 LPReplayCore.UnitTest.TestUtility.LaunchQTCalculator() 位置 c:\Users\zack\.jenkins\workspace\LAP\LAP\src\LPReplayCore\UnitTest\TestUtility.cs:行号 51
   在 LPReplayCore.UnitTest.UIAHighlightTest.Init(TestContext context) 位置 c:\Users\zack\.jenkins\workspace\LAP\LAP\src\LPReplayCore\UnitTest\UIAHighlightTest.cs:行号 27
</StackTrace>
        </ErrorInfo>
      </Output>
    </UnitTestResult>
    <UnitTestResult executionId="1e1f50f6-77b7-4700-aa17-e45ef91d68b0" testId="e162633a-d896-c4a3-4192-c5343187fe37" testName="UIAHighlight_SearchandHighlight_UIA" computerName="ZACK-PC" startTime="2016-04-08T08:11:47.2158532+08:00" endTime="2016-04-08T08:11:47.2158532+08:00" testType="13cdc9d9-ddb5-4fa4-a97d-d965ccfc6d4b" outcome="Failed" testListId="8c84fa94-04c1-424b-9868-57a2d4851a1d" relativeResultsDirectory="1e1f50f6-77b7-4700-aa17-e45ef91d68b0">
      <Output>
        <ErrorInfo>
          <Message>类初始化方法 LPReplayCore.UnitTest.UIAHighlightTest.Init 引发异常。System.ComponentModel.Win32Exception:  System.ComponentModel.Win32Exception: 系统找不到指定的文件。。</Message>
          <StackTrace>    在 System.Diagnostics.Process.StartWithShellExecuteEx(ProcessStartInfo startInfo)
   在 System.Diagnostics.Process.Start()
   在 System.Diagnostics.Process.Start(ProcessStartInfo startInfo)
   在 System.Diagnostics.Process.Start(String fileName)
   在 LPReplayCore.UnitTest.TestUtility.LaunchQTCalculator() 位置 c:\Users\zack\.jenkins\workspace\LAP\LAP\src\LPReplayCore\UnitTest\TestUtility.cs:行号 51
   在 LPReplayCore.UnitTest.UIAHighlightTest.Init(TestContext context) 位置 c:\Users\zack\.jenkins\workspace\LAP\LAP\src\LPReplayCore\UnitTest\UIAHighlightTest.cs:行号 27
</StackTrace>
        </ErrorInfo>
      </Output>
    </UnitTestResult>
    <UnitTestResult executionId="215fd6dd-666b-420a-9f99-e49c2d95df43" testId="0207a86a-27b3-381d-dba5-b6c7970ab1d2" testName="UIAHighlight_SearchandHighlight_Virtual" computerName="ZACK-PC" startTime="2016-04-08T08:11:47.2158532+08:00" endTime="2016-04-08T08:11:47.2158532+08:00" testType="13cdc9d9-ddb5-4fa4-a97d-d965ccfc6d4b" outcome="Failed" testListId="8c84fa94-04c1-424b-9868-57a2d4851a1d" relativeResultsDirectory="215fd6dd-666b-420a-9f99-e49c2d95df43">
      <Output>
        <ErrorInfo>
          <Message>类初始化方法 LPReplayCore.UnitTest.UIAHighlightTest.Init 引发异常。System.ComponentModel.Win32Exception:  System.ComponentModel.Win32Exception: 系统找不到指定的文件。。</Message>
          <StackTrace>    在 System.Diagnostics.Process.StartWithShellExecuteEx(ProcessStartInfo startInfo)
   在 System.Diagnostics.Process.Start()
   在 System.Diagnostics.Process.Start(ProcessStartInfo startInfo)
   在 System.Diagnostics.Process.Start(String fileName)
   在 LPReplayCore.UnitTest.TestUtility.LaunchQTCalculator() 位置 c:\Users\zack\.jenkins\workspace\LAP\LAP\src\LPReplayCore\UnitTest\TestUtility.cs:行号 51
   在 LPReplayCore.UnitTest.UIAHighlightTest.Init(TestContext context) 位置 c:\Users\zack\.jenkins\workspace\LAP\LAP\src\LPReplayCore\UnitTest\UIAHighlightTest.cs:行号 27
</StackTrace>
        </ErrorInfo>
      </Output>
    </UnitTestResult>
    <UnitTestResult executionId="39980464-b83a-4ff7-9d24-b811127f7ff5" testId="4245cd78-e7a3-2f83-faed-51e12e8903ea" testName="UIATestObject_CachedProperties" computerName="ZACK-PC" duration="00:00:00.0021409" startTime="2016-04-08T08:11:47.2314638+08:00" endTime="2016-04-08T08:11:47.2314638+08:00" testType="13cdc9d9-ddb5-4fa4-a97d-d965ccfc6d4b" outcome="Passed" testListId="8c84fa94-04c1-424b-9868-57a2d4851a1d" relativeResultsDirectory="39980464-b83a-4ff7-9d24-b811127f7ff5">
      <Output>
        <DebugTrace>1
</DebugTrace>
      </Output>
    </UnitTestResult>
    <UnitTestResult executionId="81ae7513-9682-4706-a668-2519dd53c03d" testId="e07a50f7-bf06-a4cf-6c63-c92a68994d49" testName="UIATestObject_ControlTypeAssign" computerName="ZACK-PC" duration="00:00:00.0003923" startTime="2016-04-08T08:11:47.2314638+08:00" endTime="2016-04-08T08:11:47.2314638+08:00" testType="13cdc9d9-ddb5-4fa4-a97d-d965ccfc6d4b" outcome="Passed" testListId="8c84fa94-04c1-424b-9868-57a2d4851a1d" relativeResultsDirectory="81ae7513-9682-4706-a668-2519dd53c03d">
    </UnitTestResult>
    <UnitTestResult executionId="73a23821-5e5e-4abd-8f1e-f085472babe9" testId="1133ba44-cb15-372f-e1e0-a3ef4ba7e538" testName="UIATestObject_ControlTypeInit" computerName="ZACK-PC" duration="00:00:00.0002495" startTime="2016-04-08T08:11:47.2470884+08:00" endTime="2016-04-08T08:11:47.2470884+08:00" testType="13cdc9d9-ddb5-4fa4-a97d-d965ccfc6d4b" outcome="Passed" testListId="8c84fa94-04c1-424b-9868-57a2d4851a1d" relativeResultsDirectory="73a23821-5e5e-4abd-8f1e-f085472babe9">
    </UnitTestResult>
    <UnitTestResult executionId="8eacff37-1f40-45ef-8d86-498aae5bb0ab" testId="7462445f-e6f2-1eaf-eb9a-027b3e3816e9" testName="UIATestObject_FindRecursive" computerName="ZACK-PC" duration="00:00:00.0010949" startTime="2016-04-08T08:11:47.2470884+08:00" endTime="2016-04-08T08:11:47.2470884+08:00" testType="13cdc9d9-ddb5-4fa4-a97d-d965ccfc6d4b" outcome="Passed" testListId="8c84fa94-04c1-424b-9868-57a2d4851a1d" relativeResultsDirectory="8eacff37-1f40-45ef-8d86-498aae5bb0ab">
      <Output>
        <DebugTrace>1
</DebugTrace>
      </Output>
    </UnitTestResult>
    <UnitTestResult executionId="7c4d25c9-f0e4-48ec-836e-61ba1c794e4c" testId="4c0403ce-8329-fe2d-6b9d-a323d4461880" testName="UIATestObject_GetContext" computerName="ZACK-PC" duration="00:00:00.0003083" startTime="2016-04-08T08:11:47.2470884+08:00" endTime="2016-04-08T08:11:47.2470884+08:00" testType="13cdc9d9-ddb5-4fa4-a97d-d965ccfc6d4b" outcome="Passed" testListId="8c84fa94-04c1-424b-9868-57a2d4851a1d" relativeResultsDirectory="7c4d25c9-f0e4-48ec-836e-61ba1c794e4c">
    </UnitTestResult>
    <UnitTestResult executionId="d9e61b96-d403-460b-a14f-96afb48f34a1" testId="73b0abb0-79b4-6104-975b-b9e38791d952" testName="UIATestObject_NoCachedProperties" computerName="ZACK-PC" duration="00:00:00.0010688" startTime="2016-04-08T08:11:47.2470884+08:00" endTime="2016-04-08T08:11:47.2470884+08:00" testType="13cdc9d9-ddb5-4fa4-a97d-d965ccfc6d4b" outcome="Passed" testListId="8c84fa94-04c1-424b-9868-57a2d4851a1d" relativeResultsDirectory="d9e61b96-d403-460b-a14f-96afb48f34a1">
      <Output>
        <DebugTrace>1
</DebugTrace>
      </Output>
    </UnitTestResult>
    <UnitTestResult executionId="78ec8ee7-924a-4b4d-88ef-a9e24cbfc6fd" testId="ded679bf-0bc0-0df6-a237-9efe66a98668" testName="UIATestObject_SetContext" computerName="ZACK-PC" duration="00:00:00.0003760" startTime="2016-04-08T08:11:47.2627139+08:00" endTime="2016-04-08T08:11:47.2627139+08:00" testType="13cdc9d9-ddb5-4fa4-a97d-d965ccfc6d4b" outcome="Passed" testListId="8c84fa94-04c1-424b-9868-57a2d4851a1d" relativeResultsDirectory="78ec8ee7-924a-4b4d-88ef-a9e24cbfc6fd">
    </UnitTestResult>
    <UnitTestResult executionId="f7fb1c6a-5546-4b2f-9e66-785d2cd1ff7e" testId="b6ef410f-533e-0cbb-3af1-0eeda023335d" testName="ButtonToAutomationElementTest" computerName="ZACK-PC" startTime="2016-04-08T08:11:47.2627139+08:00" endTime="2016-04-08T08:11:47.2627139+08:00" testType="13cdc9d9-ddb5-4fa4-a97d-d965ccfc6d4b" testListId="8c84fa94-04c1-424b-9868-57a2d4851a1d" relativeResultsDirectory="f7fb1c6a-5546-4b2f-9e66-785d2cd1ff7e">
      <Output>
        <ErrorInfo>
          <Message>方法 LPReplayCore.UnitTest.UIAUtilityTest.ClassInitialize 具有错误的签名。  该方法应标记为静态。</Message>
        </ErrorInfo>
      </Output>
    </UnitTestResult>
    <UnitTestResult executionId="2a77099f-2a5b-478f-bb7b-af0aa7586f78" testId="80bf6e8f-a0d5-2309-3904-5d5ee695851d" testName="UIAUtility_GetElementLine" computerName="ZACK-PC" startTime="2016-04-08T08:11:47.2627139+08:00" endTime="2016-04-08T08:11:47.2627139+08:00" testType="13cdc9d9-ddb5-4fa4-a97d-d965ccfc6d4b" testListId="8c84fa94-04c1-424b-9868-57a2d4851a1d" relativeResultsDirectory="2a77099f-2a5b-478f-bb7b-af0aa7586f78">
      <Output>
        <ErrorInfo>
          <Message>方法 LPReplayCore.UnitTest.UIAUtilityTest.ClassInitialize 具有错误的签名。  该方法应标记为静态。</Message>
        </ErrorInfo>
      </Output>
    </UnitTestResult>
    <UnitTestResult executionId="0c97d3cf-9c96-4660-9529-b62d92a2f948" testId="7c4bf3f0-afb5-543b-69d0-b079ed916be7" testName="Utility_GetBinDirectory" computerName="ZACK-PC" duration="00:00:00.0003163" startTime="2016-04-08T08:11:47.2783395+08:00" endTime="2016-04-08T08:11:47.2783395+08:00" testType="13cdc9d9-ddb5-4fa4-a97d-d965ccfc6d4b" outcome="Passed" testListId="8c84fa94-04c1-424b-9868-57a2d4851a1d" relativeResultsDirectory="0c97d3cf-9c96-4660-9529-b62d92a2f948">
      <Output>
        <StdOut>C:\Users\zack\.jenkins\workspace\LAP-Unittest\bin\Debug</StdOut>
      </Output>
    </UnitTestResult>
    <UnitTestResult executionId="3ab68f0d-bcd0-43f1-a1d2-afe35f73942c" testId="64545cbe-8169-21ee-dd06-8043e3ab9f18" testName="VirtualTestObject_AreEqual" computerName="ZACK-PC" duration="00:00:00.0010524" startTime="2016-04-08T08:11:47.2783395+08:00" endTime="2016-04-08T08:11:47.2783395+08:00" testType="13cdc9d9-ddb5-4fa4-a97d-d965ccfc6d4b" outcome="Passed" testListId="8c84fa94-04c1-424b-9868-57a2d4851a1d" relativeResultsDirectory="3ab68f0d-bcd0-43f1-a1d2-afe35f73942c">
    </UnitTestResult>
    <UnitTestResult executionId="f4c06720-881a-47b0-8184-5e9002341c82" testId="b27c0857-e915-29d8-bc21-8727c065d282" testName="VirtualTestObject_CreateTestObject" computerName="ZACK-PC" duration="00:00:00.0011346" startTime="2016-04-08T08:11:47.2783395+08:00" endTime="2016-04-08T08:11:47.2783395+08:00" testType="13cdc9d9-ddb5-4fa4-a97d-d965ccfc6d4b" outcome="Passed" testListId="8c84fa94-04c1-424b-9868-57a2d4851a1d" relativeResultsDirectory="f4c06720-881a-47b0-8184-5e9002341c82">
    </UnitTestResult>
    <UnitTestResult executionId="f5311c31-8077-4c07-a3c4-e709813bc508" testId="e161035b-692d-0a1b-c6cb-eadb8a1b4c3f" testName="VirtualTestObject_ctor" computerName="ZACK-PC" duration="00:00:00.0003004" startTime="2016-04-08T08:11:47.2939631+08:00" endTime="2016-04-08T08:11:47.2939631+08:00" testType="13cdc9d9-ddb5-4fa4-a97d-d965ccfc6d4b" outcome="Passed" testListId="8c84fa94-04c1-424b-9868-57a2d4851a1d" relativeResultsDirectory="f5311c31-8077-4c07-a3c4-e709813bc508">
    </UnitTestResult>
    <UnitTestResult executionId="b4df0e5c-30ea-4475-8f4e-897f998fa882" testId="7beb1823-c3d8-7431-998c-94e14c4d1e29" testName="VirtualTestObject_GetDescriptor" computerName="ZACK-PC" duration="00:00:00.0002953" startTime="2016-04-08T08:11:47.2939631+08:00" endTime="2016-04-08T08:11:47.2939631+08:00" testType="13cdc9d9-ddb5-4fa4-a97d-d965ccfc6d4b" outcome="Passed" testListId="8c84fa94-04c1-424b-9868-57a2d4851a1d" relativeResultsDirectory="b4df0e5c-30ea-4475-8f4e-897f998fa882">
      <Output>
        <DebugTrace>LPReplayCore.Model.ObjectDescriptor
</DebugTrace>
      </Output>
    </UnitTestResult>
    <UnitTestResult executionId="355f400d-24f1-465a-927a-e5e6678fbcd3" testId="49a46931-7d32-319e-e17f-ddd50f87c089" testName="VirtualTestObject_Properties" computerName="ZACK-PC" duration="00:00:00.0002024" startTime="2016-04-08T08:11:47.2939631+08:00" endTime="2016-04-08T08:11:47.2939631+08:00" testType="13cdc9d9-ddb5-4fa4-a97d-d965ccfc6d4b" outcome="Passed" testListId="8c84fa94-04c1-424b-9868-57a2d4851a1d" relativeResultsDirectory="355f400d-24f1-465a-927a-e5e6678fbcd3">
    </UnitTestResult>
    <UnitTestResult executionId="d36aa0e5-8553-4609-beec-45095e16b7e3" testId="339df328-80bf-8d02-d286-bb96bb7dd8b1" testName="VirtualTestObject_StringRectToRect" computerName="ZACK-PC" duration="00:00:00.0014551" startTime="2016-04-08T08:11:47.3095915+08:00" endTime="2016-04-08T08:11:47.3095915+08:00" testType="13cdc9d9-ddb5-4fa4-a97d-d965ccfc6d4b" outcome="Passed" testListId="8c84fa94-04c1-424b-9868-57a2d4851a1d" relativeResultsDirectory="d36aa0e5-8553-4609-beec-45095e16b7e3">
    </UnitTestResult>
    <UnitTestResult executionId="bc9ca06f-d60a-45c8-bd66-dc4dc1356b43" testId="22bbfd8d-1aad-bbee-4ddd-69f2c2998265" testName="ControlSearcher_GetCondition" computerName="ZACK-PC" duration="00:00:00.0021007" startTime="2016-04-08T08:11:47.3095915+08:00" endTime="2016-04-08T08:11:47.3408603+08:00" testType="13cdc9d9-ddb5-4fa4-a97d-d965ccfc6d4b" outcome="Passed" testListId="8c84fa94-04c1-424b-9868-57a2d4851a1d" relativeResultsDirectory="bc9ca06f-d60a-45c8-bd66-dc4dc1356b43">
      <Output>
        <DebugTrace>1
</DebugTrace>
      </Output>
    </UnitTestResult>
    <UnitTestResult executionId="42e086da-7a36-4fe9-90e7-281214c0a782" testId="41241e95-695d-4548-089e-82b57a4e66f8" testName="ControlSearcher_GetTOTest" computerName="ZACK-PC" duration="00:00:00.0003778" startTime="2016-04-08T08:11:47.3408603+08:00" endTime="2016-04-08T08:11:47.3408603+08:00" testType="13cdc9d9-ddb5-4fa4-a97d-d965ccfc6d4b" outcome="Passed" testListId="8c84fa94-04c1-424b-9868-57a2d4851a1d" relativeResultsDirectory="42e086da-7a36-4fe9-90e7-281214c0a782">
    </UnitTestResult>
    <UnitTestResult executionId="5b7465fd-2b5d-4c93-9ba5-451140ca1aba" testId="bd27e7bc-b3d9-ba13-5163-f038dc399402" testName="CodeGenerator_GetFullPathName" computerName="ZACK-PC" duration="00:00:00.0001413" startTime="2016-04-08T08:11:47.3408603+08:00" endTime="2016-04-08T08:11:47.3408603+08:00" testType="13cdc9d9-ddb5-4fa4-a97d-d965ccfc6d4b" outcome="Passed" testListId="8c84fa94-04c1-424b-9868-57a2d4851a1d" relativeResultsDirectory="5b7465fd-2b5d-4c93-9ba5-451140ca1aba">
    </UnitTestResult>
    <UnitTestResult executionId="293fd5cb-2336-4195-803f-3b37571f75fd" testId="be2e9024-0a3e-e4e6-858a-49a5c04b16c8" testName="ElementProperties_DeriveName" computerName="ZACK-PC" duration="00:00:00.0012386" startTime="2016-04-08T08:11:47.3564644+08:00" endTime="2016-04-08T08:11:47.3564644+08:00" testType="13cdc9d9-ddb5-4fa4-a97d-d965ccfc6d4b" outcome="Passed" testListId="8c84fa94-04c1-424b-9868-57a2d4851a1d" relativeResultsDirectory="293fd5cb-2336-4195-803f-3b37571f75fd">
    </UnitTestResult>
    <UnitTestResult executionId="ba5eec88-9aef-436f-a25f-daf696ed62dd" testId="49c93ea0-ca1c-698b-98f4-9da5f5459b61" testName="ElementProperties_DeriveName1" computerName="ZACK-PC" duration="00:00:00.0002999" startTime="2016-04-08T08:11:47.3564644+08:00" endTime="2016-04-08T08:11:47.3564644+08:00" testType="13cdc9d9-ddb5-4fa4-a97d-d965ccfc6d4b" outcome="Passed" testListId="8c84fa94-04c1-424b-9868-57a2d4851a1d" relativeResultsDirectory="ba5eec88-9aef-436f-a25f-daf696ed62dd">
    </UnitTestResult>
    <UnitTestResult executionId="4d0ae277-0b4b-4c7c-8b27-97a7a419568f" testId="dffb5d99-a41d-4b1a-7119-1b2bcb397fbc" testName="ElementProperties_ToNurseObject" computerName="ZACK-PC" duration="00:00:00.0028075" startTime="2016-04-08T08:11:47.3564644+08:00" endTime="2016-04-08T08:11:47.3720932+08:00" testType="13cdc9d9-ddb5-4fa4-a97d-d965ccfc6d4b" outcome="Failed" testListId="8c84fa94-04c1-424b-9868-57a2d4851a1d" relativeResultsDirectory="4d0ae277-0b4b-4c7c-8b27-97a7a419568f">
      <Output>
        <ErrorInfo>
          <Message>Assert.AreEqual 失败。应为: &lt;3&gt;，实际为: &lt;4&gt;。</Message>
          <StackTrace>   在 LPUIAObjects.UnitTest.ElementPropertiesTest.ElementProperties_ToNurseObject() 位置 c:\Users\zack\.jenkins\workspace\LAP\LAP\src\LPUIAObjects\UnitTest\ElementPropertiesTest.cs:行号 31
</StackTrace>
        </ErrorInfo>
      </Output>
    </UnitTestResult>
    <UnitTestResult executionId="bb787dd4-501e-4f66-8627-302ea71526da" testId="ae14e43c-5b64-cfb9-cf0b-866dd1d6628d" testName="ElementProperties_ToNurseObject2" computerName="ZACK-PC" duration="00:00:00.0003289" startTime="2016-04-08T08:11:47.3720932+08:00" endTime="2016-04-08T08:11:47.3720932+08:00" testType="13cdc9d9-ddb5-4fa4-a97d-d965ccfc6d4b" outcome="Passed" testListId="8c84fa94-04c1-424b-9868-57a2d4851a1d" relativeResultsDirectory="bb787dd4-501e-4f66-8627-302ea71526da">
    </UnitTestResult>
    <UnitTestResult executionId="e95995ae-1e16-49fb-89ee-6c4dc8f7c5ab" testId="7e008783-696f-7a74-d393-2256901543c2" testName="UIAConditionMatcher_Match_Positive" computerName="ZACK-PC" duration="00:00:00.0816761" startTime="2016-04-08T08:11:47.3720932+08:00" endTime="2016-04-08T08:11:47.4938999+08:00" testType="13cdc9d9-ddb5-4fa4-a97d-d965ccfc6d4b" outcome="Failed" testListId="8c84fa94-04c1-424b-9868-57a2d4851a1d" relativeResultsDirectory="e95995ae-1e16-49fb-89ee-6c4dc8f7c5ab">
      <Output>
        <ErrorInfo>
          <Message>Assert.IsNotNull 失败。Target element is not found, has Calculator.exe process launched?</Message>
          <StackTrace>   在 LPUIAObjects.UnitTest.UIAConditionMatcherTest.UIAConditionMatcher_Match_Positive() 位置 c:\Users\zack\.jenkins\workspace\LAP\LAP\src\LPUIAObjects\UnitTest\UIAConditionMatcherTest.cs:行号 36
</StackTrace>
        </ErrorInfo>
      </Output>
    </UnitTestResult>
    <UnitTestResult executionId="bf1f92bc-f444-4783-bb1b-b5c2aca1f1f2" testId="e9b20887-1981-f22c-2538-a089cd98e84f" testName="AppModelManager_LoadFull" computerName="ZACK-PC" duration="00:00:00.0008910" startTime="2016-04-08T08:11:47.4969015+08:00" endTime="2016-04-08T08:11:47.4989034+08:00" testType="13cdc9d9-ddb5-4fa4-a97d-d965ccfc6d4b" outcome="Passed" testListId="8c84fa94-04c1-424b-9868-57a2d4851a1d" relativeResultsDirectory="bf1f92bc-f444-4783-bb1b-b5c2aca1f1f2">
      <Output>
        <DebugTrace>1
</DebugTrace>
      </Output>
    </UnitTestResult>
    <UnitTestResult executionId="fb896536-6574-48c0-9395-aa5281580c93" testId="27f64c6d-065a-5bd9-4af6-27cfcbf5e1ef" testName="UIACondition_CachedProperties" computerName="ZACK-PC" duration="00:00:00.0005304" startTime="2016-04-08T08:11:47.5019224+08:00" endTime="2016-04-08T08:11:47.5029044+08:00" testType="13cdc9d9-ddb5-4fa4-a97d-d965ccfc6d4b" outcome="Passed" testListId="8c84fa94-04c1-424b-9868-57a2d4851a1d" relativeResultsDirectory="fb896536-6574-48c0-9395-aa5281580c93">
    </UnitTestResult>
    <UnitTestResult executionId="ab730515-8c6c-4d97-9975-66163b7646f4" testId="3e50168e-3f2d-ece2-137d-dd69787f3922" testName="UIACondition_NormalizeCachedProperties" computerName="ZACK-PC" duration="00:00:00.0005575" startTime="2016-04-08T08:11:47.5069068+08:00" endTime="2016-04-08T08:11:47.5079080+08:00" testType="13cdc9d9-ddb5-4fa4-a97d-d965ccfc6d4b" outcome="Passed" testListId="8c84fa94-04c1-424b-9868-57a2d4851a1d" relativeResultsDirectory="ab730515-8c6c-4d97-9975-66163b7646f4">
    </UnitTestResult>
    <UnitTestResult executionId="b842e8e1-5111-4cd4-a2ca-8ed3cc3dba80" testId="b8196642-95eb-6100-6d89-ea33e8152baa" testName="UIAEdit_Text" computerName="ZACK-PC" startTime="2016-04-08T08:11:47.5119122+08:00" endTime="2016-04-08T08:11:47.5139108+08:00" testType="13cdc9d9-ddb5-4fa4-a97d-d965ccfc6d4b" outcome="Failed" testListId="8c84fa94-04c1-424b-9868-57a2d4851a1d" relativeResultsDirectory="b842e8e1-5111-4cd4-a2ca-8ed3cc3dba80">
      <Output>
        <ErrorInfo>
          <Message>类初始化方法 LPUIAObjects.UnitTest.UIAEditTest.Init 引发异常。System.ComponentModel.Win32Exception:  System.ComponentModel.Win32Exception: 系统找不到指定的文件。。</Message>
          <StackTrace>    在 System.Diagnostics.Process.StartWithShellExecuteEx(ProcessStartInfo startInfo)
   在 System.Diagnostics.Process.Start()
   在 System.Diagnostics.Process.Start(ProcessStartInfo startInfo)
   在 System.Diagnostics.Process.Start(String fileName)
   在 LPReplayCore.UnitTest.TestUtility.LaunchQTCalculator() 位置 c:\Users\zack\.jenkins\workspace\LAP\LAP\src\LPReplayCore\UnitTest\TestUtility.cs:行号 51
   在 LPUIAObjects.UnitTest.UIAEditTest.Init(TestContext context) 位置 c:\Users\zack\.jenkins\workspace\LAP\LAP\src\LPUIAObjects\UnitTest\UnitTest1.cs:行号 17
</StackTrace>
        </ErrorInfo>
      </Output>
    </UnitTestResult>
    <UnitTestResult executionId="416bf937-6b48-4f07-bf42-43fa6a92e7d4" testId="95e7b9a9-2d5c-239d-2d4f-f0e1e7fbeeec" testName="TestDragAndDrop" computerName="ZACK-PC" duration="00:00:11.9477694" startTime="2016-04-08T08:11:47.5179151+08:00" endTime="2016-04-08T08:11:59.4711891+08:00" testType="13cdc9d9-ddb5-4fa4-a97d-d965ccfc6d4b" outcome="Passed" testListId="8c84fa94-04c1-424b-9868-57a2d4851a1d" relativeResultsDirectory="416bf937-6b48-4f07-bf42-43fa6a92e7d4">
    </UnitTestResult>
    <UnitTestResult executionId="a2cd0510-25b7-498f-ae18-94e5a50577b8" testId="cef86e1f-ac14-f1f1-3473-9f1c6fa2dea3" testName="TestDragAndDrop2" computerName="ZACK-PC" duration="00:00:08.5558629" startTime="2016-04-08T08:11:59.4771929+08:00" endTime="2016-04-08T08:12:08.0339208+08:00" testType="13cdc9d9-ddb5-4fa4-a97d-d965ccfc6d4b" outcome="Passed" testListId="8c84fa94-04c1-424b-9868-57a2d4851a1d" relativeResultsDirectory="a2cd0510-25b7-498f-ae18-94e5a50577b8">
    </UnitTestResult>
    <UnitTestResult executionId="58352a07-e2c2-4f7b-9418-3a5bef0abebd" testId="fee81fe5-1f17-9495-cdfd-47a9b68650c0" testName="TestDragAndDrop3" computerName="ZACK-PC" duration="00:00:05.6877877" startTime="2016-04-08T08:12:08.0419452+08:00" endTime="2016-04-08T08:12:13.7314428+08:00" testType="13cdc9d9-ddb5-4fa4-a97d-d965ccfc6d4b" outcome="Passed" testListId="8c84fa94-04c1-424b-9868-57a2d4851a1d" relativeResultsDirectory="58352a07-e2c2-4f7b-9418-3a5bef0abebd">
    </UnitTestResult>
    <UnitTestResult executionId="5cafa882-2b53-4247-89d8-9691446afd60" testId="a902c186-16b8-27c4-8912-224d9d164eb6" testName="TestDragAndDrop4" computerName="ZACK-PC" duration="00:00:05.8939699" startTime="2016-04-08T08:12:13.7374475+08:00" endTime="2016-04-08T08:12:19.6278037+08:00" testType="13cdc9d9-ddb5-4fa4-a97d-d965ccfc6d4b" outcome="Failed" testListId="8c84fa94-04c1-424b-9868-57a2d4851a1d" relativeResultsDirectory="5cafa882-2b53-4247-89d8-9691446afd60">
      <Output>
        <ErrorInfo>
          <Message>测试方法 LPWebObjects.UnitTest.SeleniumTest.TestDragAndDrop4 引发了异常: 
System.InvalidOperationException: unknown error: Runtime.evaluate threw exception: SyntaxError: Unexpected identifier
    at Object.InjectedScript._evaluateOn (&lt;anonymous&gt;:878:140)
    at Object.InjectedScript._evaluateAndWrap (&lt;anonymous&gt;:811:34)
    at Object.InjectedScript.evaluate (&lt;anonymous&gt;:667:21)
  (Session info: chrome=49.0.2623.110)
  (Driver info: chromedriver=2.20.353145 (343b531d31eeb933ec778dbcf7081628a1396067),platform=Windows NT 6.3 x86_64)</Message>
          <StackTrace>    在 OpenQA.Selenium.Remote.RemoteWebDriver.UnpackAndThrowOnError(Response errorResponse) 位置 c:\Projects\webdriver\dotnet\src\webdriver\Remote\RemoteWebDriver.cs:行号 1179
   在 OpenQA.Selenium.Remote.RemoteWebDriver.Execute(String driverCommandToExecute, Dictionary`2 parameters) 位置 c:\Projects\webdriver\dotnet\src\webdriver\Remote\RemoteWebDriver.cs:行号 979
   在 OpenQA.Selenium.Remote.RemoteWebDriver.ExecuteScriptCommand(String script, String commandName, Object[] args) 位置 c:\Projects\webdriver\dotnet\src\webdriver\Remote\RemoteWebDriver.cs:行号 1063
   在 OpenQA.Selenium.Remote.RemoteWebDriver.ExecuteScript(String script, Object[] args) 位置 c:\Projects\webdriver\dotnet\src\webdriver\Remote\RemoteWebDriver.cs:行号 444
   在 LPWebObjects.UnitTest.SeleniumTest.TestDragAndDrop4() 位置 c:\Users\zack\.jenkins\workspace\LAP\LAP\src\LPWebObjects\UnitTest\SeleniumTest.cs:行号 155
</StackTrace>
        </ErrorInfo>
      </Output>
    </UnitTestResult>
    <UnitTestResult executionId="c5806986-28fc-41a5-acfe-6f671f3bccf9" testId="745c7873-f671-a4be-e896-27310952f934" testName="TestDragAndDrop5" computerName="ZACK-PC" duration="00:00:06.8125789" startTime="2016-04-08T08:12:19.6278037+08:00" endTime="2016-04-08T08:12:26.4478849+08:00" testType="13cdc9d9-ddb5-4fa4-a97d-d965ccfc6d4b" outcome="Passed" testListId="8c84fa94-04c1-424b-9868-57a2d4851a1d" relativeResultsDirectory="c5806986-28fc-41a5-acfe-6f671f3bccf9">
    </UnitTestResult>
    <UnitTestResult executionId="bf467afe-f72d-4bc9-b71c-64740931f5d9" testId="e3aec1bf-9e06-4914-8bbc-6e499581254b" testName="TestDragAndDrop6" computerName="ZACK-PC" duration="00:00:06.8578427" startTime="2016-04-08T08:12:26.4578930+08:00" endTime="2016-04-08T08:12:33.3131628+08:00" testType="13cdc9d9-ddb5-4fa4-a97d-d965ccfc6d4b" outcome="Passed" testListId="8c84fa94-04c1-424b-9868-57a2d4851a1d" relativeResultsDirectory="bf467afe-f72d-4bc9-b71c-64740931f5d9">
    </UnitTestResult>
    <UnitTestResult executionId="5b73dff8-f4f7-4452-9699-c0bfdf5f52ec" testId="2d031042-14c7-6c2e-fca6-b2a4f8b1fea1" testName="TestMethod4" computerName="ZACK-PC" duration="00:00:04.1905617" startTime="2016-04-08T08:12:33.3131628+08:00" endTime="2016-04-08T08:12:37.5124291+08:00" testType="13cdc9d9-ddb5-4fa4-a97d-d965ccfc6d4b" outcome="Passed" testListId="8c84fa94-04c1-424b-9868-57a2d4851a1d" relativeResultsDirectory="5b73dff8-f4f7-4452-9699-c0bfdf5f52ec">
      <Output>
        <DebugTrace>6
</DebugTrace>
      </Output>
    </UnitTestResult>
    <UnitTestResult executionId="b863003d-f0ab-443f-81a8-ab0511ced86e" testId="93ed0d6c-3993-57c6-f48d-6ab1ec65e749" testName="WebControl_DragDrop" computerName="ZACK-PC" duration="00:00:11.1240348" startTime="2016-04-08T08:12:37.5184338+08:00" endTime="2016-04-08T08:12:48.6431498+08:00" testType="13cdc9d9-ddb5-4fa4-a97d-d965ccfc6d4b" outcome="Passed" testListId="8c84fa94-04c1-424b-9868-57a2d4851a1d" relativeResultsDirectory="b863003d-f0ab-443f-81a8-ab0511ced86e">
      <Output>
        <DebugTrace>6
</DebugTrace>
      </Output>
    </UnitTestResult>
    <UnitTestResult executionId="2810f603-1b20-406e-a3ba-25be52de99c6" testId="9293972c-2abb-43c7-4315-15c5f6165ee3" testName="WebControl_FlightTour_Book" computerName="ZACK-PC" duration="00:00:01.1232660" startTime="2016-04-08T08:12:48.6491522+08:00" endTime="2016-04-08T08:12:49.7722293+08:00" testType="13cdc9d9-ddb5-4fa4-a97d-d965ccfc6d4b" outcome="Failed" testListId="8c84fa94-04c1-424b-9868-57a2d4851a1d" relativeResultsDirectory="2810f603-1b20-406e-a3ba-25be52de99c6">
      <Output>
        <DebugTrace>6
</DebugTrace>
        <ErrorInfo>
          <Message>测试方法 LPWebObjects.UnitTest.WebControlTest.WebControl_FlightTour_Book 引发了异常: 
System.ArgumentOutOfRangeException: 索引超出范围。必须为非负值并小于集合大小。
参数名: index</Message>
          <StackTrace>    在 System.ThrowHelper.ThrowArgumentOutOfRangeException()
   在 System.Collections.Generic.List`1.get_Item(Int32 index)
   在 System.Collections.ObjectModel.ReadOnlyCollection`1.get_Item(Int32 index)
   在 LPReplayCore.Web.SETestObject.get_SEWebElement() 位置 c:\Users\zack\.jenkins\workspace\LAP\LAP\src\LPReplayCore\Selenium\SETestObject.cs:行号 308
   在 LPWebObjects.Controls.WebEdit.TypeText(String Text) 位置 c:\Users\zack\.jenkins\workspace\LAP\LAP\src\LPWebObjects\Controls\WebEdit.cs:行号 65
   在 LPWebObjects.UnitTest.WebControlTest.WebControl_FlightTour_Book() 位置 c:\Users\zack\.jenkins\workspace\LAP\LAP\src\LPWebObjects\UnitTest\WebControlTest.cs:行号 29
</StackTrace>
        </ErrorInfo>
      </Output>
    </UnitTestResult>
    <UnitTestResult executionId="8fa06df1-3ac3-49d9-9a11-ba2fc6c09530" testId="96765513-b409-77a6-3bae-c21f04e40ac9" testName="WebControl_FlightTour_Login" computerName="ZACK-PC" duration="00:00:05.5167386" startTime="2016-04-08T08:12:49.7722293+08:00" endTime="2016-04-08T08:12:55.2942664+08:00" testType="13cdc9d9-ddb5-4fa4-a97d-d965ccfc6d4b" outcome="Passed" testListId="8c84fa94-04c1-424b-9868-57a2d4851a1d" relativeResultsDirectory="8fa06df1-3ac3-49d9-9a11-ba2fc6c09530">
      <Output>
        <DebugTrace>6
</DebugTrace>
      </Output>
    </UnitTestResult>
  </Results>
</TestRun>