<?xml version="1.0" encoding="UTF-8"?>
<!-- Generated by org.testng.reporters.JUnitReportReporter -->
<testsuite hostname="zack-pc" name="cn.leanpro.pageobjects.Test.TestABC" tests="1" failures="0" timestamp="26 Jan 2016 02:32:08 GMT" time="0.014" errors="0">
  <testcase name="testAAA" time="0.014" classname="cn.leanpro.pageobjects.Test.TestABC"/>
</testsuite> <!-- cn.leanpro.pageobjects.Test.TestABC -->
